#
# A fatal error has been detected by the Java Runtime Environment:
#
#  EXCEPTION_ACCESS_VIOLATION (0xc0000005) at pc=0x00007ffdb8c04879, pid=12492, tid=28452
#
# JRE version: OpenJDK Runtime Environment AdoptOpenJDK-11.0.11+9 (11.0.11+9) (build 11.0.11+9)
# Java VM: OpenJDK 64-Bit Server VM AdoptOpenJDK-11.0.11+9 (11.0.11+9, mixed mode, tiered, compressed oops, g1 gc, windows-amd64)
# Problematic frame:
# C  [javafx_font.dll+0x4879]
#
# No core dump will be written. Minidumps are not enabled by default on client versions of Windows
#
# If you would like to submit a bug report, please visit:
#   https://github.com/AdoptOpenJDK/openjdk-support/issues
# The crash happened outside the Java Virtual Machine in native code.
# See problematic frame for where to report the bug.
#

---------------  S U M M A R Y ------------

Command Line: -Djava.io.tmpdir=C:\Users\pece\AppData\Local\Temp\jbd_tmp_1915519529521612082 -Djava.rmi.server.hostname=127.0.0.1 com.machinepublishers.jbrowserdriver.JBrowserDriverServer -1 -2 -3

Host: Intel(R) Core(TM) i7-10750H CPU @ 2.60GHz, 12 cores, 15G,  Windows 10 , 64 bit Build 19041 (10.0.19041.928)
Time: Mon May 24 22:16:44 2021 Västeuropa, sommartid elapsed time: 13.336011 seconds (0d 0h 0m 13s)

---------------  T H R E A D  ---------------

Current thread (0x00000160e359d800):  JavaThread "JavaFX Application Thread" daemon [_thread_in_native, id=28452, stack(0x0000003e4e800000,0x0000003e4e900000)]

Stack: [0x0000003e4e800000,0x0000003e4e900000],  sp=0x0000003e4e8fe110,  free space=1016k
Native frames: (J=compiled Java code, j=interpreted, Vv=VM code, C=native code)
C  [javafx_font.dll+0x4879]

Java frames: (J=compiled Java code, j=interpreted, Vv=VM code)
j  com.sun.javafx.font.directwrite.OS.CreateBitmap(JIIII)J+0
j  com.sun.javafx.font.directwrite.IWICImagingFactory.CreateBitmap(IIII)Lcom/sun/javafx/font/directwrite/IWICBitmap;+9
j  com.sun.javafx.font.directwrite.DWGlyph.createBitmap(II)Lcom/sun/javafx/font/directwrite/IWICBitmap;+10
j  com.sun.javafx.font.directwrite.DWGlyph.getCachedBitmap()Lcom/sun/javafx/font/directwrite/IWICBitmap;+13
j  com.sun.javafx.font.directwrite.DWGlyph.getD2DMask(FFZ)[B+117
j  com.sun.javafx.font.directwrite.DWGlyph.getPixelData(I)[B+94
j  com.sun.prism.sw.SWGraphics.drawGlyph(Lcom/sun/javafx/font/FontStrike;Lcom/sun/javafx/scene/text/GlyphList;ILcom/sun/javafx/geom/transform/BaseTransform;ZFF)V+85
j  com.sun.prism.sw.SWGraphics.drawString(Lcom/sun/javafx/scene/text/GlyphList;Lcom/sun/javafx/font/FontStrike;FFLcom/sun/prism/paint/Color;II)V+352
j  com.sun.javafx.webkit.prism.WCGraphicsPrismContext$10.doPaint(Lcom/sun/prism/Graphics;)V+129
j  com.sun.javafx.webkit.prism.WCGraphicsPrismContext$Composite.paint(Lcom/sun/prism/Graphics;)V+83
j  com.sun.javafx.webkit.prism.WCGraphicsPrismContext$Composite.paint()V+9
j  com.sun.javafx.webkit.prism.WCGraphicsPrismContext.drawString(Lcom/sun/webkit/graphics/WCFont;[I[FFF)V+213
j  com.sun.webkit.graphics.GraphicsDecoder.decode(Lcom/sun/webkit/graphics/WCGraphicsManager;Lcom/sun/webkit/graphics/WCGraphicsContext;Lcom/sun/webkit/graphics/BufferData;)V+1106
j  com.sun.webkit.graphics.WCRenderQueue.decode(Lcom/sun/webkit/graphics/WCGraphicsContext;)V+32
j  com.sun.webkit.WebPage.paint2GC(Lcom/sun/webkit/graphics/WCGraphicsContext;)V+174
j  com.sun.webkit.WebPage.paint(Lcom/sun/webkit/graphics/WCGraphicsContext;IIII)V+70
j  com.sun.javafx.sg.prism.web.NGWebView.renderContent(Lcom/sun/prism/Graphics;)V+101
j  com.sun.javafx.sg.prism.NGNode.doRender(Lcom/sun/prism/Graphics;)V+330
j  com.sun.javafx.sg.prism.NGNode.render(Lcom/sun/prism/Graphics;)V+34
j  com.sun.javafx.sg.prism.NGGroup.renderContent(Lcom/sun/prism/Graphics;)V+151
j  com.sun.javafx.sg.prism.NGRegion.renderContent(Lcom/sun/prism/Graphics;)V+111
j  com.sun.javafx.sg.prism.NGNode.doRender(Lcom/sun/prism/Graphics;)V+330
j  com.sun.javafx.sg.prism.NGNode.render(Lcom/sun/prism/Graphics;)V+34
j  com.sun.javafx.tk.quantum.ViewPainter.doPaint(Lcom/sun/prism/Graphics;Lcom/sun/javafx/sg/prism/NodePath;)V+201
j  com.sun.javafx.tk.quantum.ViewPainter.paintImpl(Lcom/sun/prism/Graphics;)V+961
j  com.sun.javafx.tk.quantum.UploadingPainter.run()V+741
j  java.util.concurrent.Executors$RunnableAdapter.call()Ljava/lang/Object;+4 java.base@11.0.11
j  java.util.concurrent.FutureTask.runAndReset()Z+44 java.base@11.0.11
j  com.sun.javafx.tk.RenderJob.run()V+1
j  com.sun.javafx.tk.quantum.QuantumToolkit.addRenderJob(Lcom/sun/javafx/tk/RenderJob;)Ljava/util/concurrent/Future;+58
j  com.sun.javafx.tk.quantum.ViewScene.repaint()V+25
j  com.sun.javafx.tk.quantum.PaintCollector.renderAll()V+251
j  com.sun.javafx.tk.quantum.QuantumToolkit.pulse(Z)V+104
J 2437 c1 com.sun.javafx.tk.quantum.QuantumToolkit$$Lambda$129.run()V (8 bytes) @ 0x00000160c5cad8cc [0x00000160c5cad780+0x000000000000014c]
j  com.sun.glass.ui.monocle.RunnableProcessor.runLoop()Ljava/lang/Object;+36
j  com.sun.glass.ui.monocle.RunnableProcessor.run()V+1
j  java.lang.Thread.run()V+11 java.base@11.0.11
v  ~StubRoutines::call_stub

siginfo: EXCEPTION_ACCESS_VIOLATION (0xc0000005), reading address 0x00007ffe08b5c780


Register to memory mapping:

RIP=0x00007ffdb8c04879 javafx_font.dll
RAX=0x0000000000000001 is an unknown value
RBX=0x0 is NULL
RCX=0x0000016125a3f840 points into unknown readable memory: 0x00007ffe08b5c6f8 | f8 c6 b5 08 fe 7f 00 00
RDX=0x0000000000000100 is an unknown value
RSP=0x0000003e4e8fe110 is pointing into the stack for thread: 0x00000160e359d800
RBP=0x0000003e4e8fe210 is pointing into the stack for thread: 0x00000160e359d800
RSI=0x00000160e14aeb00 is pointing into metadata
RDI=0x0000000000000100 is an unknown value
R8 =0x0000000000000100 is an unknown value
R9 =0x0000003e4e8fe148 is pointing into the stack for thread: 0x00000160e359d800
R10=0x00007ffe08b5c6f8 is an unknown value
R11=0x0000016125a3f840 points into unknown readable memory: 0x00007ffe08b5c6f8 | f8 c6 b5 08 fe 7f 00 00
R12=0x0 is NULL
R13={method} {0x00000160e490c5a8} 'CreateBitmap' '(JIIII)J' in 'com/sun/javafx/font/directwrite/OS'
R14=0x0000003e4e8fe258 is pointing into the stack for thread: 0x00000160e359d800
R15=0x00000160e359d800 is a thread


Registers:
RAX=0x0000000000000001, RBX=0x0000000000000000, RCX=0x0000016125a3f840, RDX=0x0000000000000100
RSP=0x0000003e4e8fe110, RBP=0x0000003e4e8fe210, RSI=0x00000160e14aeb00, RDI=0x0000000000000100
R8 =0x0000000000000100, R9 =0x0000003e4e8fe148, R10=0x00007ffe08b5c6f8, R11=0x0000016125a3f840
R12=0x0000000000000000, R13=0x00000160e490c5a0, R14=0x0000003e4e8fe258, R15=0x00000160e359d800
RIP=0x00007ffdb8c04879, EFLAGS=0x0000000000010206

Top of Stack: (sp=0x0000003e4e8fe110)
0x0000003e4e8fe110:   00000160e490c5a0 00000160e359d800
0x0000003e4e8fe120:   0000000000307868 00000160e14aeb00
0x0000003e4e8fe130:   0000016000000001 0000003e4e8fe140
0x0000003e4e8fe140:   0000000000000000 4bfe4e036fddc324
0x0000003e4e8fe150:   10c98d76773d85b1 000097e738382fef
0x0000003e4e8fe160:   0000000000307868 00000160c526f377
0x0000003e4e8fe170:   00000160e490c5a0 00000160e359d800
0x0000003e4e8fe180:   00000160e490c5a0 00007ffd62cbfc1f
0x0000003e4e8fe190:   0000000000000100 0000016000000008
0x0000003e4e8fe1a0:   0000016000000001 00000160e490c5a0
0x0000003e4e8fe1b0:   0000003e4e8fe210 00000160e14aeb00
0x0000003e4e8fe1c0:   00000160c526f016 0000003e4e8fe1c8
0x0000003e4e8fe1d0:   00000160e490c5a0 0000003e4e8fe258
0x0000003e4e8fe1e0:   00000160e490ce60 0000000000000000
0x0000003e4e8fe1f0:   000000070fd5e958 00000160e490c5a0
0x0000003e4e8fe200:   0000000000000000 0000003e4e8fe230 

Instructions: (pc=0x00007ffdb8c04879)
0x00007ffdb8c04779:   eb 02 33 c0 48 8b 4c 24 40 48 33 cc e8 76 45 00
0x00007ffdb8c04789:   00 48 83 c4 50 41 5f 41 5e 5f 5e 5b c3 cc cc cc
0x00007ffdb8c04799:   cc cc cc cc cc cc cc 48 89 5c 24 08 57 48 83 ec
0x00007ffdb8c047a9:   50 48 8b 05 4f b8 00 00 48 33 c4 48 89 44 24 48
0x00007ffdb8c047b9:   8b 84 24 88 00 00 00 33 db ff c8 48 89 5c 24 30
0x00007ffdb8c047c9:   41 8b f9 4d 8b d8 83 f8 0a 77 7b 48 8d 15 25 b8
0x00007ffdb8c047d9:   ff ff 48 98 8b 8c 82 a4 48 00 00 48 03 ca ff e1
0x00007ffdb8c047e9:   0f 10 05 d0 79 00 00 eb 58 0f 10 05 d7 79 00 00
0x00007ffdb8c047f9:   eb 4f 0f 10 05 de 79 00 00 eb 46 0f 10 05 f5 79
0x00007ffdb8c04809:   00 00 eb 3d 0f 10 05 dc 79 00 00 eb 34 0f 10 05
0x00007ffdb8c04819:   f3 79 00 00 eb 2b 0f 10 05 fa 79 00 00 eb 22 0f
0x00007ffdb8c04829:   10 05 01 7a 00 00 eb 19 0f 10 05 08 7a 00 00 eb
0x00007ffdb8c04839:   10 0f 10 05 0f 7a 00 00 eb 07 0f 10 05 16 7a 00
0x00007ffdb8c04849:   00 0f 11 44 24 38 4d 8b 10 48 8d 44 24 30 44 8b
0x00007ffdb8c04859:   84 24 80 00 00 00 4c 8d 4c 24 38 48 89 44 24 28
0x00007ffdb8c04869:   8b d7 8b 84 24 90 00 00 00 49 8b cb 89 44 24 20
0x00007ffdb8c04879:   41 ff 92 88 00 00 00 85 c0 48 0f 49 5c 24 30 48
0x00007ffdb8c04889:   8b c3 48 8b 4c 24 48 48 33 cc e8 68 44 00 00 48
0x00007ffdb8c04899:   8b 5c 24 60 48 83 c4 50 5f c3 90 e9 47 00 00 f2
0x00007ffdb8c048a9:   47 00 00 fb 47 00 00 04 48 00 00 0d 48 00 00 16
0x00007ffdb8c048b9:   48 00 00 1f 48 00 00 28 48 00 00 31 48 00 00 3a
0x00007ffdb8c048c9:   48 00 00 43 48 00 00 40 53 48 83 ec 20 49 8b 00
0x00007ffdb8c048d9:   48 8d 54 24 40 33 db 49 8b c8 48 89 5c 24 40 ff
0x00007ffdb8c048e9:   50 68 85 c0 48 0f 49 5c 24 40 48 8b c3 48 83 c4
0x00007ffdb8c048f9:   20 5b c3 cc cc cc cc 48 89 5c 24 08 57 48 83 ec
0x00007ffdb8c04909:   40 48 8b 44 24 70 33 ff 4d 8b 10 41 8b d1 48 89
0x00007ffdb8c04919:   44 24 70 4c 8d 4c 24 70 48 8d 44 24 60 48 89 7c
0x00007ffdb8c04929:   24 60 48 89 44 24 30 49 8b c8 8b 84 24 80 00 00
0x00007ffdb8c04939:   00 44 8d 47 01 89 44 24 28 8b 44 24 78 89 44 24
0x00007ffdb8c04949:   20 41 ff 52 48 48 8b 5c 24 50 85 c0 48 0f 49 7c
0x00007ffdb8c04959:   24 60 48 8b c7 48 83 c4 40 5f c3 cc cc cc cc cc
0x00007ffdb8c04969:   cc cc cc cc cc cc cc 48 89 5c 24 08 48 89 6c 24 


Stack slot to memory mapping:
stack at sp + 0 slots: {method} {0x00000160e490c5a8} 'CreateBitmap' '(JIIII)J' in 'com/sun/javafx/font/directwrite/OS'
stack at sp + 1 slots: 0x00000160e359d800 is a thread
stack at sp + 2 slots: 0x0000000000307868 is an unknown value
stack at sp + 3 slots: 0x00000160e14aeb00 is pointing into metadata
stack at sp + 4 slots: 0x0000016000000001 is an unknown value
stack at sp + 5 slots: 0x0000003e4e8fe140 is pointing into the stack for thread: 0x00000160e359d800
stack at sp + 6 slots: 0x0 is NULL
stack at sp + 7 slots: 0x4bfe4e036fddc324 is an unknown value


---------------  P R O C E S S  ---------------

Threads class SMR info:
_java_thread_list=0x00000160e5365100, length=36, elements={
0x00000160e1270800, 0x00000160e1b21800, 0x00000160e1b85000, 0x00000160e1b87800,
0x00000160e1b89000, 0x00000160e1b8c000, 0x00000160e1b33800, 0x00000160e1b35000,
0x00000160e1d05000, 0x00000160e33c3800, 0x00000160e3007000, 0x00000160e273f800,
0x00000160e2ec8000, 0x00000160bcb45800, 0x00000160e3108800, 0x00000160e2ae1800,
0x00000160e36e9000, 0x00000160e2ec6800, 0x00000160e3703800, 0x00000160e359e800,
0x00000160e359d800, 0x00000160e35a0000, 0x00000160e359f000, 0x00000160e359b000,
0x00000160e359a800, 0x00000160e35a1000, 0x00000160e4ae6000, 0x00000160e2c97000,
0x00000160e359c800, 0x00000160e55a8000, 0x00000160e55a9800, 0x00000160e55a9000,
0x00000160e55a4800, 0x00000160e55a6800, 0x00000160e55a4000, 0x00000160e55aa800
}

Java Threads: ( => current thread )
  0x00000160e1270800 JavaThread "Reference Handler" daemon [_thread_blocked, id=28924, stack(0x0000003e4d100000,0x0000003e4d200000)]
  0x00000160e1b21800 JavaThread "Finalizer" daemon [_thread_blocked, id=26596, stack(0x0000003e4d200000,0x0000003e4d300000)]
  0x00000160e1b85000 JavaThread "Signal Dispatcher" daemon [_thread_blocked, id=28312, stack(0x0000003e4d300000,0x0000003e4d400000)]
  0x00000160e1b87800 JavaThread "Attach Listener" daemon [_thread_blocked, id=27224, stack(0x0000003e4d400000,0x0000003e4d500000)]
  0x00000160e1b89000 JavaThread "Service Thread" daemon [_thread_blocked, id=17556, stack(0x0000003e4d500000,0x0000003e4d600000)]
  0x00000160e1b8c000 JavaThread "C2 CompilerThread0" daemon [_thread_in_native, id=28904, stack(0x0000003e4d600000,0x0000003e4d700000)]
  0x00000160e1b33800 JavaThread "C1 CompilerThread0" daemon [_thread_blocked, id=29076, stack(0x0000003e4d700000,0x0000003e4d800000)]
  0x00000160e1b35000 JavaThread "Sweeper thread" daemon [_thread_blocked, id=26672, stack(0x0000003e4d800000,0x0000003e4d900000)]
  0x00000160e1d05000 JavaThread "Common-Cleaner" daemon [_thread_blocked, id=28940, stack(0x0000003e4da00000,0x0000003e4db00000)]
  0x00000160e33c3800 JavaThread "RMI TCP Accept-58268" daemon [_thread_in_native, id=14596, stack(0x0000003e4dd00000,0x0000003e4de00000)]
  0x00000160e3007000 JavaThread "RMI Reaper" [_thread_blocked, id=28272, stack(0x0000003e4de00000,0x0000003e4df00000)]
  0x00000160e273f800 JavaThread "RMI GC Daemon" daemon [_thread_blocked, id=9776, stack(0x0000003e4df00000,0x0000003e4e000000)]
  0x00000160e2ec8000 JavaThread "pool-1-thread-1" [_thread_blocked, id=17656, stack(0x0000003e4e000000,0x0000003e4e100000)]
  0x00000160bcb45800 JavaThread "DestroyJavaVM" [_thread_blocked, id=18332, stack(0x0000003e4ca00000,0x0000003e4cb00000)]
  0x00000160e3108800 JavaThread "RMI TCP Connection(1)-127.0.0.1" daemon [_thread_in_native, id=27764, stack(0x0000003e4e100000,0x0000003e4e200000)]
  0x00000160e2ae1800 JavaThread "RMI Scheduler(0)" daemon [_thread_blocked, id=16612, stack(0x0000003e4e200000,0x0000003e4e300000)]
  0x00000160e36e9000 JavaThread "RMI TCP Connection(2)-127.0.0.1" daemon [_thread_blocked, id=24112, stack(0x0000003e4e900000,0x0000003e4ea00000)]
  0x00000160e2ec6800 JavaThread "Thread-1" daemon [_thread_blocked, id=12788, stack(0x0000003e4ea00000,0x0000003e4eb00000)]
  0x00000160e3703800 JavaThread "JavaFX-Launcher" daemon [_thread_blocked, id=28020, stack(0x0000003e4eb00000,0x0000003e4ec00000)]
  0x00000160e359e800 JavaThread "QuantumRenderer-0" daemon [_thread_blocked, id=25804, stack(0x0000003e4e700000,0x0000003e4e800000)]
=>0x00000160e359d800 JavaThread "JavaFX Application Thread" daemon [_thread_in_native, id=28452, stack(0x0000003e4e800000,0x0000003e4e900000)]
  0x00000160e35a0000 JavaThread "Timer-0" daemon [_thread_blocked, id=7280, stack(0x0000003e4ec00000,0x0000003e4ed00000)]
  0x00000160e359f000 JavaThread "Prism Font Disposer" daemon [_thread_blocked, id=23584, stack(0x0000003e4f100000,0x0000003e4f200000)]
  0x00000160e359b000 JavaThread "Disposer" daemon [_thread_blocked, id=6288, stack(0x0000003e4f200000,0x0000003e4f300000)]
  0x00000160e359a800 JavaThread "Thread-5" daemon [_thread_blocked, id=25720, stack(0x0000003e4f300000,0x0000003e4f400000)]
  0x00000160e35a1000 JavaThread "URL-Loader-1" daemon [_thread_blocked, id=1760, stack(0x0000003e4ef00000,0x0000003e4f000000)]
  0x00000160e4ae6000 JavaThread "C2 CompilerThread1" daemon [_thread_blocked, id=3108, stack(0x0000003e4f000000,0x0000003e4f100000)]
  0x00000160e2c97000 JavaThread "C2 CompilerThread2" daemon [_thread_in_native, id=19164, stack(0x0000003e4fc00000,0x0000003e4fd00000)]
  0x00000160e359c800 JavaThread "URL-Loader-2" daemon [_thread_blocked, id=22984, stack(0x0000003e4fe00000,0x0000003e4ff00000)]
  0x00000160e55a8000 JavaThread "URL-Loader-3" daemon [_thread_blocked, id=28692, stack(0x0000003e4ff00000,0x0000003e50000000)]
  0x00000160e55a9800 JavaThread "URL-Loader-4" daemon [_thread_blocked, id=1344, stack(0x0000003e50000000,0x0000003e50100000)]
  0x00000160e55a9000 JavaThread "URL-Loader-5" daemon [_thread_blocked, id=27248, stack(0x0000003e50100000,0x0000003e50200000)]
  0x00000160e55a4800 JavaThread "URL-Loader-6" daemon [_thread_blocked, id=23328, stack(0x0000003e50200000,0x0000003e50300000)]
  0x00000160e55a6800 JavaThread "URL-Loader-7" daemon [_thread_blocked, id=26664, stack(0x0000003e50300000,0x0000003e50400000)]
  0x00000160e55a4000 JavaThread "URL-Loader-8" daemon [_thread_blocked, id=19840, stack(0x0000003e50600000,0x0000003e50700000)]
  0x00000160e55aa800 JavaThread "URL-Loader-9" daemon [_thread_blocked, id=25608, stack(0x0000003e50700000,0x0000003e50800000)]

Other Threads:
  0x00000160e126d800 VMThread "VM Thread" [stack: 0x0000003e4d000000,0x0000003e4d100000] [id=18612]
  0x00000160e1d0f800 WatcherThread [stack: 0x0000003e4d900000,0x0000003e4da00000] [id=16892]
  0x00000160bcb5d800 GCTaskThread "GC Thread#0" [stack: 0x0000003e4cb00000,0x0000003e4cc00000] [id=28868]
  0x00000160e2714000 GCTaskThread "GC Thread#1" [stack: 0x0000003e4db00000,0x0000003e4dc00000] [id=24644]
  0x00000160e2ae2800 GCTaskThread "GC Thread#2" [stack: 0x0000003e4dc00000,0x0000003e4dd00000] [id=27152]
  0x00000160e1fb0800 GCTaskThread "GC Thread#3" [stack: 0x0000003e4e300000,0x0000003e4e400000] [id=15492]
  0x00000160e2771000 GCTaskThread "GC Thread#4" [stack: 0x0000003e4e400000,0x0000003e4e500000] [id=21924]
  0x00000160e2c2f800 GCTaskThread "GC Thread#5" [stack: 0x0000003e4e500000,0x0000003e4e600000] [id=23100]
  0x00000160bcbba000 ConcurrentGCThread "G1 Main Marker" [stack: 0x0000003e4cc00000,0x0000003e4cd00000] [id=23692]
  0x00000160bcbbd800 ConcurrentGCThread "G1 Conc#0" [stack: 0x0000003e4cd00000,0x0000003e4ce00000] [id=4112]
  0x00000160e3438000 ConcurrentGCThread "G1 Conc#1" [stack: 0x0000003e4ed00000,0x0000003e4ee00000] [id=27812]
  0x00000160e32d6800 ConcurrentGCThread "G1 Conc#2" [stack: 0x0000003e4ee00000,0x0000003e4ef00000] [id=29284]
  0x00000160e1156800 ConcurrentGCThread "G1 Refine#0" [stack: 0x0000003e4ce00000,0x0000003e4cf00000] [id=5212]
  0x00000160e2f88800 ConcurrentGCThread "G1 Refine#1" [stack: 0x0000003e4e600000,0x0000003e4e700000] [id=24148]
  0x00000160e1157800 ConcurrentGCThread "G1 Young RemSet Sampling" [stack: 0x0000003e4cf00000,0x0000003e4d000000] [id=21688]

Threads with active compile tasks:
C2 CompilerThread0  13387 3172       4       org.apache.http.impl.conn.Wire::wire (231 bytes)
C2 CompilerThread2  13388 3139       4       java.lang.invoke.MethodType::toMethodDescriptorString (28 bytes)

VM state:not at safepoint (normal execution)

VM Mutex/Monitor currently owned by a thread: None

Heap address: 0x0000000703e00000, size: 4034 MB, Compressed Oops mode: Zero based, Oop shift amount: 3
Narrow klass base: 0x0000000800000000, Narrow klass shift: 0
Compressed class space size: 1073741824 Address: 0x0000000800000000

Heap:
 garbage-first heap   total 260096K, used 80914K [0x0000000703e00000, 0x0000000800000000)
  region size 1024K, 64 young (65536K), 7 survivors (7168K)
 Metaspace       used 33908K, capacity 35223K, committed 35456K, reserved 1079296K
  class space    used 4369K, capacity 4906K, committed 4992K, reserved 1048576K
Heap Regions: E=young(eden), S=young(survivor), O=old, HS=humongous(starts), HC=humongous(continues), CS=collection set, F=free, A=archive, TAMS=top-at-mark-start (previous, next)
|   0|0x0000000703e00000, 0x0000000703f00000, 0x0000000703f00000|100%| O|  |TAMS 0x0000000703f00000, 0x0000000703e00000| Untracked 
|   1|0x0000000703f00000, 0x0000000704000000, 0x0000000704000000|100%| O|  |TAMS 0x0000000704000000, 0x0000000703f00000| Untracked 
|   2|0x0000000704000000, 0x0000000704100000, 0x0000000704100000|100%| O|  |TAMS 0x0000000704100000, 0x0000000704000000| Untracked 
|   3|0x0000000704100000, 0x0000000704200000, 0x0000000704200000|100%| O|  |TAMS 0x0000000704200000, 0x0000000704100000| Untracked 
|   4|0x0000000704200000, 0x0000000704300000, 0x0000000704300000|100%| O|  |TAMS 0x0000000704300000, 0x0000000704200000| Untracked 
|   5|0x0000000704300000, 0x0000000704400000, 0x0000000704400000|100%| O|  |TAMS 0x0000000704400000, 0x0000000704300000| Untracked 
|   6|0x0000000704400000, 0x0000000704500000, 0x0000000704500000|100%| O|  |TAMS 0x0000000704500000, 0x0000000704400000| Untracked 
|   7|0x0000000704500000, 0x0000000704600000, 0x0000000704600000|100%| O|  |TAMS 0x0000000704600000, 0x0000000704500000| Untracked 
|   8|0x0000000704600000, 0x0000000704664400, 0x0000000704700000| 39%| O|  |TAMS 0x0000000704664400, 0x0000000704600000| Untracked 
|   9|0x0000000704700000, 0x0000000704800000, 0x0000000704800000|100%|HS|  |TAMS 0x0000000704700000, 0x0000000704700000| Complete 
|  10|0x0000000704800000, 0x0000000704900000, 0x0000000704900000|100%|HC|  |TAMS 0x0000000704800000, 0x0000000704800000| Complete 
|  11|0x0000000704900000, 0x0000000704a00000, 0x0000000704a00000|100%|HC|  |TAMS 0x0000000704900000, 0x0000000704900000| Complete 
|  12|0x0000000704a00000, 0x0000000704a00000, 0x0000000704b00000|  0%| F|  |TAMS 0x0000000704a00000, 0x0000000704a00000| Untracked 
|  13|0x0000000704b00000, 0x0000000704c00000, 0x0000000704c00000|100%|HS|  |TAMS 0x0000000704c00000, 0x0000000704b00000| Complete 
|  14|0x0000000704c00000, 0x0000000704d00000, 0x0000000704d00000|100%|HC|  |TAMS 0x0000000704d00000, 0x0000000704c00000| Complete 
|  15|0x0000000704d00000, 0x0000000704e00000, 0x0000000704e00000|100%|HC|  |TAMS 0x0000000704e00000, 0x0000000704d00000| Complete 
|  16|0x0000000704e00000, 0x0000000704f00000, 0x0000000704f00000|100%|HS|  |TAMS 0x0000000704e00000, 0x0000000704e00000| Complete 
|  17|0x0000000704f00000, 0x0000000705000000, 0x0000000705000000|100%|HC|  |TAMS 0x0000000704f00000, 0x0000000704f00000| Complete 
|  18|0x0000000705000000, 0x0000000705100000, 0x0000000705100000|100%|HC|  |TAMS 0x0000000705000000, 0x0000000705000000| Complete 
|  19|0x0000000705100000, 0x0000000705100000, 0x0000000705200000|  0%| F|  |TAMS 0x0000000705100000, 0x0000000705100000| Untracked 
|  20|0x0000000705200000, 0x0000000705200000, 0x0000000705300000|  0%| F|  |TAMS 0x0000000705200000, 0x0000000705200000| Untracked 
|  21|0x0000000705300000, 0x0000000705300000, 0x0000000705400000|  0%| F|  |TAMS 0x0000000705300000, 0x0000000705300000| Untracked 
|  22|0x0000000705400000, 0x0000000705400000, 0x0000000705500000|  0%| F|  |TAMS 0x0000000705400000, 0x0000000705400000| Untracked 
|  23|0x0000000705500000, 0x0000000705500000, 0x0000000705600000|  0%| F|  |TAMS 0x0000000705500000, 0x0000000705500000| Untracked 
|  24|0x0000000705600000, 0x0000000705600000, 0x0000000705700000|  0%| F|  |TAMS 0x0000000705600000, 0x0000000705600000| Untracked 
|  25|0x0000000705700000, 0x0000000705700000, 0x0000000705800000|  0%| F|  |TAMS 0x0000000705700000, 0x0000000705700000| Untracked 
|  26|0x0000000705800000, 0x0000000705800000, 0x0000000705900000|  0%| F|  |TAMS 0x0000000705800000, 0x0000000705800000| Untracked 
|  27|0x0000000705900000, 0x0000000705900000, 0x0000000705a00000|  0%| F|  |TAMS 0x0000000705900000, 0x0000000705900000| Untracked 
|  28|0x0000000705a00000, 0x0000000705a00000, 0x0000000705b00000|  0%| F|  |TAMS 0x0000000705a00000, 0x0000000705a00000| Untracked 
|  29|0x0000000705b00000, 0x0000000705b00000, 0x0000000705c00000|  0%| F|  |TAMS 0x0000000705b00000, 0x0000000705b00000| Untracked 
|  30|0x0000000705c00000, 0x0000000705c00000, 0x0000000705d00000|  0%| F|  |TAMS 0x0000000705c00000, 0x0000000705c00000| Untracked 
|  31|0x0000000705d00000, 0x0000000705d00000, 0x0000000705e00000|  0%| F|  |TAMS 0x0000000705d00000, 0x0000000705d00000| Untracked 
|  32|0x0000000705e00000, 0x0000000705e00000, 0x0000000705f00000|  0%| F|  |TAMS 0x0000000705e00000, 0x0000000705e00000| Untracked 
|  33|0x0000000705f00000, 0x0000000705f00000, 0x0000000706000000|  0%| F|  |TAMS 0x0000000705f00000, 0x0000000705f00000| Untracked 
|  34|0x0000000706000000, 0x0000000706000000, 0x0000000706100000|  0%| F|  |TAMS 0x0000000706000000, 0x0000000706000000| Untracked 
|  35|0x0000000706100000, 0x0000000706100000, 0x0000000706200000|  0%| F|  |TAMS 0x0000000706100000, 0x0000000706100000| Untracked 
|  36|0x0000000706200000, 0x0000000706200000, 0x0000000706300000|  0%| F|  |TAMS 0x0000000706200000, 0x0000000706200000| Untracked 
|  37|0x0000000706300000, 0x0000000706300000, 0x0000000706400000|  0%| F|  |TAMS 0x0000000706300000, 0x0000000706300000| Untracked 
|  38|0x0000000706400000, 0x0000000706400000, 0x0000000706500000|  0%| F|  |TAMS 0x0000000706400000, 0x0000000706400000| Untracked 
|  39|0x0000000706500000, 0x0000000706500000, 0x0000000706600000|  0%| F|  |TAMS 0x0000000706500000, 0x0000000706500000| Untracked 
|  40|0x0000000706600000, 0x0000000706600000, 0x0000000706700000|  0%| F|  |TAMS 0x0000000706600000, 0x0000000706600000| Untracked 
|  41|0x0000000706700000, 0x0000000706700000, 0x0000000706800000|  0%| F|  |TAMS 0x0000000706700000, 0x0000000706700000| Untracked 
|  42|0x0000000706800000, 0x0000000706800000, 0x0000000706900000|  0%| F|  |TAMS 0x0000000706800000, 0x0000000706800000| Untracked 
|  43|0x0000000706900000, 0x0000000706900000, 0x0000000706a00000|  0%| F|  |TAMS 0x0000000706900000, 0x0000000706900000| Untracked 
|  44|0x0000000706a00000, 0x0000000706a00000, 0x0000000706b00000|  0%| F|  |TAMS 0x0000000706a00000, 0x0000000706a00000| Untracked 
|  45|0x0000000706b00000, 0x0000000706b00000, 0x0000000706c00000|  0%| F|  |TAMS 0x0000000706b00000, 0x0000000706b00000| Untracked 
|  46|0x0000000706c00000, 0x0000000706c00000, 0x0000000706d00000|  0%| F|  |TAMS 0x0000000706c00000, 0x0000000706c00000| Untracked 
|  47|0x0000000706d00000, 0x0000000706d00000, 0x0000000706e00000|  0%| F|  |TAMS 0x0000000706d00000, 0x0000000706d00000| Untracked 
|  48|0x0000000706e00000, 0x0000000706e00000, 0x0000000706f00000|  0%| F|  |TAMS 0x0000000706e00000, 0x0000000706e00000| Untracked 
|  49|0x0000000706f00000, 0x0000000706f00000, 0x0000000707000000|  0%| F|  |TAMS 0x0000000706f00000, 0x0000000706f00000| Untracked 
|  50|0x0000000707000000, 0x0000000707000000, 0x0000000707100000|  0%| F|  |TAMS 0x0000000707000000, 0x0000000707000000| Untracked 
|  51|0x0000000707100000, 0x0000000707100000, 0x0000000707200000|  0%| F|  |TAMS 0x0000000707100000, 0x0000000707100000| Untracked 
|  52|0x0000000707200000, 0x0000000707200000, 0x0000000707300000|  0%| F|  |TAMS 0x0000000707200000, 0x0000000707200000| Untracked 
|  53|0x0000000707300000, 0x0000000707300000, 0x0000000707400000|  0%| F|  |TAMS 0x0000000707300000, 0x0000000707300000| Untracked 
|  54|0x0000000707400000, 0x0000000707400000, 0x0000000707500000|  0%| F|  |TAMS 0x0000000707400000, 0x0000000707400000| Untracked 
|  55|0x0000000707500000, 0x0000000707500000, 0x0000000707600000|  0%| F|  |TAMS 0x0000000707500000, 0x0000000707500000| Untracked 
|  56|0x0000000707600000, 0x0000000707600000, 0x0000000707700000|  0%| F|  |TAMS 0x0000000707600000, 0x0000000707600000| Untracked 
|  57|0x0000000707700000, 0x0000000707700000, 0x0000000707800000|  0%| F|  |TAMS 0x0000000707700000, 0x0000000707700000| Untracked 
|  58|0x0000000707800000, 0x0000000707800000, 0x0000000707900000|  0%| F|  |TAMS 0x0000000707800000, 0x0000000707800000| Untracked 
|  59|0x0000000707900000, 0x0000000707900000, 0x0000000707a00000|  0%| F|  |TAMS 0x0000000707900000, 0x0000000707900000| Untracked 
|  60|0x0000000707a00000, 0x0000000707a00000, 0x0000000707b00000|  0%| F|  |TAMS 0x0000000707a00000, 0x0000000707a00000| Untracked 
|  61|0x0000000707b00000, 0x0000000707b00000, 0x0000000707c00000|  0%| F|  |TAMS 0x0000000707b00000, 0x0000000707b00000| Untracked 
|  62|0x0000000707c00000, 0x0000000707c00000, 0x0000000707d00000|  0%| F|  |TAMS 0x0000000707c00000, 0x0000000707c00000| Untracked 
|  63|0x0000000707d00000, 0x0000000707d00000, 0x0000000707e00000|  0%| F|  |TAMS 0x0000000707d00000, 0x0000000707d00000| Untracked 
|  64|0x0000000707e00000, 0x0000000707e00000, 0x0000000707f00000|  0%| F|  |TAMS 0x0000000707e00000, 0x0000000707e00000| Untracked 
|  65|0x0000000707f00000, 0x0000000707f00000, 0x0000000708000000|  0%| F|  |TAMS 0x0000000707f00000, 0x0000000707f00000| Untracked 
|  66|0x0000000708000000, 0x0000000708000000, 0x0000000708100000|  0%| F|  |TAMS 0x0000000708000000, 0x0000000708000000| Untracked 
|  67|0x0000000708100000, 0x0000000708100000, 0x0000000708200000|  0%| F|  |TAMS 0x0000000708100000, 0x0000000708100000| Untracked 
|  68|0x0000000708200000, 0x0000000708200000, 0x0000000708300000|  0%| F|  |TAMS 0x0000000708200000, 0x0000000708200000| Untracked 
|  69|0x0000000708300000, 0x0000000708300000, 0x0000000708400000|  0%| F|  |TAMS 0x0000000708300000, 0x0000000708300000| Untracked 
|  70|0x0000000708400000, 0x0000000708400000, 0x0000000708500000|  0%| F|  |TAMS 0x0000000708400000, 0x0000000708400000| Untracked 
|  71|0x0000000708500000, 0x0000000708500000, 0x0000000708600000|  0%| F|  |TAMS 0x0000000708500000, 0x0000000708500000| Untracked 
|  72|0x0000000708600000, 0x0000000708600000, 0x0000000708700000|  0%| F|  |TAMS 0x0000000708600000, 0x0000000708600000| Untracked 
|  73|0x0000000708700000, 0x0000000708700000, 0x0000000708800000|  0%| F|  |TAMS 0x0000000708700000, 0x0000000708700000| Untracked 
|  74|0x0000000708800000, 0x0000000708800000, 0x0000000708900000|  0%| F|  |TAMS 0x0000000708800000, 0x0000000708800000| Untracked 
|  75|0x0000000708900000, 0x0000000708900000, 0x0000000708a00000|  0%| F|  |TAMS 0x0000000708900000, 0x0000000708900000| Untracked 
|  76|0x0000000708a00000, 0x0000000708a00000, 0x0000000708b00000|  0%| F|  |TAMS 0x0000000708a00000, 0x0000000708a00000| Untracked 
|  77|0x0000000708b00000, 0x0000000708b00000, 0x0000000708c00000|  0%| F|  |TAMS 0x0000000708b00000, 0x0000000708b00000| Untracked 
|  78|0x0000000708c00000, 0x0000000708c00000, 0x0000000708d00000|  0%| F|  |TAMS 0x0000000708c00000, 0x0000000708c00000| Untracked 
|  79|0x0000000708d00000, 0x0000000708d00000, 0x0000000708e00000|  0%| F|  |TAMS 0x0000000708d00000, 0x0000000708d00000| Untracked 
|  80|0x0000000708e00000, 0x0000000708e00000, 0x0000000708f00000|  0%| F|  |TAMS 0x0000000708e00000, 0x0000000708e00000| Untracked 
|  81|0x0000000708f00000, 0x0000000708f00000, 0x0000000709000000|  0%| F|  |TAMS 0x0000000708f00000, 0x0000000708f00000| Untracked 
|  82|0x0000000709000000, 0x0000000709000000, 0x0000000709100000|  0%| F|  |TAMS 0x0000000709000000, 0x0000000709000000| Untracked 
|  83|0x0000000709100000, 0x0000000709100000, 0x0000000709200000|  0%| F|  |TAMS 0x0000000709100000, 0x0000000709100000| Untracked 
|  84|0x0000000709200000, 0x0000000709200000, 0x0000000709300000|  0%| F|  |TAMS 0x0000000709200000, 0x0000000709200000| Untracked 
|  85|0x0000000709300000, 0x0000000709300000, 0x0000000709400000|  0%| F|  |TAMS 0x0000000709300000, 0x0000000709300000| Untracked 
|  86|0x0000000709400000, 0x0000000709400000, 0x0000000709500000|  0%| F|  |TAMS 0x0000000709400000, 0x0000000709400000| Untracked 
|  87|0x0000000709500000, 0x0000000709500000, 0x0000000709600000|  0%| F|  |TAMS 0x0000000709500000, 0x0000000709500000| Untracked 
|  88|0x0000000709600000, 0x0000000709600000, 0x0000000709700000|  0%| F|  |TAMS 0x0000000709600000, 0x0000000709600000| Untracked 
|  89|0x0000000709700000, 0x0000000709700000, 0x0000000709800000|  0%| F|  |TAMS 0x0000000709700000, 0x0000000709700000| Untracked 
|  90|0x0000000709800000, 0x0000000709800000, 0x0000000709900000|  0%| F|  |TAMS 0x0000000709800000, 0x0000000709800000| Untracked 
|  91|0x0000000709900000, 0x0000000709900000, 0x0000000709a00000|  0%| F|  |TAMS 0x0000000709900000, 0x0000000709900000| Untracked 
|  92|0x0000000709a00000, 0x0000000709a00000, 0x0000000709b00000|  0%| F|  |TAMS 0x0000000709a00000, 0x0000000709a00000| Untracked 
|  93|0x0000000709b00000, 0x0000000709b00000, 0x0000000709c00000|  0%| F|  |TAMS 0x0000000709b00000, 0x0000000709b00000| Untracked 
|  94|0x0000000709c00000, 0x0000000709c00000, 0x0000000709d00000|  0%| F|  |TAMS 0x0000000709c00000, 0x0000000709c00000| Untracked 
|  95|0x0000000709d00000, 0x0000000709d00000, 0x0000000709e00000|  0%| F|  |TAMS 0x0000000709d00000, 0x0000000709d00000| Untracked 
|  96|0x0000000709e00000, 0x0000000709e00000, 0x0000000709f00000|  0%| F|  |TAMS 0x0000000709e00000, 0x0000000709e00000| Untracked 
|  97|0x0000000709f00000, 0x0000000709f00000, 0x000000070a000000|  0%| F|  |TAMS 0x0000000709f00000, 0x0000000709f00000| Untracked 
|  98|0x000000070a000000, 0x000000070a000000, 0x000000070a100000|  0%| F|  |TAMS 0x000000070a000000, 0x000000070a000000| Untracked 
|  99|0x000000070a100000, 0x000000070a100000, 0x000000070a200000|  0%| F|  |TAMS 0x000000070a100000, 0x000000070a100000| Untracked 
| 100|0x000000070a200000, 0x000000070a200000, 0x000000070a300000|  0%| F|  |TAMS 0x000000070a200000, 0x000000070a200000| Untracked 
| 101|0x000000070a300000, 0x000000070a300000, 0x000000070a400000|  0%| F|  |TAMS 0x000000070a300000, 0x000000070a300000| Untracked 
| 102|0x000000070a400000, 0x000000070a400000, 0x000000070a500000|  0%| F|  |TAMS 0x000000070a400000, 0x000000070a400000| Untracked 
| 103|0x000000070a500000, 0x000000070a500000, 0x000000070a600000|  0%| F|  |TAMS 0x000000070a500000, 0x000000070a500000| Untracked 
| 104|0x000000070a600000, 0x000000070a600000, 0x000000070a700000|  0%| F|  |TAMS 0x000000070a600000, 0x000000070a600000| Untracked 
| 105|0x000000070a700000, 0x000000070a700000, 0x000000070a800000|  0%| F|  |TAMS 0x000000070a700000, 0x000000070a700000| Untracked 
| 106|0x000000070a800000, 0x000000070a800000, 0x000000070a900000|  0%| F|  |TAMS 0x000000070a800000, 0x000000070a800000| Untracked 
| 107|0x000000070a900000, 0x000000070a900000, 0x000000070aa00000|  0%| F|  |TAMS 0x000000070a900000, 0x000000070a900000| Untracked 
| 108|0x000000070aa00000, 0x000000070aa00000, 0x000000070ab00000|  0%| F|  |TAMS 0x000000070aa00000, 0x000000070aa00000| Untracked 
| 109|0x000000070ab00000, 0x000000070ab00000, 0x000000070ac00000|  0%| F|  |TAMS 0x000000070ab00000, 0x000000070ab00000| Untracked 
| 110|0x000000070ac00000, 0x000000070ac00000, 0x000000070ad00000|  0%| F|  |TAMS 0x000000070ac00000, 0x000000070ac00000| Untracked 
| 111|0x000000070ad00000, 0x000000070ad00000, 0x000000070ae00000|  0%| F|  |TAMS 0x000000070ad00000, 0x000000070ad00000| Untracked 
| 112|0x000000070ae00000, 0x000000070ae00000, 0x000000070af00000|  0%| F|  |TAMS 0x000000070ae00000, 0x000000070ae00000| Untracked 
| 113|0x000000070af00000, 0x000000070af00000, 0x000000070b000000|  0%| F|  |TAMS 0x000000070af00000, 0x000000070af00000| Untracked 
| 114|0x000000070b000000, 0x000000070b000000, 0x000000070b100000|  0%| F|  |TAMS 0x000000070b000000, 0x000000070b000000| Untracked 
| 115|0x000000070b100000, 0x000000070b100000, 0x000000070b200000|  0%| F|  |TAMS 0x000000070b100000, 0x000000070b100000| Untracked 
| 116|0x000000070b200000, 0x000000070b200000, 0x000000070b300000|  0%| F|  |TAMS 0x000000070b200000, 0x000000070b200000| Untracked 
| 117|0x000000070b300000, 0x000000070b300000, 0x000000070b400000|  0%| F|  |TAMS 0x000000070b300000, 0x000000070b300000| Untracked 
| 118|0x000000070b400000, 0x000000070b400000, 0x000000070b500000|  0%| F|  |TAMS 0x000000070b400000, 0x000000070b400000| Untracked 
| 119|0x000000070b500000, 0x000000070b500000, 0x000000070b600000|  0%| F|  |TAMS 0x000000070b500000, 0x000000070b500000| Untracked 
| 120|0x000000070b600000, 0x000000070b600000, 0x000000070b700000|  0%| F|  |TAMS 0x000000070b600000, 0x000000070b600000| Untracked 
| 121|0x000000070b700000, 0x000000070b700000, 0x000000070b800000|  0%| F|  |TAMS 0x000000070b700000, 0x000000070b700000| Untracked 
| 122|0x000000070b800000, 0x000000070b800000, 0x000000070b900000|  0%| F|  |TAMS 0x000000070b800000, 0x000000070b800000| Untracked 
| 123|0x000000070b900000, 0x000000070b900000, 0x000000070ba00000|  0%| F|  |TAMS 0x000000070b900000, 0x000000070b900000| Untracked 
| 124|0x000000070ba00000, 0x000000070ba00000, 0x000000070bb00000|  0%| F|  |TAMS 0x000000070ba00000, 0x000000070ba00000| Untracked 
| 125|0x000000070bb00000, 0x000000070bb00000, 0x000000070bc00000|  0%| F|  |TAMS 0x000000070bb00000, 0x000000070bb00000| Untracked 
| 126|0x000000070bc00000, 0x000000070bc00000, 0x000000070bd00000|  0%| F|  |TAMS 0x000000070bc00000, 0x000000070bc00000| Untracked 
| 127|0x000000070bd00000, 0x000000070bd00000, 0x000000070be00000|  0%| F|  |TAMS 0x000000070bd00000, 0x000000070bd00000| Untracked 
| 128|0x000000070be00000, 0x000000070be00000, 0x000000070bf00000|  0%| F|  |TAMS 0x000000070be00000, 0x000000070be00000| Untracked 
| 129|0x000000070bf00000, 0x000000070bf00000, 0x000000070c000000|  0%| F|  |TAMS 0x000000070bf00000, 0x000000070bf00000| Untracked 
| 130|0x000000070c000000, 0x000000070c000000, 0x000000070c100000|  0%| F|  |TAMS 0x000000070c000000, 0x000000070c000000| Untracked 
| 131|0x000000070c100000, 0x000000070c100000, 0x000000070c200000|  0%| F|  |TAMS 0x000000070c100000, 0x000000070c100000| Untracked 
| 132|0x000000070c200000, 0x000000070c200000, 0x000000070c300000|  0%| F|  |TAMS 0x000000070c200000, 0x000000070c200000| Untracked 
| 133|0x000000070c300000, 0x000000070c300000, 0x000000070c400000|  0%| F|  |TAMS 0x000000070c300000, 0x000000070c300000| Untracked 
| 134|0x000000070c400000, 0x000000070c400000, 0x000000070c500000|  0%| F|  |TAMS 0x000000070c400000, 0x000000070c400000| Untracked 
| 135|0x000000070c500000, 0x000000070c500000, 0x000000070c600000|  0%| F|  |TAMS 0x000000070c500000, 0x000000070c500000| Untracked 
| 136|0x000000070c600000, 0x000000070c600000, 0x000000070c700000|  0%| F|  |TAMS 0x000000070c600000, 0x000000070c600000| Untracked 
| 137|0x000000070c700000, 0x000000070c700000, 0x000000070c800000|  0%| F|  |TAMS 0x000000070c700000, 0x000000070c700000| Untracked 
| 138|0x000000070c800000, 0x000000070c800000, 0x000000070c900000|  0%| F|  |TAMS 0x000000070c800000, 0x000000070c800000| Untracked 
| 139|0x000000070c900000, 0x000000070c900000, 0x000000070ca00000|  0%| F|  |TAMS 0x000000070c900000, 0x000000070c900000| Untracked 
| 140|0x000000070ca00000, 0x000000070ca00000, 0x000000070cb00000|  0%| F|  |TAMS 0x000000070ca00000, 0x000000070ca00000| Untracked 
| 141|0x000000070cb00000, 0x000000070cb00000, 0x000000070cc00000|  0%| F|  |TAMS 0x000000070cb00000, 0x000000070cb00000| Untracked 
| 142|0x000000070cc00000, 0x000000070cc00000, 0x000000070cd00000|  0%| F|  |TAMS 0x000000070cc00000, 0x000000070cc00000| Untracked 
| 143|0x000000070cd00000, 0x000000070cd00000, 0x000000070ce00000|  0%| F|  |TAMS 0x000000070cd00000, 0x000000070cd00000| Untracked 
| 144|0x000000070ce00000, 0x000000070ce00000, 0x000000070cf00000|  0%| F|  |TAMS 0x000000070ce00000, 0x000000070ce00000| Untracked 
| 145|0x000000070cf00000, 0x000000070cf00000, 0x000000070d000000|  0%| F|  |TAMS 0x000000070cf00000, 0x000000070cf00000| Untracked 
| 146|0x000000070d000000, 0x000000070d000000, 0x000000070d100000|  0%| F|  |TAMS 0x000000070d000000, 0x000000070d000000| Untracked 
| 147|0x000000070d100000, 0x000000070d100000, 0x000000070d200000|  0%| F|  |TAMS 0x000000070d100000, 0x000000070d100000| Untracked 
| 148|0x000000070d200000, 0x000000070d200000, 0x000000070d300000|  0%| F|  |TAMS 0x000000070d200000, 0x000000070d200000| Untracked 
| 149|0x000000070d300000, 0x000000070d300000, 0x000000070d400000|  0%| F|  |TAMS 0x000000070d300000, 0x000000070d300000| Untracked 
| 150|0x000000070d400000, 0x000000070d400000, 0x000000070d500000|  0%| F|  |TAMS 0x000000070d400000, 0x000000070d400000| Untracked 
| 151|0x000000070d500000, 0x000000070d500000, 0x000000070d600000|  0%| F|  |TAMS 0x000000070d500000, 0x000000070d500000| Untracked 
| 152|0x000000070d600000, 0x000000070d600000, 0x000000070d700000|  0%| F|  |TAMS 0x000000070d600000, 0x000000070d600000| Untracked 
| 153|0x000000070d700000, 0x000000070d700000, 0x000000070d800000|  0%| F|  |TAMS 0x000000070d700000, 0x000000070d700000| Untracked 
| 154|0x000000070d800000, 0x000000070d800000, 0x000000070d900000|  0%| F|  |TAMS 0x000000070d800000, 0x000000070d800000| Untracked 
| 155|0x000000070d900000, 0x000000070d900000, 0x000000070da00000|  0%| F|  |TAMS 0x000000070d900000, 0x000000070d900000| Untracked 
| 156|0x000000070da00000, 0x000000070da00000, 0x000000070db00000|  0%| F|  |TAMS 0x000000070da00000, 0x000000070da00000| Untracked 
| 157|0x000000070db00000, 0x000000070db00000, 0x000000070dc00000|  0%| F|  |TAMS 0x000000070db00000, 0x000000070db00000| Untracked 
| 158|0x000000070dc00000, 0x000000070dc00000, 0x000000070dd00000|  0%| F|  |TAMS 0x000000070dc00000, 0x000000070dc00000| Untracked 
| 159|0x000000070dd00000, 0x000000070dd00000, 0x000000070de00000|  0%| F|  |TAMS 0x000000070dd00000, 0x000000070dd00000| Untracked 
| 160|0x000000070de00000, 0x000000070de00000, 0x000000070df00000|  0%| F|  |TAMS 0x000000070de00000, 0x000000070de00000| Untracked 
| 161|0x000000070df00000, 0x000000070df00000, 0x000000070e000000|  0%| F|  |TAMS 0x000000070df00000, 0x000000070df00000| Untracked 
| 162|0x000000070e000000, 0x000000070e000000, 0x000000070e100000|  0%| F|  |TAMS 0x000000070e000000, 0x000000070e000000| Untracked 
| 163|0x000000070e100000, 0x000000070e100000, 0x000000070e200000|  0%| F|  |TAMS 0x000000070e100000, 0x000000070e100000| Untracked 
| 164|0x000000070e200000, 0x000000070e200000, 0x000000070e300000|  0%| F|  |TAMS 0x000000070e200000, 0x000000070e200000| Untracked 
| 165|0x000000070e300000, 0x000000070e300000, 0x000000070e400000|  0%| F|  |TAMS 0x000000070e300000, 0x000000070e300000| Untracked 
| 166|0x000000070e400000, 0x000000070e400000, 0x000000070e500000|  0%| F|  |TAMS 0x000000070e400000, 0x000000070e400000| Untracked 
| 167|0x000000070e500000, 0x000000070e500000, 0x000000070e600000|  0%| F|  |TAMS 0x000000070e500000, 0x000000070e500000| Untracked 
| 168|0x000000070e600000, 0x000000070e600000, 0x000000070e700000|  0%| F|  |TAMS 0x000000070e600000, 0x000000070e600000| Untracked 
| 169|0x000000070e700000, 0x000000070e700000, 0x000000070e800000|  0%| F|  |TAMS 0x000000070e700000, 0x000000070e700000| Untracked 
| 170|0x000000070e800000, 0x000000070e800000, 0x000000070e900000|  0%| F|  |TAMS 0x000000070e800000, 0x000000070e800000| Untracked 
| 171|0x000000070e900000, 0x000000070e900000, 0x000000070ea00000|  0%| F|  |TAMS 0x000000070e900000, 0x000000070e900000| Untracked 
| 172|0x000000070ea00000, 0x000000070ea00000, 0x000000070eb00000|  0%| F|  |TAMS 0x000000070ea00000, 0x000000070ea00000| Untracked 
| 173|0x000000070eb00000, 0x000000070eb00000, 0x000000070ec00000|  0%| F|  |TAMS 0x000000070eb00000, 0x000000070eb00000| Untracked 
| 174|0x000000070ec00000, 0x000000070ec00000, 0x000000070ed00000|  0%| F|  |TAMS 0x000000070ec00000, 0x000000070ec00000| Untracked 
| 175|0x000000070ed00000, 0x000000070ed00000, 0x000000070ee00000|  0%| F|  |TAMS 0x000000070ed00000, 0x000000070ed00000| Untracked 
| 176|0x000000070ee00000, 0x000000070ee00000, 0x000000070ef00000|  0%| F|  |TAMS 0x000000070ee00000, 0x000000070ee00000| Untracked 
| 177|0x000000070ef00000, 0x000000070ef00000, 0x000000070f000000|  0%| F|  |TAMS 0x000000070ef00000, 0x000000070ef00000| Untracked 
| 178|0x000000070f000000, 0x000000070f000000, 0x000000070f100000|  0%| F|  |TAMS 0x000000070f000000, 0x000000070f000000| Untracked 
| 179|0x000000070f100000, 0x000000070f100000, 0x000000070f200000|  0%| F|  |TAMS 0x000000070f100000, 0x000000070f100000| Untracked 
| 180|0x000000070f200000, 0x000000070f200000, 0x000000070f300000|  0%| F|  |TAMS 0x000000070f200000, 0x000000070f200000| Untracked 
| 181|0x000000070f300000, 0x000000070f300000, 0x000000070f400000|  0%| F|  |TAMS 0x000000070f300000, 0x000000070f300000| Untracked 
| 182|0x000000070f400000, 0x000000070f400000, 0x000000070f500000|  0%| F|  |TAMS 0x000000070f400000, 0x000000070f400000| Untracked 
| 183|0x000000070f500000, 0x000000070f500000, 0x000000070f600000|  0%| F|  |TAMS 0x000000070f500000, 0x000000070f500000| Untracked 
| 184|0x000000070f600000, 0x000000070f600000, 0x000000070f700000|  0%| F|  |TAMS 0x000000070f600000, 0x000000070f600000| Untracked 
| 185|0x000000070f700000, 0x000000070f700000, 0x000000070f800000|  0%| F|  |TAMS 0x000000070f700000, 0x000000070f700000| Untracked 
| 186|0x000000070f800000, 0x000000070f800000, 0x000000070f900000|  0%| F|  |TAMS 0x000000070f800000, 0x000000070f800000| Untracked 
| 187|0x000000070f900000, 0x000000070f9a07c8, 0x000000070fa00000| 62%| S|CS|TAMS 0x000000070f900000, 0x000000070f900000| Complete 
| 188|0x000000070fa00000, 0x000000070fb00000, 0x000000070fb00000|100%| S|CS|TAMS 0x000000070fa00000, 0x000000070fa00000| Complete 
| 189|0x000000070fb00000, 0x000000070fc00000, 0x000000070fc00000|100%| S|CS|TAMS 0x000000070fb00000, 0x000000070fb00000| Complete 
| 190|0x000000070fc00000, 0x000000070fd00000, 0x000000070fd00000|100%| S|CS|TAMS 0x000000070fc00000, 0x000000070fc00000| Complete 
| 191|0x000000070fd00000, 0x000000070fe00000, 0x000000070fe00000|100%| S|CS|TAMS 0x000000070fd00000, 0x000000070fd00000| Complete 
| 192|0x000000070fe00000, 0x000000070ff00000, 0x000000070ff00000|100%| S|CS|TAMS 0x000000070fe00000, 0x000000070fe00000| Complete 
| 193|0x000000070ff00000, 0x0000000710000000, 0x0000000710000000|100%| S|CS|TAMS 0x000000070ff00000, 0x000000070ff00000| Complete 
| 194|0x0000000710000000, 0x0000000710000000, 0x0000000710100000|  0%| F|  |TAMS 0x0000000710000000, 0x0000000710000000| Untracked 
| 195|0x0000000710100000, 0x0000000710100000, 0x0000000710200000|  0%| F|  |TAMS 0x0000000710100000, 0x0000000710100000| Untracked 
| 196|0x0000000710200000, 0x0000000710200000, 0x0000000710300000|  0%| F|  |TAMS 0x0000000710200000, 0x0000000710200000| Untracked 
| 197|0x0000000710300000, 0x0000000710400000, 0x0000000710400000|100%| E|  |TAMS 0x0000000710300000, 0x0000000710300000| Complete 
| 198|0x0000000710400000, 0x0000000710500000, 0x0000000710500000|100%| E|CS|TAMS 0x0000000710400000, 0x0000000710400000| Complete 
| 199|0x0000000710500000, 0x0000000710600000, 0x0000000710600000|100%| E|CS|TAMS 0x0000000710500000, 0x0000000710500000| Complete 
| 200|0x0000000710600000, 0x0000000710700000, 0x0000000710700000|100%| E|CS|TAMS 0x0000000710600000, 0x0000000710600000| Complete 
| 201|0x0000000710700000, 0x0000000710800000, 0x0000000710800000|100%| E|CS|TAMS 0x0000000710700000, 0x0000000710700000| Complete 
| 202|0x0000000710800000, 0x0000000710900000, 0x0000000710900000|100%| E|CS|TAMS 0x0000000710800000, 0x0000000710800000| Complete 
| 203|0x0000000710900000, 0x0000000710a00000, 0x0000000710a00000|100%| E|CS|TAMS 0x0000000710900000, 0x0000000710900000| Complete 
| 204|0x0000000710a00000, 0x0000000710b00000, 0x0000000710b00000|100%| E|CS|TAMS 0x0000000710a00000, 0x0000000710a00000| Complete 
| 205|0x0000000710b00000, 0x0000000710c00000, 0x0000000710c00000|100%| E|CS|TAMS 0x0000000710b00000, 0x0000000710b00000| Complete 
| 206|0x0000000710c00000, 0x0000000710d00000, 0x0000000710d00000|100%| E|CS|TAMS 0x0000000710c00000, 0x0000000710c00000| Complete 
| 207|0x0000000710d00000, 0x0000000710e00000, 0x0000000710e00000|100%| E|CS|TAMS 0x0000000710d00000, 0x0000000710d00000| Complete 
| 208|0x0000000710e00000, 0x0000000710f00000, 0x0000000710f00000|100%| E|CS|TAMS 0x0000000710e00000, 0x0000000710e00000| Complete 
| 209|0x0000000710f00000, 0x0000000711000000, 0x0000000711000000|100%| E|CS|TAMS 0x0000000710f00000, 0x0000000710f00000| Complete 
| 210|0x0000000711000000, 0x0000000711100000, 0x0000000711100000|100%| E|CS|TAMS 0x0000000711000000, 0x0000000711000000| Complete 
| 211|0x0000000711100000, 0x0000000711200000, 0x0000000711200000|100%| E|CS|TAMS 0x0000000711100000, 0x0000000711100000| Complete 
| 212|0x0000000711200000, 0x0000000711300000, 0x0000000711300000|100%| E|CS|TAMS 0x0000000711200000, 0x0000000711200000| Complete 
| 213|0x0000000711300000, 0x0000000711400000, 0x0000000711400000|100%| E|CS|TAMS 0x0000000711300000, 0x0000000711300000| Complete 
| 214|0x0000000711400000, 0x0000000711500000, 0x0000000711500000|100%| E|CS|TAMS 0x0000000711400000, 0x0000000711400000| Complete 
| 215|0x0000000711500000, 0x0000000711600000, 0x0000000711600000|100%| E|CS|TAMS 0x0000000711500000, 0x0000000711500000| Complete 
| 216|0x0000000711600000, 0x0000000711700000, 0x0000000711700000|100%| E|CS|TAMS 0x0000000711600000, 0x0000000711600000| Complete 
| 217|0x0000000711700000, 0x0000000711800000, 0x0000000711800000|100%| E|CS|TAMS 0x0000000711700000, 0x0000000711700000| Complete 
| 218|0x0000000711800000, 0x0000000711900000, 0x0000000711900000|100%| E|CS|TAMS 0x0000000711800000, 0x0000000711800000| Complete 
| 219|0x0000000711900000, 0x0000000711a00000, 0x0000000711a00000|100%| E|CS|TAMS 0x0000000711900000, 0x0000000711900000| Complete 
| 220|0x0000000711a00000, 0x0000000711b00000, 0x0000000711b00000|100%| E|CS|TAMS 0x0000000711a00000, 0x0000000711a00000| Complete 
| 221|0x0000000711b00000, 0x0000000711c00000, 0x0000000711c00000|100%| E|CS|TAMS 0x0000000711b00000, 0x0000000711b00000| Complete 
| 222|0x0000000711c00000, 0x0000000711d00000, 0x0000000711d00000|100%| E|CS|TAMS 0x0000000711c00000, 0x0000000711c00000| Complete 
| 223|0x0000000711d00000, 0x0000000711e00000, 0x0000000711e00000|100%| E|CS|TAMS 0x0000000711d00000, 0x0000000711d00000| Complete 
| 224|0x0000000711e00000, 0x0000000711f00000, 0x0000000711f00000|100%| E|CS|TAMS 0x0000000711e00000, 0x0000000711e00000| Complete 
| 225|0x0000000711f00000, 0x0000000712000000, 0x0000000712000000|100%| E|CS|TAMS 0x0000000711f00000, 0x0000000711f00000| Complete 
| 226|0x0000000712000000, 0x0000000712100000, 0x0000000712100000|100%| E|CS|TAMS 0x0000000712000000, 0x0000000712000000| Complete 
| 227|0x0000000712100000, 0x0000000712200000, 0x0000000712200000|100%| E|CS|TAMS 0x0000000712100000, 0x0000000712100000| Complete 
| 228|0x0000000712200000, 0x0000000712300000, 0x0000000712300000|100%| E|CS|TAMS 0x0000000712200000, 0x0000000712200000| Complete 
| 229|0x0000000712300000, 0x0000000712400000, 0x0000000712400000|100%| E|CS|TAMS 0x0000000712300000, 0x0000000712300000| Complete 
| 230|0x0000000712400000, 0x0000000712500000, 0x0000000712500000|100%| E|CS|TAMS 0x0000000712400000, 0x0000000712400000| Complete 
| 231|0x0000000712500000, 0x0000000712600000, 0x0000000712600000|100%| E|CS|TAMS 0x0000000712500000, 0x0000000712500000| Complete 
| 232|0x0000000712600000, 0x0000000712700000, 0x0000000712700000|100%| E|CS|TAMS 0x0000000712600000, 0x0000000712600000| Complete 
| 233|0x0000000712700000, 0x0000000712800000, 0x0000000712800000|100%| E|CS|TAMS 0x0000000712700000, 0x0000000712700000| Complete 
| 234|0x0000000712800000, 0x0000000712900000, 0x0000000712900000|100%| E|CS|TAMS 0x0000000712800000, 0x0000000712800000| Complete 
| 235|0x0000000712900000, 0x0000000712a00000, 0x0000000712a00000|100%| E|CS|TAMS 0x0000000712900000, 0x0000000712900000| Complete 
| 236|0x0000000712a00000, 0x0000000712b00000, 0x0000000712b00000|100%| E|  |TAMS 0x0000000712a00000, 0x0000000712a00000| Complete 
| 237|0x0000000712b00000, 0x0000000712c00000, 0x0000000712c00000|100%| E|CS|TAMS 0x0000000712b00000, 0x0000000712b00000| Complete 
| 238|0x0000000712c00000, 0x0000000712d00000, 0x0000000712d00000|100%| E|CS|TAMS 0x0000000712c00000, 0x0000000712c00000| Complete 
| 239|0x0000000712d00000, 0x0000000712e00000, 0x0000000712e00000|100%| E|CS|TAMS 0x0000000712d00000, 0x0000000712d00000| Complete 
| 240|0x0000000712e00000, 0x0000000712f00000, 0x0000000712f00000|100%| E|CS|TAMS 0x0000000712e00000, 0x0000000712e00000| Complete 
| 241|0x0000000712f00000, 0x0000000713000000, 0x0000000713000000|100%| E|CS|TAMS 0x0000000712f00000, 0x0000000712f00000| Complete 
| 242|0x0000000713000000, 0x0000000713100000, 0x0000000713100000|100%| E|CS|TAMS 0x0000000713000000, 0x0000000713000000| Complete 
| 243|0x0000000713100000, 0x0000000713200000, 0x0000000713200000|100%| E|CS|TAMS 0x0000000713100000, 0x0000000713100000| Complete 
| 244|0x0000000713200000, 0x0000000713300000, 0x0000000713300000|100%| E|CS|TAMS 0x0000000713200000, 0x0000000713200000| Complete 
| 245|0x0000000713300000, 0x0000000713400000, 0x0000000713400000|100%| E|CS|TAMS 0x0000000713300000, 0x0000000713300000| Complete 
| 246|0x0000000713400000, 0x0000000713500000, 0x0000000713500000|100%| E|CS|TAMS 0x0000000713400000, 0x0000000713400000| Complete 
| 247|0x0000000713500000, 0x0000000713600000, 0x0000000713600000|100%| E|CS|TAMS 0x0000000713500000, 0x0000000713500000| Complete 
| 248|0x0000000713600000, 0x0000000713700000, 0x0000000713700000|100%| E|CS|TAMS 0x0000000713600000, 0x0000000713600000| Complete 
| 249|0x0000000713700000, 0x0000000713800000, 0x0000000713800000|100%| E|CS|TAMS 0x0000000713700000, 0x0000000713700000| Complete 
| 250|0x0000000713800000, 0x0000000713900000, 0x0000000713900000|100%| E|CS|TAMS 0x0000000713800000, 0x0000000713800000| Complete 
| 251|0x0000000713900000, 0x0000000713a00000, 0x0000000713a00000|100%| E|CS|TAMS 0x0000000713900000, 0x0000000713900000| Complete 
| 252|0x0000000713a00000, 0x0000000713b00000, 0x0000000713b00000|100%| E|CS|TAMS 0x0000000713a00000, 0x0000000713a00000| Complete 
| 253|0x0000000713b00000, 0x0000000713c00000, 0x0000000713c00000|100%| E|CS|TAMS 0x0000000713b00000, 0x0000000713b00000| Complete 

Card table byte_map: [0x00000160d56e0000,0x00000160d5ed0000] _byte_map_base: 0x00000160d1ec1000

Marking Bits (Prev, Next): (CMBitMap*) 0x00000160bcba94f0, (CMBitMap*) 0x00000160bcba94b8
 Prev Bits: [0x00000160da5d0000, 0x00000160de4d8000)
 Next Bits: [0x00000160d66c0000, 0x00000160da5c8000)

Polling page: 0x00000160bb2f0000

Metaspace:

Usage:
  Non-class:     29.61 MB capacity,    28.85 MB ( 97%) used,   632.63 KB (  2%) free+waste,   145.44 KB ( <1%) overhead. 
      Class:      4.79 MB capacity,     4.27 MB ( 89%) used,   462.15 KB (  9%) free+waste,    74.63 KB (  2%) overhead. 
       Both:     34.40 MB capacity,    33.11 MB ( 96%) used,     1.07 MB (  3%) free+waste,   220.06 KB ( <1%) overhead. 

Virtual space:
  Non-class space:       30.00 MB reserved,      29.75 MB (>99%) committed 
      Class space:        1.00 GB reserved,       4.88 MB ( <1%) committed 
             Both:        1.03 GB reserved,      34.63 MB (  3%) committed 

Chunk freelists:
   Non-Class:  19.00 KB
       Class:  22.00 KB
        Both:  41.00 KB

MaxMetaspaceSize: 17179869184.00 GB
CompressedClassSpaceSize: 1.00 GB

CodeHeap 'non-profiled nmethods': size=120000Kb used=1762Kb max_used=1762Kb free=118237Kb
 bounds [0x00000160ccd30000, 0x00000160ccfa0000, 0x00000160d4260000]
CodeHeap 'profiled nmethods': size=120000Kb used=6639Kb max_used=6639Kb free=113360Kb
 bounds [0x00000160c5800000, 0x00000160c5e80000, 0x00000160ccd30000]
CodeHeap 'non-nmethods': size=5760Kb used=1405Kb max_used=1431Kb free=4354Kb
 bounds [0x00000160c5260000, 0x00000160c54d0000, 0x00000160c5800000]
 total_blobs=4107 nmethods=3248 adapters=770
 compilation: enabled
              stopped_count=0, restarted_count=0
 full_count=0

Compilation events (20 events):
Event: 13.309 Thread 0x00000160e1b33800 nmethod 3238 0x00000160c5e75890 code [0x00000160c5e75a40, 0x00000160c5e75bc8]
Event: 13.311 Thread 0x00000160e1b33800 3239       3       com.sun.javafx.css.PseudoClassState::size (5 bytes)
Event: 13.311 Thread 0x00000160e1b33800 nmethod 3239 0x00000160c5e75c90 code [0x00000160c5e75e40, 0x00000160c5e75f68]
Event: 13.313 Thread 0x00000160e1b33800 3240       1       com.sun.javafx.geom.RectBounds::getMaxX (5 bytes)
Event: 13.313 Thread 0x00000160e1b33800 nmethod 3240 0x00000160ccee6990 code [0x00000160ccee6b40, 0x00000160ccee6bf8]
Event: 13.313 Thread 0x00000160e1b33800 3241       1       com.sun.javafx.geom.RectBounds::getMaxY (5 bytes)
Event: 13.313 Thread 0x00000160e1b33800 nmethod 3241 0x00000160ccee6c90 code [0x00000160ccee6e40, 0x00000160ccee6ef8]
Event: 13.315 Thread 0x00000160e4ae6000 nmethod 3219 0x00000160ccee6f90 code [0x00000160ccee7160, 0x00000160ccee7a38]
Event: 13.315 Thread 0x00000160e4ae6000 3225       4       jdk.internal.org.objectweb.asm.MethodWriter::visitCode (1 bytes)
Event: 13.315 Thread 0x00000160e4ae6000 nmethod 3225 0x00000160ccee7e90 code [0x00000160ccee8020, 0x00000160ccee8078]
Event: 13.324 Thread 0x00000160e1b33800 3242       1       com.sun.javafx.font.CompositeStrike::getFontResource (5 bytes)
Event: 13.324 Thread 0x00000160e1b33800 nmethod 3242 0x00000160ccee8110 code [0x00000160ccee82c0, 0x00000160ccee8378]
Event: 13.327 Thread 0x00000160e1b33800 3243       3       java.util.IdentityHashMap::get (60 bytes)
Event: 13.328 Thread 0x00000160e1b33800 nmethod 3243 0x00000160c5e76010 code [0x00000160c5e76200, 0x00000160c5e76668]
Event: 13.328 Thread 0x00000160e1b33800 3244       3       java.lang.invoke.VarHandleGuards::guard_LLL_Z (70 bytes)
Event: 13.329 Thread 0x00000160e1b33800 nmethod 3244 0x00000160c5e76890 code [0x00000160c5e76b40, 0x00000160c5e77be8]
Event: 13.329 Thread 0x00000160e1b33800 3245       3       com.sun.crypto.provider.AESCrypt::isKeySizeValid (29 bytes)
Event: 13.329 Thread 0x00000160e1b33800 nmethod 3245 0x00000160c5e78110 code [0x00000160c5e782e0, 0x00000160c5e784f8]
Event: 13.329 Thread 0x00000160e1b33800 3246       1       org.apache.http.message.BasicStatusLine::getStatusCode (5 bytes)
Event: 13.329 Thread 0x00000160e1b33800 nmethod 3246 0x00000160ccee8610 code [0x00000160ccee87c0, 0x00000160ccee8878]

GC Heap History (10 events):
Event: 0.869 GC heap before
{Heap before GC invocations=0 (full 0):
 garbage-first heap   total 260096K, used 23552K [0x0000000703e00000, 0x0000000800000000)
  region size 1024K, 24 young (24576K), 0 survivors (0K)
 Metaspace       used 11919K, capacity 12341K, committed 12416K, reserved 1060864K
  class space    used 1194K, capacity 1339K, committed 1408K, reserved 1048576K
}
Event: 0.873 GC heap after
{Heap after GC invocations=1 (full 0):
 garbage-first heap   total 260096K, used 8323K [0x0000000703e00000, 0x0000000800000000)
  region size 1024K, 3 young (3072K), 3 survivors (3072K)
 Metaspace       used 11919K, capacity 12341K, committed 12416K, reserved 1060864K
  class space    used 1194K, capacity 1339K, committed 1408K, reserved 1048576K
}
Event: 1.010 GC heap before
{Heap before GC invocations=1 (full 0):
 garbage-first heap   total 260096K, used 17539K [0x0000000703e00000, 0x0000000800000000)
  region size 1024K, 12 young (12288K), 3 survivors (3072K)
 Metaspace       used 15237K, capacity 15686K, committed 15872K, reserved 1062912K
  class space    used 1558K, capacity 1725K, committed 1792K, reserved 1048576K
}
Event: 1.013 GC heap after
{Heap after GC invocations=2 (full 0):
 garbage-first heap   total 260096K, used 9862K [0x0000000703e00000, 0x0000000800000000)
  region size 1024K, 2 young (2048K), 2 survivors (2048K)
 Metaspace       used 15237K, capacity 15686K, committed 15872K, reserved 1062912K
  class space    used 1558K, capacity 1725K, committed 1792K, reserved 1048576K
}
Event: 1.663 GC heap before
{Heap before GC invocations=2 (full 0):
 garbage-first heap   total 260096K, used 55942K [0x0000000703e00000, 0x0000000800000000)
  region size 1024K, 40 young (40960K), 2 survivors (2048K)
 Metaspace       used 20499K, capacity 21136K, committed 21248K, reserved 1069056K
  class space    used 2282K, capacity 2522K, committed 2560K, reserved 1048576K
}
Event: 1.666 GC heap after
{Heap after GC invocations=3 (full 0):
 garbage-first heap   total 260096K, used 14531K [0x0000000703e00000, 0x0000000800000000)
  region size 1024K, 3 young (3072K), 3 survivors (3072K)
 Metaspace       used 20499K, capacity 21136K, committed 21248K, reserved 1069056K
  class space    used 2282K, capacity 2522K, committed 2560K, reserved 1048576K
}
Event: 1.672 GC heap before
{Heap before GC invocations=3 (full 0):
 garbage-first heap   total 260096K, used 14531K [0x0000000703e00000, 0x0000000800000000)
  region size 1024K, 4 young (4096K), 3 survivors (3072K)
 Metaspace       used 20592K, capacity 21232K, committed 21248K, reserved 1069056K
  class space    used 2294K, capacity 2554K, committed 2560K, reserved 1048576K
}
Event: 1.675 GC heap after
{Heap after GC invocations=4 (full 0):
 garbage-first heap   total 260096K, used 14668K [0x0000000703e00000, 0x0000000800000000)
  region size 1024K, 3 young (3072K), 3 survivors (3072K)
 Metaspace       used 20592K, capacity 21232K, committed 21248K, reserved 1069056K
  class space    used 2294K, capacity 2554K, committed 2560K, reserved 1048576K
}
Event: 12.713 GC heap before
{Heap before GC invocations=5 (full 0):
 garbage-first heap   total 260096K, used 78156K [0x0000000703e00000, 0x0000000800000000)
  region size 1024K, 60 young (61440K), 3 survivors (3072K)
 Metaspace       used 30863K, capacity 31920K, committed 32256K, reserved 1077248K
  class space    used 3794K, capacity 4236K, committed 4352K, reserved 1048576K
}
Event: 12.718 GC heap after
{Heap after GC invocations=6 (full 0):
 garbage-first heap   total 260096K, used 24594K [0x0000000703e00000, 0x0000000800000000)
  region size 1024K, 7 young (7168K), 7 survivors (7168K)
 Metaspace       used 30863K, capacity 31920K, committed 32256K, reserved 1077248K
  class space    used 3794K, capacity 4236K, committed 4352K, reserved 1048576K
}

Deoptimization events (20 events):
Event: 13.159 Thread 0x00000160e359d800 DEOPT PACKING pc=0x00000160cce4530c sp=0x0000003e4e8fca20
Event: 13.159 Thread 0x00000160e359d800 DEOPT UNPACKING pc=0x00000160c52868af sp=0x0000003e4e8fc9a8 mode 2
Event: 13.240 Thread 0x00000160e55aa800 DEOPT PACKING pc=0x00000160c5dea0f5 sp=0x0000003e507fc5a0
Event: 13.240 Thread 0x00000160e55aa800 DEOPT UNPACKING pc=0x00000160c528705e sp=0x0000003e507fbb18 mode 0
Event: 13.244 Thread 0x00000160e55aa800 DEOPT PACKING pc=0x00000160c5dea0b3 sp=0x0000003e507fc7d0
Event: 13.244 Thread 0x00000160e55aa800 DEOPT UNPACKING pc=0x00000160c528705e sp=0x0000003e507fbd48 mode 0
Event: 13.257 Thread 0x00000160e55aa800 DEOPT PACKING pc=0x00000160c5dea0b3 sp=0x0000003e507fc770
Event: 13.257 Thread 0x00000160e55aa800 DEOPT UNPACKING pc=0x00000160c528705e sp=0x0000003e507fbce8 mode 0
Event: 13.261 Thread 0x00000160e55aa800 DEOPT PACKING pc=0x00000160c5dea0f5 sp=0x0000003e507fc790
Event: 13.261 Thread 0x00000160e55aa800 DEOPT UNPACKING pc=0x00000160c528705e sp=0x0000003e507fbd08 mode 0
Event: 13.265 Thread 0x00000160e55aa800 DEOPT PACKING pc=0x00000160c5dea0f5 sp=0x0000003e507fc790
Event: 13.265 Thread 0x00000160e55aa800 DEOPT UNPACKING pc=0x00000160c528705e sp=0x0000003e507fbd08 mode 0
Event: 13.274 Thread 0x00000160e55aa800 DEOPT PACKING pc=0x00000160c5dea0b3 sp=0x0000003e507fc790
Event: 13.274 Thread 0x00000160e55aa800 DEOPT UNPACKING pc=0x00000160c528705e sp=0x0000003e507fbd08 mode 0
Event: 13.280 Thread 0x00000160e55aa800 DEOPT PACKING pc=0x00000160c5dea0b3 sp=0x0000003e507fc790
Event: 13.280 Thread 0x00000160e55aa800 DEOPT UNPACKING pc=0x00000160c528705e sp=0x0000003e507fbd08 mode 0
Event: 13.296 Thread 0x00000160e55aa800 DEOPT PACKING pc=0x00000160c5dea0b3 sp=0x0000003e507fc790
Event: 13.296 Thread 0x00000160e55aa800 DEOPT UNPACKING pc=0x00000160c528705e sp=0x0000003e507fbd08 mode 0
Event: 13.299 Thread 0x00000160e55aa800 DEOPT PACKING pc=0x00000160c5dea0f5 sp=0x0000003e507fc790
Event: 13.299 Thread 0x00000160e55aa800 DEOPT UNPACKING pc=0x00000160c528705e sp=0x0000003e507fbd08 mode 0

Classes redefined (0 events):
No events

Internal exceptions (20 events):
Event: 3.872 Thread 0x00000160e359d800 Exception <a 'java/lang/NoSuchMethodError'{0x00000007115d5740}: 'java.lang.Object java.lang.invoke.DirectMethodHandle$Holder.invokeInterface(java.lang.Object, java.lang.Object, java.lang.Object)'> (0x00000007115d5740) thrown at [./src/hotspot/share/interpreter/linkResolver.cpp, line 773]
Event: 3.872 Thread 0x00000160e359d800 Exception <a 'java/lang/IncompatibleClassChangeError'{0x00000007115d88f8}: Found class java.lang.Object, but interface was expected> (0x00000007115d88f8) thrown at [./src/hotspot/share/interpreter/linkResolver.cpp, line 839]
Event: 3.890 Thread 0x00000160e359d800 Exception <a 'java/lang/NoSuchMethodError'{0x0000000711205b88}: 'long java.lang.invoke.DirectMethodHandle$Holder.invokeStaticInit(java.lang.Object, java.lang.Object, java.lang.Object)'> (0x0000000711205b88) thrown at [./src/hotspot/share/interpreter/linkResolver.cpp, line 773]
Event: 3.892 Thread 0x00000160e359d800 Exception <a 'java/lang/NoSuchMethodError'{0x000000071121e4c0}: 'java.lang.Object java.lang.invoke.DirectMethodHandle$Holder.invokeStatic(java.lang.Object, java.lang.Object, long)'> (0x000000071121e4c0) thrown at [./src/hotspot/share/interpreter/linkResolver.cpp, line 773]
Event: 3.893 Thread 0x00000160e359d800 Exception <a 'java/lang/NoSuchMethodError'{0x0000000711224638}: 'java.lang.Object java.lang.invoke.Invokers$Holder.linkToTargetMethod(java.lang.Object, long, java.lang.Object)'> (0x0000000711224638) thrown at [./src/hotspot/share/interpreter/linkResolver.cpp, line 773]
Event: 3.902 Thread 0x00000160e359d800 Exception <a 'java/lang/NoSuchMethodError'{0x0000000711102760}: 'java.lang.Object java.lang.invoke.DirectMethodHandle$Holder.invokeSpecial(java.lang.Object, java.lang.Object, int, int, int, int, int, int, int)'> (0x0000000711102760) thrown at [./src/hotspot/share/interpreter/linkResolver.cpp, line 773]
Event: 3.902 Thread 0x00000160e359d800 Exception <a 'java/lang/NoSuchMethodError'{0x0000000711105b18}: 'java.lang.Object java.lang.invoke.DelegatingMethodHandle$Holder.reinvoke_L(java.lang.Object, int, int, int, int, int, int, int)'> (0x0000000711105b18) thrown at [./src/hotspot/share/interpreter/linkResolver.cpp, line 773]
Event: 3.903 Thread 0x00000160e359d800 Exception <a 'java/lang/NoSuchMethodError'{0x000000071112a800}: 'java.lang.Object java.lang.invoke.DirectMethodHandle$Holder.invokeSpecial(java.lang.Object, java.lang.Object, int, int, int, int)'> (0x000000071112a800) thrown at [./src/hotspot/share/interpreter/linkResolver.cpp, line 773]
Event: 12.015 Thread 0x00000160e359d800 Exception <a 'java/lang/NoSuchMethodError'{0x0000000710ca22e0}: 'org.slf4j.impl.StaticMDCBinder org.slf4j.impl.StaticMDCBinder.getSingleton()'> (0x0000000710ca22e0) thrown at [./src/hotspot/share/interpreter/linkResolver.cpp, line 773]
Event: 12.031 Thread 0x00000160e359d800 Exception <a 'sun/nio/fs/WindowsException'{0x0000000710cd4400}> (0x0000000710cd4400) thrown at [./src/hotspot/share/prims/jni.cpp, line 615]
Event: 12.048 Thread 0x00000160e359d800 Exception <a 'java/lang/NoSuchMethodError'{0x0000000710b87e48}: 'java.lang.Object java.lang.invoke.DelegatingMethodHandle$Holder.reinvoke_L(java.lang.Object, long, java.lang.Object)'> (0x0000000710b87e48) thrown at [./src/hotspot/share/interpreter/linkResolver.cpp, line 773]
Event: 12.053 Thread 0x00000160e359d800 Exception <a 'java/lang/NoSuchMethodError'{0x0000000710a080d8}: 'java.lang.Object java.lang.invoke.DelegatingMethodHandle$Holder.reinvoke_L(java.lang.Object, java.lang.Object, int, int, long, int, java.lang.Object, java.lang.Object, java.lang.Object, int)'> (0x0000000710a080d8) thrown at [./src/hotspot/share/interpreter/linkResolver.cpp, line 773]
Event: 12.055 Thread 0x00000160e359d800 Exception <a 'java/lang/NoSuchMethodError'{0x0000000710a66da0}: 'java.lang.Object java.lang.invoke.DirectMethodHandle$Holder.invokeSpecial(java.lang.Object, java.lang.Object, int, int, int, long, int, java.lang.Object, java.lang.Object, java.lang.Object, int)'> (0x0000000710a66da0) thrown at [./src/hotspot/share/interpreter/linkResolver.cpp, line 773]
Event: 12.055 Thread 0x00000160e359d800 Exception <a 'java/lang/NoSuchMethodError'{0x0000000710a6a648}: 'java.lang.Object java.lang.invoke.DelegatingMethodHandle$Holder.reinvoke_L(java.lang.Object, int, int, int, long, int, java.lang.Object, java.lang.Object, java.lang.Object, int)'> (0x0000000710a6a648) thrown at [./src/hotspot/share/interpreter/linkResolver.cpp, line 773]
Event: 12.061 Thread 0x00000160e359d800 Implicit null exception at 0x00000160ccd8a2f7 to 0x00000160ccd8a804
Event: 12.064 Thread 0x00000160e359d800 Exception <a 'java/lang/NoSuchMethodError'{0x00000007109717c8}: 'java.lang.Object java.lang.invoke.DirectMethodHandle$Holder.invokeSpecial(java.lang.Object, java.lang.Object, int, int, int, java.lang.Object, java.lang.Object, java.lang.Object)'> (0x00000007109717c8) thrown at [./src/hotspot/share/interpreter/linkResolver.cpp, line 773]
Event: 12.064 Thread 0x00000160e359d800 Exception <a 'java/lang/NoSuchMethodError'{0x0000000710974e08}: 'java.lang.Object java.lang.invoke.DelegatingMethodHandle$Holder.reinvoke_L(java.lang.Object, int, int, int, java.lang.Object, java.lang.Object, java.lang.Object)'> (0x0000000710974e08) thrown at [./src/hotspot/share/interpreter/linkResolver.cpp, line 773]
Event: 12.796 Thread 0x00000160e359d800 Exception <a 'java/lang/NoSuchMethodError'{0x000000071343a148}: 'java.lang.Object java.lang.invoke.DelegatingMethodHandle$Holder.reinvoke_L(java.lang.Object, java.lang.Object, int, int, long, int, int, java.lang.Object, java.lang.Object, int)'> (0x000000071343a148) thrown at [./src/hotspot/share/interpreter/linkResolver.cpp, line 773]
Event: 12.798 Thread 0x00000160e359d800 Exception <a 'java/lang/NoSuchMethodError'{0x0000000713497ee8}: 'java.lang.Object java.lang.invoke.DirectMethodHandle$Holder.invokeSpecial(java.lang.Object, java.lang.Object, int, int, int, long, int, int, java.lang.Object, java.lang.Object, int)'> (0x0000000713497ee8) thrown at [./src/hotspot/share/interpreter/linkResolver.cpp, line 773]
Event: 12.799 Thread 0x00000160e359d800 Exception <a 'java/lang/NoSuchMethodError'{0x000000071349b688}: 'java.lang.Object java.lang.invoke.DelegatingMethodHandle$Holder.reinvoke_L(java.lang.Object, int, int, int, long, int, int, java.lang.Object, java.lang.Object, int)'> (0x000000071349b688) thrown at [./src/hotspot/share/interpreter/linkResolver.cpp, line 773]

Events (20 events):
Event: 13.321 loading class com/sun/javafx/image/impl/IntArgb
Event: 13.321 loading class com/sun/javafx/image/impl/IntArgb done
Event: 13.321 loading class com/sun/javafx/image/impl/IntArgb$Accessor
Event: 13.321 loading class com/sun/javafx/image/impl/IntArgb$Accessor done
Event: 13.321 loading class com/sun/javafx/image/impl/ByteRgb$ToIntFrgbConv
Event: 13.321 loading class com/sun/javafx/image/impl/ByteRgb$ToIntFrgbConv done
Event: 13.321 loading class com/sun/javafx/image/impl/BaseByteToIntConverter
Event: 13.321 loading class com/sun/javafx/image/impl/BaseByteToIntConverter done
Event: 13.322 loading class com/sun/javafx/image/ByteToIntPixelConverter
Event: 13.322 loading class com/sun/javafx/image/ByteToIntPixelConverter done
Event: 13.323 loading class com/sun/javafx/webkit/prism/TextUtilities
Event: 13.323 loading class com/sun/javafx/webkit/prism/TextUtilities done
Event: 13.323 loading class com/sun/javafx/webkit/prism/TextUtilities$1
Event: 13.323 loading class com/sun/javafx/webkit/prism/TextUtilities$1 done
Event: 13.324 loading class com/sun/javafx/webkit/prism/WCGraphicsPrismContext$10
Event: 13.324 loading class com/sun/javafx/webkit/prism/WCGraphicsPrismContext$10 done
Event: 13.325 loading class com/sun/javafx/font/directwrite/IDWriteGlyphRunAnalysis
Event: 13.325 loading class com/sun/javafx/font/directwrite/IDWriteGlyphRunAnalysis done
Event: 13.329 loading class com/sun/javafx/font/directwrite/IWICImagingFactory
Event: 13.329 loading class com/sun/javafx/font/directwrite/IWICImagingFactory done


Dynamic libraries:
0x00007ff7f1ab0000 - 0x00007ff7f1abd000 	C:\Program Files\AdoptOpenJDK\jdk-11.0.11.9-hotspot\bin\java.exe
0x00007ffe13050000 - 0x00007ffe13245000 	C:\Windows\SYSTEM32\ntdll.dll
0x00007ffe111d0000 - 0x00007ffe1128d000 	C:\Windows\System32\KERNEL32.DLL
0x00007ffe10b60000 - 0x00007ffe10e28000 	C:\Windows\System32\KERNELBASE.dll
0x00007ffe10f00000 - 0x00007ffe11000000 	C:\Windows\System32\ucrtbase.dll
0x00007ffdf49c0000 - 0x00007ffdf49d7000 	C:\Program Files\AdoptOpenJDK\jdk-11.0.11.9-hotspot\bin\jli.dll
0x00007ffdf3880000 - 0x00007ffdf3895000 	C:\Program Files\AdoptOpenJDK\jdk-11.0.11.9-hotspot\bin\VCRUNTIME140.dll
0x00007ffe11e20000 - 0x00007ffe11fc0000 	C:\Windows\System32\USER32.dll
0x00007ffe108a0000 - 0x00007ffe108c2000 	C:\Windows\System32\win32u.dll
0x00007ffe124f0000 - 0x00007ffe1251a000 	C:\Windows\System32\GDI32.dll
0x00007ffe0fbb0000 - 0x00007ffe0fe4a000 	C:\Windows\WinSxS\amd64_microsoft.windows.common-controls_6595b64144ccf1df_6.0.19041.844_none_ca00b6081b84eb1d\COMCTL32.dll
0x00007ffe10790000 - 0x00007ffe1089b000 	C:\Windows\System32\gdi32full.dll
0x00007ffe10ac0000 - 0x00007ffe10b5d000 	C:\Windows\System32\msvcp_win.dll
0x00007ffe12650000 - 0x00007ffe126ee000 	C:\Windows\System32\msvcrt.dll
0x00007ffe118a0000 - 0x00007ffe118d0000 	C:\Windows\System32\IMM32.DLL
0x00007ffdb15b0000 - 0x00007ffdb164b000 	C:\Program Files\AdoptOpenJDK\jdk-11.0.11.9-hotspot\bin\msvcp140.dll
0x00007ffd62710000 - 0x00007ffd6325b000 	C:\Program Files\AdoptOpenJDK\jdk-11.0.11.9-hotspot\bin\server\jvm.dll
0x00007ffe112a0000 - 0x00007ffe1134c000 	C:\Windows\System32\ADVAPI32.dll
0x00007ffe11940000 - 0x00007ffe119db000 	C:\Windows\System32\sechost.dll
0x00007ffe123c0000 - 0x00007ffe124eb000 	C:\Windows\System32\RPCRT4.dll
0x00007ffe11930000 - 0x00007ffe11938000 	C:\Windows\System32\PSAPI.DLL
0x00007ffe0a090000 - 0x00007ffe0a0b7000 	C:\Windows\SYSTEM32\WINMM.dll
0x00007ffdfe6f0000 - 0x00007ffdfe6f9000 	C:\Windows\SYSTEM32\WSOCK32.dll
0x00007ffe0e270000 - 0x00007ffe0e27a000 	C:\Windows\SYSTEM32\VERSION.dll
0x00007ffe11fc0000 - 0x00007ffe1202b000 	C:\Windows\System32\WS2_32.dll
0x00007ffe0e290000 - 0x00007ffe0e2a2000 	C:\Windows\SYSTEM32\kernel.appcore.dll
0x00007ffe000a0000 - 0x00007ffe000b0000 	C:\Program Files\AdoptOpenJDK\jdk-11.0.11.9-hotspot\bin\verify.dll
0x00007ffe101c0000 - 0x00007ffe103a4000 	C:\Windows\SYSTEM32\DBGHELP.DLL
0x00007ffe10110000 - 0x00007ffe1013c000 	C:\Windows\SYSTEM32\dbgcore.DLL
0x00007ffe10e30000 - 0x00007ffe10eb0000 	C:\Windows\System32\bcryptPrimitives.dll
0x00007ffdc3160000 - 0x00007ffdc3188000 	C:\Program Files\AdoptOpenJDK\jdk-11.0.11.9-hotspot\bin\java.dll
0x00007ffdfff80000 - 0x00007ffdfff8a000 	C:\Program Files\AdoptOpenJDK\jdk-11.0.11.9-hotspot\bin\jimage.dll
0x00007ffde3080000 - 0x00007ffde3097000 	C:\Program Files\AdoptOpenJDK\jdk-11.0.11.9-hotspot\bin\zip.dll
0x00007ffe12830000 - 0x00007ffe12f72000 	C:\Windows\System32\SHELL32.dll
0x00007ffe0dad0000 - 0x00007ffe0e260000 	C:\Windows\SYSTEM32\windows.storage.dll
0x00007ffe11ac0000 - 0x00007ffe11e15000 	C:\Windows\System32\combase.dll
0x00007ffe0fb10000 - 0x00007ffe0fb3c000 	C:\Windows\SYSTEM32\Wldp.dll
0x00007ffe12050000 - 0x00007ffe120fe000 	C:\Windows\System32\SHCORE.dll
0x00007ffe118d0000 - 0x00007ffe11925000 	C:\Windows\System32\shlwapi.dll
0x00007ffe106d0000 - 0x00007ffe106ef000 	C:\Windows\SYSTEM32\profapi.dll
0x00007ffde2850000 - 0x00007ffde2869000 	C:\Program Files\AdoptOpenJDK\jdk-11.0.11.9-hotspot\bin\net.dll
0x00007ffe0a920000 - 0x00007ffe0aa2b000 	C:\Windows\SYSTEM32\WINHTTP.dll
0x00007ffe0f8e0000 - 0x00007ffe0f94a000 	C:\Windows\system32\mswsock.dll
0x00007ffde2600000 - 0x00007ffde2612000 	C:\Program Files\AdoptOpenJDK\jdk-11.0.11.9-hotspot\bin\nio.dll
0x00007ffe10520000 - 0x00007ffe10538000 	C:\Windows\SYSTEM32\CRYPTSP.dll
0x00007ffe0f240000 - 0x00007ffe0f274000 	C:\Windows\system32\rsaenh.dll
0x00007ffe108d0000 - 0x00007ffe108f7000 	C:\Windows\System32\bcrypt.dll
0x00007ffe10650000 - 0x00007ffe1067e000 	C:\Windows\SYSTEM32\USERENV.dll
0x00007ffe0fb00000 - 0x00007ffe0fb0c000 	C:\Windows\SYSTEM32\CRYPTBASE.dll
0x00007ffe0f570000 - 0x00007ffe0f5ab000 	C:\Windows\SYSTEM32\IPHLPAPI.DLL
0x00007ffe12820000 - 0x00007ffe12828000 	C:\Windows\System32\NSI.dll
0x00007ffe09490000 - 0x00007ffe094a7000 	C:\Windows\SYSTEM32\dhcpcsvc6.DLL
0x00007ffe09400000 - 0x00007ffe0941d000 	C:\Windows\SYSTEM32\dhcpcsvc.DLL
0x00007ffe0f5b0000 - 0x00007ffe0f67c000 	C:\Windows\SYSTEM32\DNSAPI.dll
0x00007ffdee440000 - 0x00007ffdee447000 	C:\Program Files\AdoptOpenJDK\jdk-11.0.11.9-hotspot\bin\rmi.dll
0x00007ffdef180000 - 0x00007ffdef18e000 	C:\Program Files\AdoptOpenJDK\jdk-11.0.11.9-hotspot\bin\sunmscapi.dll
0x00007ffe10960000 - 0x00007ffe10abf000 	C:\Windows\System32\CRYPT32.dll
0x00007ffe0fb80000 - 0x00007ffe0fba7000 	C:\Windows\SYSTEM32\ncrypt.dll
0x00007ffe0fb40000 - 0x00007ffe0fb7b000 	C:\Windows\SYSTEM32\NTASN1.dll
0x00007ffdb1580000 - 0x00007ffdb15a5000 	C:\Program Files\AdoptOpenJDK\jdk-11.0.11.9-hotspot\bin\sunec.dll
0x00000160bb330000 - 0x00000160bb333000 	C:\Program Files\AdoptOpenJDK\jdk-11.0.11.9-hotspot\bin\api-ms-win-core-console-l1-1-0.dll
0x00000160bb340000 - 0x00000160bb343000 	C:\Program Files\AdoptOpenJDK\jdk-11.0.11.9-hotspot\bin\api-ms-win-core-datetime-l1-1-0.dll
0x00000160bb350000 - 0x00000160bb353000 	C:\Program Files\AdoptOpenJDK\jdk-11.0.11.9-hotspot\bin\api-ms-win-core-debug-l1-1-0.dll
0x00000160bb360000 - 0x00000160bb363000 	C:\Program Files\AdoptOpenJDK\jdk-11.0.11.9-hotspot\bin\api-ms-win-core-errorhandling-l1-1-0.dll
0x00000160bb370000 - 0x00000160bb374000 	C:\Program Files\AdoptOpenJDK\jdk-11.0.11.9-hotspot\bin\api-ms-win-core-file-l1-1-0.dll
0x00000160e4400000 - 0x00000160e4403000 	C:\Program Files\AdoptOpenJDK\jdk-11.0.11.9-hotspot\bin\api-ms-win-core-file-l1-2-0.dll
0x00000160e4410000 - 0x00000160e4413000 	C:\Program Files\AdoptOpenJDK\jdk-11.0.11.9-hotspot\bin\api-ms-win-core-file-l2-1-0.dll
0x00000160e4420000 - 0x00000160e4423000 	C:\Program Files\AdoptOpenJDK\jdk-11.0.11.9-hotspot\bin\api-ms-win-core-handle-l1-1-0.dll
0x00000160e4430000 - 0x00000160e4433000 	C:\Program Files\AdoptOpenJDK\jdk-11.0.11.9-hotspot\bin\api-ms-win-core-heap-l1-1-0.dll
0x00000160e4440000 - 0x00000160e4443000 	C:\Program Files\AdoptOpenJDK\jdk-11.0.11.9-hotspot\bin\api-ms-win-core-interlocked-l1-1-0.dll
0x00000160e4450000 - 0x00000160e4453000 	C:\Program Files\AdoptOpenJDK\jdk-11.0.11.9-hotspot\bin\api-ms-win-core-libraryloader-l1-1-0.dll
0x00000160e4460000 - 0x00000160e4463000 	C:\Program Files\AdoptOpenJDK\jdk-11.0.11.9-hotspot\bin\api-ms-win-core-localization-l1-2-0.dll
0x00000160e4470000 - 0x00000160e4473000 	C:\Program Files\AdoptOpenJDK\jdk-11.0.11.9-hotspot\bin\api-ms-win-core-memory-l1-1-0.dll
0x00000160e4480000 - 0x00000160e4483000 	C:\Program Files\AdoptOpenJDK\jdk-11.0.11.9-hotspot\bin\api-ms-win-core-namedpipe-l1-1-0.dll
0x00000160e4490000 - 0x00000160e4493000 	C:\Program Files\AdoptOpenJDK\jdk-11.0.11.9-hotspot\bin\api-ms-win-core-processenvironment-l1-1-0.dll
0x00000160e44a0000 - 0x00000160e44a3000 	C:\Program Files\AdoptOpenJDK\jdk-11.0.11.9-hotspot\bin\api-ms-win-core-processthreads-l1-1-0.dll
0x00000160e44b0000 - 0x00000160e44b3000 	C:\Program Files\AdoptOpenJDK\jdk-11.0.11.9-hotspot\bin\api-ms-win-core-processthreads-l1-1-1.dll
0x00000160e44c0000 - 0x00000160e44c3000 	C:\Program Files\AdoptOpenJDK\jdk-11.0.11.9-hotspot\bin\api-ms-win-core-profile-l1-1-0.dll
0x00000160e44d0000 - 0x00000160e44d3000 	C:\Program Files\AdoptOpenJDK\jdk-11.0.11.9-hotspot\bin\api-ms-win-core-rtlsupport-l1-1-0.dll
0x00000160e44e0000 - 0x00000160e44e3000 	C:\Program Files\AdoptOpenJDK\jdk-11.0.11.9-hotspot\bin\api-ms-win-core-string-l1-1-0.dll
0x00000160e44f0000 - 0x00000160e44f3000 	C:\Program Files\AdoptOpenJDK\jdk-11.0.11.9-hotspot\bin\api-ms-win-core-synch-l1-1-0.dll
0x00000160e4500000 - 0x00000160e4503000 	C:\Program Files\AdoptOpenJDK\jdk-11.0.11.9-hotspot\bin\api-ms-win-core-synch-l1-2-0.dll
0x00000160e4510000 - 0x00000160e4513000 	C:\Program Files\AdoptOpenJDK\jdk-11.0.11.9-hotspot\bin\api-ms-win-core-sysinfo-l1-1-0.dll
0x00000160e4520000 - 0x00000160e4523000 	C:\Program Files\AdoptOpenJDK\jdk-11.0.11.9-hotspot\bin\api-ms-win-core-timezone-l1-1-0.dll
0x00000160e4530000 - 0x00000160e4533000 	C:\Program Files\AdoptOpenJDK\jdk-11.0.11.9-hotspot\bin\api-ms-win-core-util-l1-1-0.dll
0x00000160e4540000 - 0x00000160e4543000 	C:\Program Files\AdoptOpenJDK\jdk-11.0.11.9-hotspot\bin\api-ms-win-crt-conio-l1-1-0.dll
0x00000160e4550000 - 0x00000160e4554000 	C:\Program Files\AdoptOpenJDK\jdk-11.0.11.9-hotspot\bin\api-ms-win-crt-convert-l1-1-0.dll
0x00000160e4560000 - 0x00000160e4563000 	C:\Program Files\AdoptOpenJDK\jdk-11.0.11.9-hotspot\bin\api-ms-win-crt-environment-l1-1-0.dll
0x00000160e4570000 - 0x00000160e4573000 	C:\Program Files\AdoptOpenJDK\jdk-11.0.11.9-hotspot\bin\api-ms-win-crt-filesystem-l1-1-0.dll
0x00000160e4580000 - 0x00000160e4583000 	C:\Program Files\AdoptOpenJDK\jdk-11.0.11.9-hotspot\bin\api-ms-win-crt-heap-l1-1-0.dll
0x00000160e4590000 - 0x00000160e4593000 	C:\Program Files\AdoptOpenJDK\jdk-11.0.11.9-hotspot\bin\api-ms-win-crt-locale-l1-1-0.dll
0x00000160e45a0000 - 0x00000160e45a5000 	C:\Program Files\AdoptOpenJDK\jdk-11.0.11.9-hotspot\bin\api-ms-win-crt-math-l1-1-0.dll
0x00000160e45b0000 - 0x00000160e45b5000 	C:\Program Files\AdoptOpenJDK\jdk-11.0.11.9-hotspot\bin\api-ms-win-crt-multibyte-l1-1-0.dll
0x00000160e45c0000 - 0x00000160e45d0000 	C:\Program Files\AdoptOpenJDK\jdk-11.0.11.9-hotspot\bin\api-ms-win-crt-private-l1-1-0.dll
0x00000160e45d0000 - 0x00000160e45d3000 	C:\Program Files\AdoptOpenJDK\jdk-11.0.11.9-hotspot\bin\api-ms-win-crt-process-l1-1-0.dll
0x00000160e45e0000 - 0x00000160e45e4000 	C:\Program Files\AdoptOpenJDK\jdk-11.0.11.9-hotspot\bin\api-ms-win-crt-runtime-l1-1-0.dll
0x00000160e45f0000 - 0x00000160e45f4000 	C:\Program Files\AdoptOpenJDK\jdk-11.0.11.9-hotspot\bin\api-ms-win-crt-stdio-l1-1-0.dll
0x00000160e4600000 - 0x00000160e4604000 	C:\Program Files\AdoptOpenJDK\jdk-11.0.11.9-hotspot\bin\api-ms-win-crt-string-l1-1-0.dll
0x00000160e4610000 - 0x00000160e4613000 	C:\Program Files\AdoptOpenJDK\jdk-11.0.11.9-hotspot\bin\api-ms-win-crt-time-l1-1-0.dll
0x00000160e4620000 - 0x00000160e4623000 	C:\Program Files\AdoptOpenJDK\jdk-11.0.11.9-hotspot\bin\api-ms-win-crt-utility-l1-1-0.dll
0x00007ffd7e6b0000 - 0x00007ffd7e7aa000 	C:\Program Files\AdoptOpenJDK\jdk-11.0.11.9-hotspot\bin\ucrtbase.dll
0x00007ffdcc970000 - 0x00007ffdcc9bd000 	C:\Windows\System32\concrt140.dll
0x00007ffdfe6e0000 - 0x00007ffdfe6ec000 	C:\Windows\SYSTEM32\VCRUNTIME140_1.dll
0x00007ffdb9200000 - 0x00007ffdb921c000 	C:\Users\pece\.openjfx\cache\11.0.2\prism_sw.dll
0x00007ffd563d0000 - 0x00007ffd5a180000 	C:\Users\pece\.openjfx\cache\11.0.2\jfxwebkit.dll
0x00007ffe0d240000 - 0x00007ffe0d2de000 	C:\Windows\system32\uxtheme.dll
0x00007ffdb8c00000 - 0x00007ffdb8c14000 	C:\Users\pece\.openjfx\cache\11.0.2\javafx_font.dll
0x00007ffe12520000 - 0x00007ffe1264a000 	C:\Windows\System32\ole32.dll
0x00007ffdfa780000 - 0x00007ffdfa9ff000 	C:\Windows\SYSTEM32\dwrite.dll
0x00007ffe09110000 - 0x00007ffe0911a000 	C:\Windows\System32\rasadhlp.dll
0x00007ffe09b10000 - 0x00007ffe09b8f000 	C:\Windows\System32\fwpuclnt.dll
0x00007ffe12100000 - 0x00007ffe121a9000 	C:\Windows\System32\clbcatq.dll

dbghelp: loaded successfully - version: 4.0.5 - missing functions: none
symbol engine: initialized successfully - sym options: 0x614 - pdb path: .;C:\Program Files\AdoptOpenJDK\jdk-11.0.11.9-hotspot\bin;C:\Windows\SYSTEM32;C:\Windows\WinSxS\amd64_microsoft.windows.common-controls_6595b64144ccf1df_6.0.19041.844_none_ca00b6081b84eb1d;C:\Program Files\AdoptOpenJDK\jdk-11.0.11.9-hotspot\bin\server;C:\Users\pece\.openjfx\cache\11.0.2

VM Arguments:
jvm_args: -Djava.io.tmpdir=C:\Users\pece\AppData\Local\Temp\jbd_tmp_1915519529521612082 -Djava.rmi.server.hostname=127.0.0.1 
java_command: com.machinepublishers.jbrowserdriver.JBrowserDriverServer -1 -2 -3
java_class_path (initial): C:\Users\pece\AppData\Local\Temp\jbd_classpath_4914579983672928214\classpath-unpacked.jar
Launcher Type: SUN_STANDARD

[Global flags]
     intx CICompilerCount                          = 4                                         {product} {ergonomic}
     uint ConcGCThreads                            = 3                                         {product} {ergonomic}
     uint G1ConcRefinementThreads                  = 10                                        {product} {ergonomic}
   size_t G1HeapRegionSize                         = 1048576                                   {product} {ergonomic}
    uintx GCDrainStackTargetSize                   = 64                                        {product} {ergonomic}
   size_t InitialHeapSize                          = 266338304                                 {product} {ergonomic}
   size_t MarkStackSize                            = 4194304                                   {product} {ergonomic}
   size_t MaxHeapSize                              = 4229955584                                {product} {ergonomic}
   size_t MaxNewSize                               = 2537553920                                {product} {ergonomic}
   size_t MinHeapDeltaBytes                        = 1048576                                   {product} {ergonomic}
    uintx NonNMethodCodeHeapSize                   = 5836300                                {pd product} {ergonomic}
    uintx NonProfiledCodeHeapSize                  = 122910970                              {pd product} {ergonomic}
    uintx ProfiledCodeHeapSize                     = 122910970                              {pd product} {ergonomic}
    uintx ReservedCodeCacheSize                    = 251658240                              {pd product} {ergonomic}
     bool SegmentedCodeCache                       = true                                      {product} {ergonomic}
     bool UseCompressedClassPointers               = true                                 {lp64_product} {ergonomic}
     bool UseCompressedOops                        = true                                 {lp64_product} {ergonomic}
     bool UseG1GC                                  = true                                      {product} {ergonomic}
     bool UseLargePagesIndividualAllocation        = false                                  {pd product} {ergonomic}

Logging:
Log output configuration:
 #0: stdout all=warning uptime,level,tags
 #1: stderr all=off uptime,level,tags

Environment Variables:
PATH=C:\Program Files\AdoptOpenJDK\jdk-11.0.11.9-hotspot\bin;C:\Windows\system32;C:\Windows;C:\Windows\System32\Wbem;C:\Windows\System32\WindowsPowerShell\v1.0\;C:\Windows\System32\OpenSSH\;C:\Program Files (x86)\NVIDIA Corporation\PhysX\Common;C:\Program Files\NVIDIA Corporation\NVIDIA NvDLISR;C:\Program Files\dotnet\;C:\Program Files\PuTTY\;C:\Users\pece\AppData\Local\Microsoft\WindowsApps;C:\Users\pece\AppData\Local\Programs\Git\cmd
USERNAME=pece
OS=Windows_NT
PROCESSOR_IDENTIFIER=Intel64 Family 6 Model 165 Stepping 2, GenuineIntel



---------------  S Y S T E M  ---------------

OS: Windows 10 , 64 bit Build 19041 (10.0.19041.928)
OS uptime: 2 days 23:56 hours

CPU:total 12 (initial active 12) (6 cores per cpu, 2 threads per core) family 6 model 165 stepping 2 microcode 0xe2, cmov, cx8, fxsr, mmx, sse, sse2, sse3, ssse3, sse4.1, sse4.2, popcnt, avx, avx2, aes, clmul, erms, 3dnowpref, lzcnt, ht, tsc, tscinvbit, bmi1, bmi2, adx, fma

Memory: 4k page, system-wide physical 16129M (1979M free)
TotalPageFile size 28220M (AvailPageFile size 3103M)
current process WorkingSet (physical memory assigned to process): 250M, peak: 250M
current process commit charge ("private bytes"): 447M, peak: 447M

vm_info: OpenJDK 64-Bit Server VM (11.0.11+9) for windows-amd64 JRE (11.0.11+9), built on Apr 20 2021 21:22:09 by "" with MS VC++ 15.9 (VS2017)

END.
