#
# A fatal error has been detected by the Java Runtime Environment:
#
#  EXCEPTION_ACCESS_VIOLATION (0xc0000005) at pc=0x00007ffde2604879, pid=8968, tid=15288
#
# JRE version: OpenJDK Runtime Environment AdoptOpenJDK-11.0.11+9 (11.0.11+9) (build 11.0.11+9)
# Java VM: OpenJDK 64-Bit Server VM AdoptOpenJDK-11.0.11+9 (11.0.11+9, mixed mode, tiered, compressed oops, g1 gc, windows-amd64)
# Problematic frame:
# C  [javafx_font.dll+0x4879]
#
# No core dump will be written. Minidumps are not enabled by default on client versions of Windows
#
# If you would like to submit a bug report, please visit:
#   https://github.com/AdoptOpenJDK/openjdk-support/issues
# The crash happened outside the Java Virtual Machine in native code.
# See problematic frame for where to report the bug.
#

---------------  S U M M A R Y ------------

Command Line: -Djava.io.tmpdir=C:\Users\pece\AppData\Local\Temp\jbd_tmp_16313764760200445538 -Djava.rmi.server.hostname=127.0.0.1 com.machinepublishers.jbrowserdriver.JBrowserDriverServer -1 -2 -3

Host: Intel(R) Core(TM) i7-10750H CPU @ 2.60GHz, 12 cores, 15G,  Windows 10 , 64 bit Build 19041 (10.0.19041.928)
Time: Mon May 24 22:21:03 2021 Västeuropa, sommartid elapsed time: 19.490253 seconds (0d 0h 0m 19s)

---------------  T H R E A D  ---------------

Current thread (0x000001b2d2a47000):  JavaThread "JavaFX Application Thread" daemon [_thread_in_native, id=15288, stack(0x0000002118400000,0x0000002118500000)]

Stack: [0x0000002118400000,0x0000002118500000],  sp=0x00000021184fdb60,  free space=1014k
Native frames: (J=compiled Java code, j=interpreted, Vv=VM code, C=native code)
C  [javafx_font.dll+0x4879]

Java frames: (J=compiled Java code, j=interpreted, Vv=VM code)
j  com.sun.javafx.font.directwrite.OS.CreateBitmap(JIIII)J+0
j  com.sun.javafx.font.directwrite.IWICImagingFactory.CreateBitmap(IIII)Lcom/sun/javafx/font/directwrite/IWICBitmap;+9
j  com.sun.javafx.font.directwrite.DWGlyph.createBitmap(II)Lcom/sun/javafx/font/directwrite/IWICBitmap;+10
j  com.sun.javafx.font.directwrite.DWGlyph.getCachedBitmap()Lcom/sun/javafx/font/directwrite/IWICBitmap;+13
j  com.sun.javafx.font.directwrite.DWGlyph.getD2DMask(FFZ)[B+117
j  com.sun.javafx.font.directwrite.DWGlyph.getPixelData(I)[B+94
j  com.sun.prism.sw.SWGraphics.drawGlyph(Lcom/sun/javafx/font/FontStrike;Lcom/sun/javafx/scene/text/GlyphList;ILcom/sun/javafx/geom/transform/BaseTransform;ZFF)V+85
j  com.sun.prism.sw.SWGraphics.drawString(Lcom/sun/javafx/scene/text/GlyphList;Lcom/sun/javafx/font/FontStrike;FFLcom/sun/prism/paint/Color;II)V+352
j  com.sun.javafx.webkit.prism.WCGraphicsPrismContext$10.doPaint(Lcom/sun/prism/Graphics;)V+129
j  com.sun.javafx.webkit.prism.WCGraphicsPrismContext$Composite.paint(Lcom/sun/prism/Graphics;)V+83
j  com.sun.javafx.webkit.prism.WCGraphicsPrismContext$Composite.paint()V+9
j  com.sun.javafx.webkit.prism.WCGraphicsPrismContext.drawString(Lcom/sun/webkit/graphics/WCFont;[I[FFF)V+213
j  com.sun.webkit.graphics.GraphicsDecoder.decode(Lcom/sun/webkit/graphics/WCGraphicsManager;Lcom/sun/webkit/graphics/WCGraphicsContext;Lcom/sun/webkit/graphics/BufferData;)V+1106
j  com.sun.webkit.graphics.WCRenderQueue.decode(Lcom/sun/webkit/graphics/WCGraphicsContext;)V+32
j  com.sun.webkit.WebPage.paint2GC(Lcom/sun/webkit/graphics/WCGraphicsContext;)V+174
j  com.sun.webkit.WebPage.paint(Lcom/sun/webkit/graphics/WCGraphicsContext;IIII)V+70
j  com.sun.javafx.sg.prism.web.NGWebView.renderContent(Lcom/sun/prism/Graphics;)V+101
j  com.sun.javafx.sg.prism.NGNode.doRender(Lcom/sun/prism/Graphics;)V+330
j  com.sun.javafx.sg.prism.NGNode.render(Lcom/sun/prism/Graphics;)V+34
j  com.sun.javafx.sg.prism.NGGroup.renderContent(Lcom/sun/prism/Graphics;)V+151
j  com.sun.javafx.sg.prism.NGRegion.renderContent(Lcom/sun/prism/Graphics;)V+111
j  com.sun.javafx.sg.prism.NGNode.doRender(Lcom/sun/prism/Graphics;)V+330
j  com.sun.javafx.sg.prism.NGNode.render(Lcom/sun/prism/Graphics;)V+34
j  com.sun.javafx.tk.quantum.ViewPainter.doPaint(Lcom/sun/prism/Graphics;Lcom/sun/javafx/sg/prism/NodePath;)V+201
j  com.sun.javafx.tk.quantum.ViewPainter.paintImpl(Lcom/sun/prism/Graphics;)V+961
j  com.sun.javafx.tk.quantum.UploadingPainter.run()V+741
j  java.util.concurrent.Executors$RunnableAdapter.call()Ljava/lang/Object;+4 java.base@11.0.11
j  java.util.concurrent.FutureTask.runAndReset()Z+44 java.base@11.0.11
j  com.sun.javafx.tk.RenderJob.run()V+1
j  com.sun.javafx.tk.quantum.QuantumToolkit.addRenderJob(Lcom/sun/javafx/tk/RenderJob;)Ljava/util/concurrent/Future;+58
j  com.sun.javafx.tk.quantum.ViewScene.repaint()V+25
j  com.sun.javafx.tk.quantum.PaintCollector.renderAll()V+251
J 2414 c1 com.sun.javafx.tk.quantum.QuantumToolkit.pulse(Z)V (152 bytes) @ 0x000001b2b551e58c [0x000001b2b551e0c0+0x00000000000004cc]
J 2394 c1 com.sun.javafx.tk.quantum.QuantumToolkit$$Lambda$129.run()V (8 bytes) @ 0x000001b2b550ee4c [0x000001b2b550ed00+0x000000000000014c]
j  com.sun.glass.ui.monocle.RunnableProcessor.runLoop()Ljava/lang/Object;+36
j  com.sun.glass.ui.monocle.RunnableProcessor.run()V+1
j  java.lang.Thread.run()V+11 java.base@11.0.11
v  ~StubRoutines::call_stub

siginfo: EXCEPTION_ACCESS_VIOLATION (0xc0000005), reading address 0x00007ffe08b5c780


Register to memory mapping:

RIP=0x00007ffde2604879 javafx_font.dll
RAX=0x0000000000000001 is an unknown value
RBX=0x0 is NULL
RCX=0x000001b315313060 points into unknown readable memory: 0x00007ffe08b5c6f8 | f8 c6 b5 08 fe 7f 00 00
RDX=0x0000000000000100 is an unknown value
RSP=0x00000021184fdb60 is pointing into the stack for thread: 0x000001b2d2a47000
RBP=0x00000021184fdc58 is pointing into the stack for thread: 0x000001b2d2a47000
RSI=0x000001b2d0cfeb00 is pointing into metadata
RDI=0x0000000000000100 is an unknown value
R8 =0x0000000000000100 is an unknown value
R9 =0x00000021184fdb98 is pointing into the stack for thread: 0x000001b2d2a47000
R10=0x00007ffe08b5c6f8 is an unknown value
R11=0x000001b315313060 points into unknown readable memory: 0x00007ffe08b5c6f8 | f8 c6 b5 08 fe 7f 00 00
R12=0x0 is NULL
R13={method} {0x000001b2d517c5a8} 'CreateBitmap' '(JIIII)J' in 'com/sun/javafx/font/directwrite/OS'
R14=0x00000021184fdca0 is pointing into the stack for thread: 0x000001b2d2a47000
R15=0x000001b2d2a47000 is a thread


Registers:
RAX=0x0000000000000001, RBX=0x0000000000000000, RCX=0x000001b315313060, RDX=0x0000000000000100
RSP=0x00000021184fdb60, RBP=0x00000021184fdc58, RSI=0x000001b2d0cfeb00, RDI=0x0000000000000100
R8 =0x0000000000000100, R9 =0x00000021184fdb98, R10=0x00007ffe08b5c6f8, R11=0x000001b315313060
R12=0x0000000000000000, R13=0x000001b2d517c5a0, R14=0x00000021184fdca0, R15=0x000001b2d2a47000
RIP=0x00007ffde2604879, EFLAGS=0x0000000000010206

Top of Stack: (sp=0x00000021184fdb60)
0x00000021184fdb60:   000001b2d517c5a0 000001b2d2a47000
0x00000021184fdb70:   0000000000358af0 000001b2d0cfeb00
0x00000021184fdb80:   000001b200000001 00000021184fdb90
0x00000021184fdb90:   0000000000000000 4bfe4e036fddc324
0x00000021184fdba0:   10c98d76773d85b1 0000a92c04a4c174
0x00000021184fdbb0:   0000000000358af0 000001b2b4adf377
0x00000021184fdbc0:   000001b2d517c5a0 00007ffd62cbfc89
0x00000021184fdbd0:   0000000000358af0 000001b2b4adf05c
0x00000021184fdbe0:   000001b200000100 000001b200000008
0x00000021184fdbf0:   0000002100000001 000001b2d0cfeb00
0x00000021184fdc00:   000001b2d2a47000 000001b2b4adf016
0x00000021184fdc10:   00000021184fdc10 000001b2d517c5a0
0x00000021184fdc20:   00000021184fdca0 000001b2d517ce60
0x00000021184fdc30:   0000000000000000 0000000709fe0e68
0x00000021184fdc40:   000001b2d517c5a0 0000000000000000
0x00000021184fdc50:   00000021184fdc78 00000021184fdcf0 

Instructions: (pc=0x00007ffde2604879)
0x00007ffde2604779:   eb 02 33 c0 48 8b 4c 24 40 48 33 cc e8 76 45 00
0x00007ffde2604789:   00 48 83 c4 50 41 5f 41 5e 5f 5e 5b c3 cc cc cc
0x00007ffde2604799:   cc cc cc cc cc cc cc 48 89 5c 24 08 57 48 83 ec
0x00007ffde26047a9:   50 48 8b 05 4f b8 00 00 48 33 c4 48 89 44 24 48
0x00007ffde26047b9:   8b 84 24 88 00 00 00 33 db ff c8 48 89 5c 24 30
0x00007ffde26047c9:   41 8b f9 4d 8b d8 83 f8 0a 77 7b 48 8d 15 25 b8
0x00007ffde26047d9:   ff ff 48 98 8b 8c 82 a4 48 00 00 48 03 ca ff e1
0x00007ffde26047e9:   0f 10 05 d0 79 00 00 eb 58 0f 10 05 d7 79 00 00
0x00007ffde26047f9:   eb 4f 0f 10 05 de 79 00 00 eb 46 0f 10 05 f5 79
0x00007ffde2604809:   00 00 eb 3d 0f 10 05 dc 79 00 00 eb 34 0f 10 05
0x00007ffde2604819:   f3 79 00 00 eb 2b 0f 10 05 fa 79 00 00 eb 22 0f
0x00007ffde2604829:   10 05 01 7a 00 00 eb 19 0f 10 05 08 7a 00 00 eb
0x00007ffde2604839:   10 0f 10 05 0f 7a 00 00 eb 07 0f 10 05 16 7a 00
0x00007ffde2604849:   00 0f 11 44 24 38 4d 8b 10 48 8d 44 24 30 44 8b
0x00007ffde2604859:   84 24 80 00 00 00 4c 8d 4c 24 38 48 89 44 24 28
0x00007ffde2604869:   8b d7 8b 84 24 90 00 00 00 49 8b cb 89 44 24 20
0x00007ffde2604879:   41 ff 92 88 00 00 00 85 c0 48 0f 49 5c 24 30 48
0x00007ffde2604889:   8b c3 48 8b 4c 24 48 48 33 cc e8 68 44 00 00 48
0x00007ffde2604899:   8b 5c 24 60 48 83 c4 50 5f c3 90 e9 47 00 00 f2
0x00007ffde26048a9:   47 00 00 fb 47 00 00 04 48 00 00 0d 48 00 00 16
0x00007ffde26048b9:   48 00 00 1f 48 00 00 28 48 00 00 31 48 00 00 3a
0x00007ffde26048c9:   48 00 00 43 48 00 00 40 53 48 83 ec 20 49 8b 00
0x00007ffde26048d9:   48 8d 54 24 40 33 db 49 8b c8 48 89 5c 24 40 ff
0x00007ffde26048e9:   50 68 85 c0 48 0f 49 5c 24 40 48 8b c3 48 83 c4
0x00007ffde26048f9:   20 5b c3 cc cc cc cc 48 89 5c 24 08 57 48 83 ec
0x00007ffde2604909:   40 48 8b 44 24 70 33 ff 4d 8b 10 41 8b d1 48 89
0x00007ffde2604919:   44 24 70 4c 8d 4c 24 70 48 8d 44 24 60 48 89 7c
0x00007ffde2604929:   24 60 48 89 44 24 30 49 8b c8 8b 84 24 80 00 00
0x00007ffde2604939:   00 44 8d 47 01 89 44 24 28 8b 44 24 78 89 44 24
0x00007ffde2604949:   20 41 ff 52 48 48 8b 5c 24 50 85 c0 48 0f 49 7c
0x00007ffde2604959:   24 60 48 8b c7 48 83 c4 40 5f c3 cc cc cc cc cc
0x00007ffde2604969:   cc cc cc cc cc cc cc 48 89 5c 24 08 48 89 6c 24 


Stack slot to memory mapping:
stack at sp + 0 slots: {method} {0x000001b2d517c5a8} 'CreateBitmap' '(JIIII)J' in 'com/sun/javafx/font/directwrite/OS'
stack at sp + 1 slots: 0x000001b2d2a47000 is a thread
stack at sp + 2 slots: 0x0000000000358af0 is an unknown value
stack at sp + 3 slots: 0x000001b2d0cfeb00 is pointing into metadata
stack at sp + 4 slots: 0x000001b200000001 is an unknown value
stack at sp + 5 slots: 0x00000021184fdb90 is pointing into the stack for thread: 0x000001b2d2a47000
stack at sp + 6 slots: 0x0 is NULL
stack at sp + 7 slots: 0x4bfe4e036fddc324 is an unknown value


---------------  P R O C E S S  ---------------

Threads class SMR info:
_java_thread_list=0x000001b31ee490b0, length=47, elements={
0x000001b2d0ac1800, 0x000001b2d1372000, 0x000001b2d13e0800, 0x000001b2d13e2800,
0x000001b2d138a000, 0x000001b2d138d000, 0x000001b2d1390000, 0x000001b2d1392000,
0x000001b2d1576000, 0x000001b2d20cc800, 0x000001b2d2160800, 0x000001b2d247c800,
0x000001b2d203e800, 0x000001b2aabd7800, 0x000001b2d2782000, 0x000001b2d27ea800,
0x000001b2d1992000, 0x000001b2d26ba800, 0x000001b2d26af800, 0x000001b2d2a45800,
0x000001b2d2a47000, 0x000001b2d2a41800, 0x000001b2d2a46800, 0x000001b2d2a48000,
0x000001b2d2a42000, 0x000001b2d2a43000, 0x000001b2d2a44000, 0x000001b2d2a44800,
0x000001b3182dd000, 0x000001b3182df800, 0x000001b3182e1000, 0x000001b3182e0000,
0x000001b3182db800, 0x000001b3182de800, 0x000001b3182e2000, 0x000001b3182dc000,
0x000001b3182e2800, 0x000001b3182dd800, 0x000001b31b488800, 0x000001b31b489800,
0x000001b31c623800, 0x000001b31c626000, 0x000001b31c627800, 0x000001b31c625800,
0x000001b31c624800, 0x000001b31d10a800, 0x000001b321d53800
}

Java Threads: ( => current thread )
  0x000001b2d0ac1800 JavaThread "Reference Handler" daemon [_thread_blocked, id=7496, stack(0x0000002116900000,0x0000002116a00000)]
  0x000001b2d1372000 JavaThread "Finalizer" daemon [_thread_blocked, id=27416, stack(0x0000002116a00000,0x0000002116b00000)]
  0x000001b2d13e0800 JavaThread "Signal Dispatcher" daemon [_thread_blocked, id=156, stack(0x0000002116b00000,0x0000002116c00000)]
  0x000001b2d13e2800 JavaThread "Attach Listener" daemon [_thread_blocked, id=21724, stack(0x0000002116c00000,0x0000002116d00000)]
  0x000001b2d138a000 JavaThread "Service Thread" daemon [_thread_blocked, id=25796, stack(0x0000002116d00000,0x0000002116e00000)]
  0x000001b2d138d000 JavaThread "C2 CompilerThread0" daemon [_thread_in_native, id=18808, stack(0x0000002116e00000,0x0000002116f00000)]
  0x000001b2d1390000 JavaThread "C1 CompilerThread0" daemon [_thread_blocked, id=25652, stack(0x0000002116f00000,0x0000002117000000)]
  0x000001b2d1392000 JavaThread "Sweeper thread" daemon [_thread_blocked, id=27172, stack(0x0000002117000000,0x0000002117100000)]
  0x000001b2d1576000 JavaThread "Common-Cleaner" daemon [_thread_blocked, id=23404, stack(0x0000002117200000,0x0000002117300000)]
  0x000001b2d20cc800 JavaThread "RMI TCP Accept-58382" daemon [_thread_in_native, id=8100, stack(0x0000002117500000,0x0000002117600000)]
  0x000001b2d2160800 JavaThread "RMI Reaper" [_thread_blocked, id=26096, stack(0x0000002117600000,0x0000002117700000)]
  0x000001b2d247c800 JavaThread "RMI GC Daemon" daemon [_thread_blocked, id=23144, stack(0x0000002117700000,0x0000002117800000)]
  0x000001b2d203e800 JavaThread "pool-1-thread-1" [_thread_blocked, id=15300, stack(0x0000002117800000,0x0000002117900000)]
  0x000001b2aabd7800 JavaThread "DestroyJavaVM" [_thread_blocked, id=27692, stack(0x0000002116200000,0x0000002116300000)]
  0x000001b2d2782000 JavaThread "RMI TCP Connection(1)-127.0.0.1" daemon [_thread_blocked, id=13056, stack(0x0000002117900000,0x0000002117a00000)]
  0x000001b2d27ea800 JavaThread "RMI Scheduler(0)" daemon [_thread_blocked, id=8932, stack(0x0000002117a00000,0x0000002117b00000)]
  0x000001b2d1992000 JavaThread "RMI TCP Connection(2)-127.0.0.1" daemon [_thread_in_native, id=28100, stack(0x0000002118000000,0x0000002118100000)]
  0x000001b2d26ba800 JavaThread "Thread-1" daemon [_thread_blocked, id=27120, stack(0x0000002118100000,0x0000002118200000)]
  0x000001b2d26af800 JavaThread "JavaFX-Launcher" daemon [_thread_blocked, id=24064, stack(0x0000002117f00000,0x0000002118000000)]
  0x000001b2d2a45800 JavaThread "QuantumRenderer-0" daemon [_thread_blocked, id=28596, stack(0x0000002118200000,0x0000002118300000)]
=>0x000001b2d2a47000 JavaThread "JavaFX Application Thread" daemon [_thread_in_native, id=15288, stack(0x0000002118400000,0x0000002118500000)]
  0x000001b2d2a41800 JavaThread "Timer-0" daemon [_thread_blocked, id=2372, stack(0x0000002118500000,0x0000002118600000)]
  0x000001b2d2a46800 JavaThread "Prism Font Disposer" daemon [_thread_blocked, id=26956, stack(0x0000002118800000,0x0000002118900000)]
  0x000001b2d2a48000 JavaThread "Disposer" daemon [_thread_blocked, id=14528, stack(0x0000002118900000,0x0000002118a00000)]
  0x000001b2d2a42000 JavaThread "Thread-5" daemon [_thread_blocked, id=24240, stack(0x0000002118a00000,0x0000002118b00000)]
  0x000001b2d2a43000 JavaThread "URL-Loader-1" daemon [_thread_in_native, id=29432, stack(0x0000002117e00000,0x0000002117f00000)]
  0x000001b2d2a44000 JavaThread "URL-Loader-2" daemon [_thread_blocked, id=4436, stack(0x0000002118d00000,0x0000002118e00000)]
  0x000001b2d2a44800 JavaThread "URL-Loader-3" daemon [_thread_blocked, id=27840, stack(0x0000002118e00000,0x0000002118f00000)]
  0x000001b3182dd000 JavaThread "URL-Loader-4" daemon [_thread_blocked, id=28384, stack(0x0000002118f00000,0x0000002119000000)]
  0x000001b3182df800 JavaThread "URL-Loader-5" daemon [_thread_blocked, id=20520, stack(0x0000002119000000,0x0000002119100000)]
  0x000001b3182e1000 JavaThread "URL-Loader-6" daemon [_thread_blocked, id=18552, stack(0x0000002119100000,0x0000002119200000)]
  0x000001b3182e0000 JavaThread "URL-Loader-7" daemon [_thread_blocked, id=25364, stack(0x0000002119200000,0x0000002119300000)]
  0x000001b3182db800 JavaThread "URL-Loader-8" daemon [_thread_blocked, id=10064, stack(0x0000002119300000,0x0000002119400000)]
  0x000001b3182de800 JavaThread "URL-Loader-9" daemon [_thread_blocked, id=12620, stack(0x0000002119400000,0x0000002119500000)]
  0x000001b3182e2000 JavaThread "URL-Loader-10" daemon [_thread_blocked, id=26312, stack(0x0000002119500000,0x0000002119600000)]
  0x000001b3182dc000 JavaThread "URL-Loader-11" daemon [_thread_blocked, id=9380, stack(0x0000002119600000,0x0000002119700000)]
  0x000001b3182e2800 JavaThread "Cleaner-0" daemon [_thread_blocked, id=25204, stack(0x0000002119700000,0x0000002119800000)]
  0x000001b3182dd800 JavaThread "Thread-6" daemon [_thread_in_native, id=24664, stack(0x0000002119900000,0x0000002119a00000)]
  0x000001b31b488800 JavaThread "URL-Loader-12" daemon [_thread_blocked, id=29208, stack(0x0000002119a00000,0x0000002119b00000)]
  0x000001b31b489800 JavaThread "URL-Loader-13" daemon [_thread_blocked, id=21736, stack(0x0000002119b00000,0x0000002119c00000)]
  0x000001b31c623800 JavaThread "URL-Loader-14" daemon [_thread_blocked, id=14036, stack(0x0000002119c00000,0x0000002119d00000)]
  0x000001b31c626000 JavaThread "URL-Loader-15" daemon [_thread_blocked, id=29228, stack(0x0000002119d00000,0x0000002119e00000)]
  0x000001b31c627800 JavaThread "URL-Loader-16" daemon [_thread_blocked, id=2592, stack(0x0000002119e00000,0x0000002119f00000)]
  0x000001b31c625800 JavaThread "URL-Loader-17" daemon [_thread_blocked, id=24808, stack(0x0000002119f00000,0x000000211a000000)]
  0x000001b31c624800 JavaThread "URL-Loader-18" daemon [_thread_blocked, id=1112, stack(0x000000211a000000,0x000000211a100000)]
  0x000001b31d10a800 JavaThread "URL-Loader-19" daemon [_thread_blocked, id=14612, stack(0x000000211aa00000,0x000000211ab00000)]
  0x000001b321d53800 JavaThread "URL-Loader-20" daemon [_thread_blocked, id=12780, stack(0x000000211ab00000,0x000000211ac00000)]

Other Threads:
  0x000001b2d0abf800 VMThread "VM Thread" [stack: 0x0000002116800000,0x0000002116900000] [id=26372]
  0x000001b2d1570800 WatcherThread [stack: 0x0000002117100000,0x0000002117200000] [id=14684]
  0x000001b2aabef000 GCTaskThread "GC Thread#0" [stack: 0x0000002116300000,0x0000002116400000] [id=27816]
  0x000001b2d21f9800 GCTaskThread "GC Thread#1" [stack: 0x0000002117300000,0x0000002117400000] [id=29348]
  0x000001b2d2479800 GCTaskThread "GC Thread#2" [stack: 0x0000002117400000,0x0000002117500000] [id=29476]
  0x000001b2d24a4000 GCTaskThread "GC Thread#3" [stack: 0x0000002117b00000,0x0000002117c00000] [id=13868]
  0x000001b2d24a4800 GCTaskThread "GC Thread#4" [stack: 0x0000002117c00000,0x0000002117d00000] [id=7512]
  0x000001b2d2563800 GCTaskThread "GC Thread#5" [stack: 0x0000002117d00000,0x0000002117e00000] [id=29320]
  0x000001b2aac4a800 ConcurrentGCThread "G1 Main Marker" [stack: 0x0000002116400000,0x0000002116500000] [id=21732]
  0x000001b2aac4c000 ConcurrentGCThread "G1 Conc#0" [stack: 0x0000002116500000,0x0000002116600000] [id=22020]
  0x000001b2d2f45800 ConcurrentGCThread "G1 Conc#1" [stack: 0x0000002118600000,0x0000002118700000] [id=24420]
  0x000001b2d2f49000 ConcurrentGCThread "G1 Conc#2" [stack: 0x0000002118700000,0x0000002118800000] [id=10012]
  0x000001b2d09aa000 ConcurrentGCThread "G1 Refine#0" [stack: 0x0000002116600000,0x0000002116700000] [id=19608]
  0x000001b2d09ab000 ConcurrentGCThread "G1 Young RemSet Sampling" [stack: 0x0000002116700000,0x0000002116800000] [id=27288]

Threads with active compile tasks:
C2 CompilerThread0  19527 3559       4       java.util.regex.Pattern::split (290 bytes)

VM state:not at safepoint (normal execution)

VM Mutex/Monitor currently owned by a thread: None

Heap address: 0x0000000703e00000, size: 4034 MB, Compressed Oops mode: Zero based, Oop shift amount: 3
Narrow klass base: 0x0000000800000000, Narrow klass shift: 0
Compressed class space size: 1073741824 Address: 0x0000000800000000

Heap:
 garbage-first heap   total 260096K, used 54822K [0x0000000703e00000, 0x0000000800000000)
  region size 1024K, 38 young (38912K), 9 survivors (9216K)
 Metaspace       used 32720K, capacity 33927K, committed 34176K, reserved 1079296K
  class space    used 3967K, capacity 4474K, committed 4480K, reserved 1048576K
Heap Regions: E=young(eden), S=young(survivor), O=old, HS=humongous(starts), HC=humongous(continues), CS=collection set, F=free, A=archive, TAMS=top-at-mark-start (previous, next)
|   0|0x0000000703e00000, 0x0000000703f00000, 0x0000000703f00000|100%| O|  |TAMS 0x0000000703f00000, 0x0000000703e00000| Untracked 
|   1|0x0000000703f00000, 0x0000000704000000, 0x0000000704000000|100%| O|  |TAMS 0x0000000704000000, 0x0000000703f00000| Untracked 
|   2|0x0000000704000000, 0x0000000704100000, 0x0000000704100000|100%| O|  |TAMS 0x0000000704100000, 0x0000000704000000| Untracked 
|   3|0x0000000704100000, 0x0000000704200000, 0x0000000704200000|100%| O|  |TAMS 0x0000000704200000, 0x0000000704100000| Untracked 
|   4|0x0000000704200000, 0x0000000704300000, 0x0000000704300000|100%| O|  |TAMS 0x0000000704300000, 0x0000000704200000| Untracked 
|   5|0x0000000704300000, 0x0000000704400000, 0x0000000704400000|100%| O|  |TAMS 0x0000000704400000, 0x0000000704300000| Untracked 
|   6|0x0000000704400000, 0x0000000704500000, 0x0000000704500000|100%| O|  |TAMS 0x0000000704500000, 0x0000000704400000| Untracked 
|   7|0x0000000704500000, 0x0000000704600000, 0x0000000704600000|100%| O|  |TAMS 0x0000000704600000, 0x0000000704500000| Untracked 
|   8|0x0000000704600000, 0x000000070461ca00, 0x0000000704700000| 11%| O|  |TAMS 0x000000070461ca00, 0x0000000704600000| Untracked 
|   9|0x0000000704700000, 0x0000000704800000, 0x0000000704800000|100%|HS|  |TAMS 0x0000000704700000, 0x0000000704700000| Complete 
|  10|0x0000000704800000, 0x0000000704900000, 0x0000000704900000|100%|HC|  |TAMS 0x0000000704800000, 0x0000000704800000| Complete 
|  11|0x0000000704900000, 0x0000000704a00000, 0x0000000704a00000|100%|HC|  |TAMS 0x0000000704900000, 0x0000000704900000| Complete 
|  12|0x0000000704a00000, 0x0000000704a00000, 0x0000000704b00000|  0%| F|  |TAMS 0x0000000704a00000, 0x0000000704a00000| Untracked 
|  13|0x0000000704b00000, 0x0000000704c00000, 0x0000000704c00000|100%|HS|  |TAMS 0x0000000704c00000, 0x0000000704b00000| Complete 
|  14|0x0000000704c00000, 0x0000000704d00000, 0x0000000704d00000|100%|HC|  |TAMS 0x0000000704d00000, 0x0000000704c00000| Complete 
|  15|0x0000000704d00000, 0x0000000704e00000, 0x0000000704e00000|100%|HC|  |TAMS 0x0000000704e00000, 0x0000000704d00000| Complete 
|  16|0x0000000704e00000, 0x0000000704f00000, 0x0000000704f00000|100%|HS|  |TAMS 0x0000000704e00000, 0x0000000704e00000| Complete 
|  17|0x0000000704f00000, 0x0000000705000000, 0x0000000705000000|100%|HC|  |TAMS 0x0000000704f00000, 0x0000000704f00000| Complete 
|  18|0x0000000705000000, 0x0000000705100000, 0x0000000705100000|100%|HC|  |TAMS 0x0000000705000000, 0x0000000705000000| Complete 
|  19|0x0000000705100000, 0x0000000705100000, 0x0000000705200000|  0%| F|  |TAMS 0x0000000705100000, 0x0000000705100000| Untracked 
|  20|0x0000000705200000, 0x0000000705200000, 0x0000000705300000|  0%| F|  |TAMS 0x0000000705200000, 0x0000000705200000| Untracked 
|  21|0x0000000705300000, 0x0000000705300000, 0x0000000705400000|  0%| F|  |TAMS 0x0000000705300000, 0x0000000705300000| Untracked 
|  22|0x0000000705400000, 0x0000000705400000, 0x0000000705500000|  0%| F|  |TAMS 0x0000000705400000, 0x0000000705400000| Untracked 
|  23|0x0000000705500000, 0x0000000705500000, 0x0000000705600000|  0%| F|  |TAMS 0x0000000705500000, 0x0000000705500000| Untracked 
|  24|0x0000000705600000, 0x0000000705600000, 0x0000000705700000|  0%| F|  |TAMS 0x0000000705600000, 0x0000000705600000| Untracked 
|  25|0x0000000705700000, 0x0000000705700000, 0x0000000705800000|  0%| F|  |TAMS 0x0000000705700000, 0x0000000705700000| Untracked 
|  26|0x0000000705800000, 0x0000000705800000, 0x0000000705900000|  0%| F|  |TAMS 0x0000000705800000, 0x0000000705800000| Untracked 
|  27|0x0000000705900000, 0x0000000705900000, 0x0000000705a00000|  0%| F|  |TAMS 0x0000000705900000, 0x0000000705900000| Untracked 
|  28|0x0000000705a00000, 0x0000000705a00000, 0x0000000705b00000|  0%| F|  |TAMS 0x0000000705a00000, 0x0000000705a00000| Untracked 
|  29|0x0000000705b00000, 0x0000000705b00000, 0x0000000705c00000|  0%| F|  |TAMS 0x0000000705b00000, 0x0000000705b00000| Untracked 
|  30|0x0000000705c00000, 0x0000000705c00000, 0x0000000705d00000|  0%| F|  |TAMS 0x0000000705c00000, 0x0000000705c00000| Untracked 
|  31|0x0000000705d00000, 0x0000000705d00000, 0x0000000705e00000|  0%| F|  |TAMS 0x0000000705d00000, 0x0000000705d00000| Untracked 
|  32|0x0000000705e00000, 0x0000000705e00000, 0x0000000705f00000|  0%| F|  |TAMS 0x0000000705e00000, 0x0000000705e00000| Untracked 
|  33|0x0000000705f00000, 0x0000000705f00000, 0x0000000706000000|  0%| F|  |TAMS 0x0000000705f00000, 0x0000000705f00000| Untracked 
|  34|0x0000000706000000, 0x0000000706000000, 0x0000000706100000|  0%| F|  |TAMS 0x0000000706000000, 0x0000000706000000| Untracked 
|  35|0x0000000706100000, 0x0000000706100000, 0x0000000706200000|  0%| F|  |TAMS 0x0000000706100000, 0x0000000706100000| Untracked 
|  36|0x0000000706200000, 0x0000000706200000, 0x0000000706300000|  0%| F|  |TAMS 0x0000000706200000, 0x0000000706200000| Untracked 
|  37|0x0000000706300000, 0x0000000706300000, 0x0000000706400000|  0%| F|  |TAMS 0x0000000706300000, 0x0000000706300000| Untracked 
|  38|0x0000000706400000, 0x0000000706400000, 0x0000000706500000|  0%| F|  |TAMS 0x0000000706400000, 0x0000000706400000| Untracked 
|  39|0x0000000706500000, 0x0000000706500000, 0x0000000706600000|  0%| F|  |TAMS 0x0000000706500000, 0x0000000706500000| Untracked 
|  40|0x0000000706600000, 0x0000000706600000, 0x0000000706700000|  0%| F|  |TAMS 0x0000000706600000, 0x0000000706600000| Untracked 
|  41|0x0000000706700000, 0x0000000706700000, 0x0000000706800000|  0%| F|  |TAMS 0x0000000706700000, 0x0000000706700000| Untracked 
|  42|0x0000000706800000, 0x0000000706800000, 0x0000000706900000|  0%| F|  |TAMS 0x0000000706800000, 0x0000000706800000| Untracked 
|  43|0x0000000706900000, 0x0000000706900000, 0x0000000706a00000|  0%| F|  |TAMS 0x0000000706900000, 0x0000000706900000| Untracked 
|  44|0x0000000706a00000, 0x0000000706a00000, 0x0000000706b00000|  0%| F|  |TAMS 0x0000000706a00000, 0x0000000706a00000| Untracked 
|  45|0x0000000706b00000, 0x0000000706b00000, 0x0000000706c00000|  0%| F|  |TAMS 0x0000000706b00000, 0x0000000706b00000| Untracked 
|  46|0x0000000706c00000, 0x0000000706c00000, 0x0000000706d00000|  0%| F|  |TAMS 0x0000000706c00000, 0x0000000706c00000| Untracked 
|  47|0x0000000706d00000, 0x0000000706d00000, 0x0000000706e00000|  0%| F|  |TAMS 0x0000000706d00000, 0x0000000706d00000| Untracked 
|  48|0x0000000706e00000, 0x0000000706e00000, 0x0000000706f00000|  0%| F|  |TAMS 0x0000000706e00000, 0x0000000706e00000| Untracked 
|  49|0x0000000706f00000, 0x0000000706f00000, 0x0000000707000000|  0%| F|  |TAMS 0x0000000706f00000, 0x0000000706f00000| Untracked 
|  50|0x0000000707000000, 0x0000000707000000, 0x0000000707100000|  0%| F|  |TAMS 0x0000000707000000, 0x0000000707000000| Untracked 
|  51|0x0000000707100000, 0x0000000707100000, 0x0000000707200000|  0%| F|  |TAMS 0x0000000707100000, 0x0000000707100000| Untracked 
|  52|0x0000000707200000, 0x0000000707200000, 0x0000000707300000|  0%| F|  |TAMS 0x0000000707200000, 0x0000000707200000| Untracked 
|  53|0x0000000707300000, 0x0000000707300000, 0x0000000707400000|  0%| F|  |TAMS 0x0000000707300000, 0x0000000707300000| Untracked 
|  54|0x0000000707400000, 0x0000000707400000, 0x0000000707500000|  0%| F|  |TAMS 0x0000000707400000, 0x0000000707400000| Untracked 
|  55|0x0000000707500000, 0x0000000707500000, 0x0000000707600000|  0%| F|  |TAMS 0x0000000707500000, 0x0000000707500000| Untracked 
|  56|0x0000000707600000, 0x0000000707600000, 0x0000000707700000|  0%| F|  |TAMS 0x0000000707600000, 0x0000000707600000| Untracked 
|  57|0x0000000707700000, 0x0000000707700000, 0x0000000707800000|  0%| F|  |TAMS 0x0000000707700000, 0x0000000707700000| Untracked 
|  58|0x0000000707800000, 0x0000000707800000, 0x0000000707900000|  0%| F|  |TAMS 0x0000000707800000, 0x0000000707800000| Untracked 
|  59|0x0000000707900000, 0x0000000707900000, 0x0000000707a00000|  0%| F|  |TAMS 0x0000000707900000, 0x0000000707900000| Untracked 
|  60|0x0000000707a00000, 0x0000000707a00000, 0x0000000707b00000|  0%| F|  |TAMS 0x0000000707a00000, 0x0000000707a00000| Untracked 
|  61|0x0000000707b00000, 0x0000000707b00000, 0x0000000707c00000|  0%| F|  |TAMS 0x0000000707b00000, 0x0000000707b00000| Untracked 
|  62|0x0000000707c00000, 0x0000000707c00000, 0x0000000707d00000|  0%| F|  |TAMS 0x0000000707c00000, 0x0000000707c00000| Untracked 
|  63|0x0000000707d00000, 0x0000000707d00000, 0x0000000707e00000|  0%| F|  |TAMS 0x0000000707d00000, 0x0000000707d00000| Untracked 
|  64|0x0000000707e00000, 0x0000000707e00000, 0x0000000707f00000|  0%| F|  |TAMS 0x0000000707e00000, 0x0000000707e00000| Untracked 
|  65|0x0000000707f00000, 0x0000000707f00000, 0x0000000708000000|  0%| F|  |TAMS 0x0000000707f00000, 0x0000000707f00000| Untracked 
|  66|0x0000000708000000, 0x0000000708000000, 0x0000000708100000|  0%| F|  |TAMS 0x0000000708000000, 0x0000000708000000| Untracked 
|  67|0x0000000708100000, 0x0000000708100000, 0x0000000708200000|  0%| F|  |TAMS 0x0000000708100000, 0x0000000708100000| Untracked 
|  68|0x0000000708200000, 0x0000000708200000, 0x0000000708300000|  0%| F|  |TAMS 0x0000000708200000, 0x0000000708200000| Untracked 
|  69|0x0000000708300000, 0x0000000708300000, 0x0000000708400000|  0%| F|  |TAMS 0x0000000708300000, 0x0000000708300000| Untracked 
|  70|0x0000000708400000, 0x0000000708400000, 0x0000000708500000|  0%| F|  |TAMS 0x0000000708400000, 0x0000000708400000| Untracked 
|  71|0x0000000708500000, 0x0000000708500000, 0x0000000708600000|  0%| F|  |TAMS 0x0000000708500000, 0x0000000708500000| Untracked 
|  72|0x0000000708600000, 0x0000000708600000, 0x0000000708700000|  0%| F|  |TAMS 0x0000000708600000, 0x0000000708600000| Untracked 
|  73|0x0000000708700000, 0x0000000708700000, 0x0000000708800000|  0%| F|  |TAMS 0x0000000708700000, 0x0000000708700000| Untracked 
|  74|0x0000000708800000, 0x0000000708800000, 0x0000000708900000|  0%| F|  |TAMS 0x0000000708800000, 0x0000000708800000| Untracked 
|  75|0x0000000708900000, 0x0000000708900000, 0x0000000708a00000|  0%| F|  |TAMS 0x0000000708900000, 0x0000000708900000| Untracked 
|  76|0x0000000708a00000, 0x0000000708a00000, 0x0000000708b00000|  0%| F|  |TAMS 0x0000000708a00000, 0x0000000708a00000| Untracked 
|  77|0x0000000708b00000, 0x0000000708b00000, 0x0000000708c00000|  0%| F|  |TAMS 0x0000000708b00000, 0x0000000708b00000| Untracked 
|  78|0x0000000708c00000, 0x0000000708c00000, 0x0000000708d00000|  0%| F|  |TAMS 0x0000000708c00000, 0x0000000708c00000| Untracked 
|  79|0x0000000708d00000, 0x0000000708d00000, 0x0000000708e00000|  0%| F|  |TAMS 0x0000000708d00000, 0x0000000708d00000| Untracked 
|  80|0x0000000708e00000, 0x0000000708e00000, 0x0000000708f00000|  0%| F|  |TAMS 0x0000000708e00000, 0x0000000708e00000| Untracked 
|  81|0x0000000708f00000, 0x0000000708f00000, 0x0000000709000000|  0%| F|  |TAMS 0x0000000708f00000, 0x0000000708f00000| Untracked 
|  82|0x0000000709000000, 0x0000000709000000, 0x0000000709100000|  0%| F|  |TAMS 0x0000000709000000, 0x0000000709000000| Untracked 
|  83|0x0000000709100000, 0x0000000709100000, 0x0000000709200000|  0%| F|  |TAMS 0x0000000709100000, 0x0000000709100000| Untracked 
|  84|0x0000000709200000, 0x0000000709200000, 0x0000000709300000|  0%| F|  |TAMS 0x0000000709200000, 0x0000000709200000| Untracked 
|  85|0x0000000709300000, 0x0000000709300000, 0x0000000709400000|  0%| F|  |TAMS 0x0000000709300000, 0x0000000709300000| Untracked 
|  86|0x0000000709400000, 0x0000000709400000, 0x0000000709500000|  0%| F|  |TAMS 0x0000000709400000, 0x0000000709400000| Untracked 
|  87|0x0000000709500000, 0x0000000709500000, 0x0000000709600000|  0%| F|  |TAMS 0x0000000709500000, 0x0000000709500000| Untracked 
|  88|0x0000000709600000, 0x0000000709600000, 0x0000000709700000|  0%| F|  |TAMS 0x0000000709600000, 0x0000000709600000| Untracked 
|  89|0x0000000709700000, 0x0000000709700000, 0x0000000709800000|  0%| F|  |TAMS 0x0000000709700000, 0x0000000709700000| Untracked 
|  90|0x0000000709800000, 0x0000000709800000, 0x0000000709900000|  0%| F|  |TAMS 0x0000000709800000, 0x0000000709800000| Untracked 
|  91|0x0000000709900000, 0x0000000709900000, 0x0000000709a00000|  0%| F|  |TAMS 0x0000000709900000, 0x0000000709900000| Untracked 
|  92|0x0000000709a00000, 0x0000000709a00000, 0x0000000709b00000|  0%| F|  |TAMS 0x0000000709a00000, 0x0000000709a00000| Untracked 
|  93|0x0000000709b00000, 0x0000000709b6d0c0, 0x0000000709c00000| 42%| S|CS|TAMS 0x0000000709b00000, 0x0000000709b00000| Complete 
|  94|0x0000000709c00000, 0x0000000709d00000, 0x0000000709d00000|100%| S|CS|TAMS 0x0000000709c00000, 0x0000000709c00000| Complete 
|  95|0x0000000709d00000, 0x0000000709e00000, 0x0000000709e00000|100%| S|CS|TAMS 0x0000000709d00000, 0x0000000709d00000| Complete 
|  96|0x0000000709e00000, 0x0000000709f00000, 0x0000000709f00000|100%| S|CS|TAMS 0x0000000709e00000, 0x0000000709e00000| Complete 
|  97|0x0000000709f00000, 0x000000070a000000, 0x000000070a000000|100%| S|CS|TAMS 0x0000000709f00000, 0x0000000709f00000| Complete 
|  98|0x000000070a000000, 0x000000070a100000, 0x000000070a100000|100%| S|CS|TAMS 0x000000070a000000, 0x000000070a000000| Complete 
|  99|0x000000070a100000, 0x000000070a200000, 0x000000070a200000|100%| S|CS|TAMS 0x000000070a100000, 0x000000070a100000| Complete 
| 100|0x000000070a200000, 0x000000070a300000, 0x000000070a300000|100%| S|CS|TAMS 0x000000070a200000, 0x000000070a200000| Complete 
| 101|0x000000070a300000, 0x000000070a400000, 0x000000070a400000|100%| S|CS|TAMS 0x000000070a300000, 0x000000070a300000| Complete 
| 102|0x000000070a400000, 0x000000070a400000, 0x000000070a500000|  0%| F|  |TAMS 0x000000070a400000, 0x000000070a400000| Untracked 
| 103|0x000000070a500000, 0x000000070a500000, 0x000000070a600000|  0%| F|  |TAMS 0x000000070a500000, 0x000000070a500000| Untracked 
| 104|0x000000070a600000, 0x000000070a600000, 0x000000070a700000|  0%| F|  |TAMS 0x000000070a600000, 0x000000070a600000| Untracked 
| 105|0x000000070a700000, 0x000000070a700000, 0x000000070a800000|  0%| F|  |TAMS 0x000000070a700000, 0x000000070a700000| Untracked 
| 106|0x000000070a800000, 0x000000070a800000, 0x000000070a900000|  0%| F|  |TAMS 0x000000070a800000, 0x000000070a800000| Untracked 
| 107|0x000000070a900000, 0x000000070a900000, 0x000000070aa00000|  0%| F|  |TAMS 0x000000070a900000, 0x000000070a900000| Untracked 
| 108|0x000000070aa00000, 0x000000070aa00000, 0x000000070ab00000|  0%| F|  |TAMS 0x000000070aa00000, 0x000000070aa00000| Untracked 
| 109|0x000000070ab00000, 0x000000070ab00000, 0x000000070ac00000|  0%| F|  |TAMS 0x000000070ab00000, 0x000000070ab00000| Untracked 
| 110|0x000000070ac00000, 0x000000070ac00000, 0x000000070ad00000|  0%| F|  |TAMS 0x000000070ac00000, 0x000000070ac00000| Untracked 
| 111|0x000000070ad00000, 0x000000070ad00000, 0x000000070ae00000|  0%| F|  |TAMS 0x000000070ad00000, 0x000000070ad00000| Untracked 
| 112|0x000000070ae00000, 0x000000070ae00000, 0x000000070af00000|  0%| F|  |TAMS 0x000000070ae00000, 0x000000070ae00000| Untracked 
| 113|0x000000070af00000, 0x000000070af00000, 0x000000070b000000|  0%| F|  |TAMS 0x000000070af00000, 0x000000070af00000| Untracked 
| 114|0x000000070b000000, 0x000000070b000000, 0x000000070b100000|  0%| F|  |TAMS 0x000000070b000000, 0x000000070b000000| Untracked 
| 115|0x000000070b100000, 0x000000070b100000, 0x000000070b200000|  0%| F|  |TAMS 0x000000070b100000, 0x000000070b100000| Untracked 
| 116|0x000000070b200000, 0x000000070b200000, 0x000000070b300000|  0%| F|  |TAMS 0x000000070b200000, 0x000000070b200000| Untracked 
| 117|0x000000070b300000, 0x000000070b300000, 0x000000070b400000|  0%| F|  |TAMS 0x000000070b300000, 0x000000070b300000| Untracked 
| 118|0x000000070b400000, 0x000000070b400000, 0x000000070b500000|  0%| F|  |TAMS 0x000000070b400000, 0x000000070b400000| Untracked 
| 119|0x000000070b500000, 0x000000070b500000, 0x000000070b600000|  0%| F|  |TAMS 0x000000070b500000, 0x000000070b500000| Untracked 
| 120|0x000000070b600000, 0x000000070b600000, 0x000000070b700000|  0%| F|  |TAMS 0x000000070b600000, 0x000000070b600000| Untracked 
| 121|0x000000070b700000, 0x000000070b700000, 0x000000070b800000|  0%| F|  |TAMS 0x000000070b700000, 0x000000070b700000| Untracked 
| 122|0x000000070b800000, 0x000000070b800000, 0x000000070b900000|  0%| F|  |TAMS 0x000000070b800000, 0x000000070b800000| Untracked 
| 123|0x000000070b900000, 0x000000070b900000, 0x000000070ba00000|  0%| F|  |TAMS 0x000000070b900000, 0x000000070b900000| Untracked 
| 124|0x000000070ba00000, 0x000000070ba00000, 0x000000070bb00000|  0%| F|  |TAMS 0x000000070ba00000, 0x000000070ba00000| Untracked 
| 125|0x000000070bb00000, 0x000000070bb00000, 0x000000070bc00000|  0%| F|  |TAMS 0x000000070bb00000, 0x000000070bb00000| Untracked 
| 126|0x000000070bc00000, 0x000000070bc00000, 0x000000070bd00000|  0%| F|  |TAMS 0x000000070bc00000, 0x000000070bc00000| Untracked 
| 127|0x000000070bd00000, 0x000000070bd00000, 0x000000070be00000|  0%| F|  |TAMS 0x000000070bd00000, 0x000000070bd00000| Untracked 
| 128|0x000000070be00000, 0x000000070be00000, 0x000000070bf00000|  0%| F|  |TAMS 0x000000070be00000, 0x000000070be00000| Untracked 
| 129|0x000000070bf00000, 0x000000070bf00000, 0x000000070c000000|  0%| F|  |TAMS 0x000000070bf00000, 0x000000070bf00000| Untracked 
| 130|0x000000070c000000, 0x000000070c000000, 0x000000070c100000|  0%| F|  |TAMS 0x000000070c000000, 0x000000070c000000| Untracked 
| 131|0x000000070c100000, 0x000000070c100000, 0x000000070c200000|  0%| F|  |TAMS 0x000000070c100000, 0x000000070c100000| Untracked 
| 132|0x000000070c200000, 0x000000070c200000, 0x000000070c300000|  0%| F|  |TAMS 0x000000070c200000, 0x000000070c200000| Untracked 
| 133|0x000000070c300000, 0x000000070c300000, 0x000000070c400000|  0%| F|  |TAMS 0x000000070c300000, 0x000000070c300000| Untracked 
| 134|0x000000070c400000, 0x000000070c400000, 0x000000070c500000|  0%| F|  |TAMS 0x000000070c400000, 0x000000070c400000| Untracked 
| 135|0x000000070c500000, 0x000000070c500000, 0x000000070c600000|  0%| F|  |TAMS 0x000000070c500000, 0x000000070c500000| Untracked 
| 136|0x000000070c600000, 0x000000070c600000, 0x000000070c700000|  0%| F|  |TAMS 0x000000070c600000, 0x000000070c600000| Untracked 
| 137|0x000000070c700000, 0x000000070c700000, 0x000000070c800000|  0%| F|  |TAMS 0x000000070c700000, 0x000000070c700000| Untracked 
| 138|0x000000070c800000, 0x000000070c800000, 0x000000070c900000|  0%| F|  |TAMS 0x000000070c800000, 0x000000070c800000| Untracked 
| 139|0x000000070c900000, 0x000000070c900000, 0x000000070ca00000|  0%| F|  |TAMS 0x000000070c900000, 0x000000070c900000| Untracked 
| 140|0x000000070ca00000, 0x000000070ca00000, 0x000000070cb00000|  0%| F|  |TAMS 0x000000070ca00000, 0x000000070ca00000| Untracked 
| 141|0x000000070cb00000, 0x000000070cb00000, 0x000000070cc00000|  0%| F|  |TAMS 0x000000070cb00000, 0x000000070cb00000| Untracked 
| 142|0x000000070cc00000, 0x000000070cc00000, 0x000000070cd00000|  0%| F|  |TAMS 0x000000070cc00000, 0x000000070cc00000| Untracked 
| 143|0x000000070cd00000, 0x000000070cd00000, 0x000000070ce00000|  0%| F|  |TAMS 0x000000070cd00000, 0x000000070cd00000| Untracked 
| 144|0x000000070ce00000, 0x000000070ce00000, 0x000000070cf00000|  0%| F|  |TAMS 0x000000070ce00000, 0x000000070ce00000| Untracked 
| 145|0x000000070cf00000, 0x000000070cf00000, 0x000000070d000000|  0%| F|  |TAMS 0x000000070cf00000, 0x000000070cf00000| Untracked 
| 146|0x000000070d000000, 0x000000070d000000, 0x000000070d100000|  0%| F|  |TAMS 0x000000070d000000, 0x000000070d000000| Untracked 
| 147|0x000000070d100000, 0x000000070d100000, 0x000000070d200000|  0%| F|  |TAMS 0x000000070d100000, 0x000000070d100000| Untracked 
| 148|0x000000070d200000, 0x000000070d200000, 0x000000070d300000|  0%| F|  |TAMS 0x000000070d200000, 0x000000070d200000| Untracked 
| 149|0x000000070d300000, 0x000000070d300000, 0x000000070d400000|  0%| F|  |TAMS 0x000000070d300000, 0x000000070d300000| Untracked 
| 150|0x000000070d400000, 0x000000070d400000, 0x000000070d500000|  0%| F|  |TAMS 0x000000070d400000, 0x000000070d400000| Untracked 
| 151|0x000000070d500000, 0x000000070d500000, 0x000000070d600000|  0%| F|  |TAMS 0x000000070d500000, 0x000000070d500000| Untracked 
| 152|0x000000070d600000, 0x000000070d600000, 0x000000070d700000|  0%| F|  |TAMS 0x000000070d600000, 0x000000070d600000| Untracked 
| 153|0x000000070d700000, 0x000000070d700000, 0x000000070d800000|  0%| F|  |TAMS 0x000000070d700000, 0x000000070d700000| Untracked 
| 154|0x000000070d800000, 0x000000070d800000, 0x000000070d900000|  0%| F|  |TAMS 0x000000070d800000, 0x000000070d800000| Untracked 
| 155|0x000000070d900000, 0x000000070d900000, 0x000000070da00000|  0%| F|  |TAMS 0x000000070d900000, 0x000000070d900000| Untracked 
| 156|0x000000070da00000, 0x000000070da00000, 0x000000070db00000|  0%| F|  |TAMS 0x000000070da00000, 0x000000070da00000| Untracked 
| 157|0x000000070db00000, 0x000000070db00000, 0x000000070dc00000|  0%| F|  |TAMS 0x000000070db00000, 0x000000070db00000| Untracked 
| 158|0x000000070dc00000, 0x000000070dc00000, 0x000000070dd00000|  0%| F|  |TAMS 0x000000070dc00000, 0x000000070dc00000| Untracked 
| 159|0x000000070dd00000, 0x000000070dd00000, 0x000000070de00000|  0%| F|  |TAMS 0x000000070dd00000, 0x000000070dd00000| Untracked 
| 160|0x000000070de00000, 0x000000070de00000, 0x000000070df00000|  0%| F|  |TAMS 0x000000070de00000, 0x000000070de00000| Untracked 
| 161|0x000000070df00000, 0x000000070df00000, 0x000000070e000000|  0%| F|  |TAMS 0x000000070df00000, 0x000000070df00000| Untracked 
| 162|0x000000070e000000, 0x000000070e000000, 0x000000070e100000|  0%| F|  |TAMS 0x000000070e000000, 0x000000070e000000| Untracked 
| 163|0x000000070e100000, 0x000000070e100000, 0x000000070e200000|  0%| F|  |TAMS 0x000000070e100000, 0x000000070e100000| Untracked 
| 164|0x000000070e200000, 0x000000070e200000, 0x000000070e300000|  0%| F|  |TAMS 0x000000070e200000, 0x000000070e200000| Untracked 
| 165|0x000000070e300000, 0x000000070e300000, 0x000000070e400000|  0%| F|  |TAMS 0x000000070e300000, 0x000000070e300000| Untracked 
| 166|0x000000070e400000, 0x000000070e400000, 0x000000070e500000|  0%| F|  |TAMS 0x000000070e400000, 0x000000070e400000| Untracked 
| 167|0x000000070e500000, 0x000000070e500000, 0x000000070e600000|  0%| F|  |TAMS 0x000000070e500000, 0x000000070e500000| Untracked 
| 168|0x000000070e600000, 0x000000070e600000, 0x000000070e700000|  0%| F|  |TAMS 0x000000070e600000, 0x000000070e600000| Untracked 
| 169|0x000000070e700000, 0x000000070e700000, 0x000000070e800000|  0%| F|  |TAMS 0x000000070e700000, 0x000000070e700000| Untracked 
| 170|0x000000070e800000, 0x000000070e800000, 0x000000070e900000|  0%| F|  |TAMS 0x000000070e800000, 0x000000070e800000| Untracked 
| 171|0x000000070e900000, 0x000000070e900000, 0x000000070ea00000|  0%| F|  |TAMS 0x000000070e900000, 0x000000070e900000| Untracked 
| 172|0x000000070ea00000, 0x000000070ea00000, 0x000000070eb00000|  0%| F|  |TAMS 0x000000070ea00000, 0x000000070ea00000| Untracked 
| 173|0x000000070eb00000, 0x000000070eb00000, 0x000000070ec00000|  0%| F|  |TAMS 0x000000070eb00000, 0x000000070eb00000| Untracked 
| 174|0x000000070ec00000, 0x000000070ec00000, 0x000000070ed00000|  0%| F|  |TAMS 0x000000070ec00000, 0x000000070ec00000| Untracked 
| 175|0x000000070ed00000, 0x000000070ed00000, 0x000000070ee00000|  0%| F|  |TAMS 0x000000070ed00000, 0x000000070ed00000| Untracked 
| 176|0x000000070ee00000, 0x000000070ee00000, 0x000000070ef00000|  0%| F|  |TAMS 0x000000070ee00000, 0x000000070ee00000| Untracked 
| 177|0x000000070ef00000, 0x000000070ef00000, 0x000000070f000000|  0%| F|  |TAMS 0x000000070ef00000, 0x000000070ef00000| Untracked 
| 178|0x000000070f000000, 0x000000070f000000, 0x000000070f100000|  0%| F|  |TAMS 0x000000070f000000, 0x000000070f000000| Untracked 
| 179|0x000000070f100000, 0x000000070f100000, 0x000000070f200000|  0%| F|  |TAMS 0x000000070f100000, 0x000000070f100000| Untracked 
| 180|0x000000070f200000, 0x000000070f200000, 0x000000070f300000|  0%| F|  |TAMS 0x000000070f200000, 0x000000070f200000| Untracked 
| 181|0x000000070f300000, 0x000000070f300000, 0x000000070f400000|  0%| F|  |TAMS 0x000000070f300000, 0x000000070f300000| Untracked 
| 182|0x000000070f400000, 0x000000070f400000, 0x000000070f500000|  0%| F|  |TAMS 0x000000070f400000, 0x000000070f400000| Untracked 
| 183|0x000000070f500000, 0x000000070f500000, 0x000000070f600000|  0%| F|  |TAMS 0x000000070f500000, 0x000000070f500000| Untracked 
| 184|0x000000070f600000, 0x000000070f600000, 0x000000070f700000|  0%| F|  |TAMS 0x000000070f600000, 0x000000070f600000| Untracked 
| 185|0x000000070f700000, 0x000000070f700000, 0x000000070f800000|  0%| F|  |TAMS 0x000000070f700000, 0x000000070f700000| Untracked 
| 186|0x000000070f800000, 0x000000070f800000, 0x000000070f900000|  0%| F|  |TAMS 0x000000070f800000, 0x000000070f800000| Untracked 
| 187|0x000000070f900000, 0x000000070f900000, 0x000000070fa00000|  0%| F|  |TAMS 0x000000070f900000, 0x000000070f900000| Untracked 
| 188|0x000000070fa00000, 0x000000070fa00000, 0x000000070fb00000|  0%| F|  |TAMS 0x000000070fa00000, 0x000000070fa00000| Untracked 
| 189|0x000000070fb00000, 0x000000070fb00000, 0x000000070fc00000|  0%| F|  |TAMS 0x000000070fb00000, 0x000000070fb00000| Untracked 
| 190|0x000000070fc00000, 0x000000070fc00000, 0x000000070fd00000|  0%| F|  |TAMS 0x000000070fc00000, 0x000000070fc00000| Untracked 
| 191|0x000000070fd00000, 0x000000070fd00000, 0x000000070fe00000|  0%| F|  |TAMS 0x000000070fd00000, 0x000000070fd00000| Untracked 
| 192|0x000000070fe00000, 0x000000070fe00000, 0x000000070ff00000|  0%| F|  |TAMS 0x000000070fe00000, 0x000000070fe00000| Untracked 
| 193|0x000000070ff00000, 0x000000070ff00000, 0x0000000710000000|  0%| F|  |TAMS 0x000000070ff00000, 0x000000070ff00000| Untracked 
| 194|0x0000000710000000, 0x0000000710000000, 0x0000000710100000|  0%| F|  |TAMS 0x0000000710000000, 0x0000000710000000| Untracked 
| 195|0x0000000710100000, 0x0000000710100000, 0x0000000710200000|  0%| F|  |TAMS 0x0000000710100000, 0x0000000710100000| Untracked 
| 196|0x0000000710200000, 0x0000000710200000, 0x0000000710300000|  0%| F|  |TAMS 0x0000000710200000, 0x0000000710200000| Untracked 
| 197|0x0000000710300000, 0x0000000710300000, 0x0000000710400000|  0%| F|  |TAMS 0x0000000710300000, 0x0000000710300000| Untracked 
| 198|0x0000000710400000, 0x0000000710400000, 0x0000000710500000|  0%| F|  |TAMS 0x0000000710400000, 0x0000000710400000| Untracked 
| 199|0x0000000710500000, 0x0000000710500000, 0x0000000710600000|  0%| F|  |TAMS 0x0000000710500000, 0x0000000710500000| Untracked 
| 200|0x0000000710600000, 0x0000000710600000, 0x0000000710700000|  0%| F|  |TAMS 0x0000000710600000, 0x0000000710600000| Untracked 
| 201|0x0000000710700000, 0x0000000710700000, 0x0000000710800000|  0%| F|  |TAMS 0x0000000710700000, 0x0000000710700000| Untracked 
| 202|0x0000000710800000, 0x0000000710800000, 0x0000000710900000|  0%| F|  |TAMS 0x0000000710800000, 0x0000000710800000| Untracked 
| 203|0x0000000710900000, 0x0000000710900000, 0x0000000710a00000|  0%| F|  |TAMS 0x0000000710900000, 0x0000000710900000| Untracked 
| 204|0x0000000710a00000, 0x0000000710a00000, 0x0000000710b00000|  0%| F|  |TAMS 0x0000000710a00000, 0x0000000710a00000| Untracked 
| 205|0x0000000710b00000, 0x0000000710b00000, 0x0000000710c00000|  0%| F|  |TAMS 0x0000000710b00000, 0x0000000710b00000| Untracked 
| 206|0x0000000710c00000, 0x0000000710c00000, 0x0000000710d00000|  0%| F|  |TAMS 0x0000000710c00000, 0x0000000710c00000| Untracked 
| 207|0x0000000710d00000, 0x0000000710d00000, 0x0000000710e00000|  0%| F|  |TAMS 0x0000000710d00000, 0x0000000710d00000| Untracked 
| 208|0x0000000710e00000, 0x0000000710e00000, 0x0000000710f00000|  0%| F|  |TAMS 0x0000000710e00000, 0x0000000710e00000| Untracked 
| 209|0x0000000710f00000, 0x0000000710f00000, 0x0000000711000000|  0%| F|  |TAMS 0x0000000710f00000, 0x0000000710f00000| Untracked 
| 210|0x0000000711000000, 0x0000000711000000, 0x0000000711100000|  0%| F|  |TAMS 0x0000000711000000, 0x0000000711000000| Untracked 
| 211|0x0000000711100000, 0x0000000711100000, 0x0000000711200000|  0%| F|  |TAMS 0x0000000711100000, 0x0000000711100000| Untracked 
| 212|0x0000000711200000, 0x0000000711200000, 0x0000000711300000|  0%| F|  |TAMS 0x0000000711200000, 0x0000000711200000| Untracked 
| 213|0x0000000711300000, 0x0000000711300000, 0x0000000711400000|  0%| F|  |TAMS 0x0000000711300000, 0x0000000711300000| Untracked 
| 214|0x0000000711400000, 0x0000000711400000, 0x0000000711500000|  0%| F|  |TAMS 0x0000000711400000, 0x0000000711400000| Untracked 
| 215|0x0000000711500000, 0x0000000711500000, 0x0000000711600000|  0%| F|  |TAMS 0x0000000711500000, 0x0000000711500000| Untracked 
| 216|0x0000000711600000, 0x0000000711600000, 0x0000000711700000|  0%| F|  |TAMS 0x0000000711600000, 0x0000000711600000| Untracked 
| 217|0x0000000711700000, 0x0000000711700000, 0x0000000711800000|  0%| F|  |TAMS 0x0000000711700000, 0x0000000711700000| Untracked 
| 218|0x0000000711800000, 0x0000000711800000, 0x0000000711900000|  0%| F|  |TAMS 0x0000000711800000, 0x0000000711800000| Untracked 
| 219|0x0000000711900000, 0x0000000711900000, 0x0000000711a00000|  0%| F|  |TAMS 0x0000000711900000, 0x0000000711900000| Untracked 
| 220|0x0000000711a00000, 0x0000000711a00000, 0x0000000711b00000|  0%| F|  |TAMS 0x0000000711a00000, 0x0000000711a00000| Untracked 
| 221|0x0000000711b00000, 0x0000000711b00000, 0x0000000711c00000|  0%| F|  |TAMS 0x0000000711b00000, 0x0000000711b00000| Untracked 
| 222|0x0000000711c00000, 0x0000000711c00000, 0x0000000711d00000|  0%| F|  |TAMS 0x0000000711c00000, 0x0000000711c00000| Untracked 
| 223|0x0000000711d00000, 0x0000000711d00000, 0x0000000711e00000|  0%| F|  |TAMS 0x0000000711d00000, 0x0000000711d00000| Untracked 
| 224|0x0000000711e00000, 0x0000000711e00000, 0x0000000711f00000|  0%| F|  |TAMS 0x0000000711e00000, 0x0000000711e00000| Untracked 
| 225|0x0000000711f00000, 0x0000000711fa1000, 0x0000000712000000| 62%| E|  |TAMS 0x0000000711f00000, 0x0000000711f00000| Complete 
| 226|0x0000000712000000, 0x0000000712100000, 0x0000000712100000|100%| E|CS|TAMS 0x0000000712000000, 0x0000000712000000| Complete 
| 227|0x0000000712100000, 0x0000000712200000, 0x0000000712200000|100%| E|CS|TAMS 0x0000000712100000, 0x0000000712100000| Complete 
| 228|0x0000000712200000, 0x0000000712300000, 0x0000000712300000|100%| E|CS|TAMS 0x0000000712200000, 0x0000000712200000| Complete 
| 229|0x0000000712300000, 0x0000000712400000, 0x0000000712400000|100%| E|CS|TAMS 0x0000000712300000, 0x0000000712300000| Complete 
| 230|0x0000000712400000, 0x0000000712500000, 0x0000000712500000|100%| E|CS|TAMS 0x0000000712400000, 0x0000000712400000| Complete 
| 231|0x0000000712500000, 0x0000000712600000, 0x0000000712600000|100%| E|CS|TAMS 0x0000000712500000, 0x0000000712500000| Complete 
| 232|0x0000000712600000, 0x0000000712700000, 0x0000000712700000|100%| E|CS|TAMS 0x0000000712600000, 0x0000000712600000| Complete 
| 233|0x0000000712700000, 0x0000000712800000, 0x0000000712800000|100%| E|CS|TAMS 0x0000000712700000, 0x0000000712700000| Complete 
| 234|0x0000000712800000, 0x0000000712900000, 0x0000000712900000|100%| E|CS|TAMS 0x0000000712800000, 0x0000000712800000| Complete 
| 235|0x0000000712900000, 0x0000000712a00000, 0x0000000712a00000|100%| E|CS|TAMS 0x0000000712900000, 0x0000000712900000| Complete 
| 236|0x0000000712a00000, 0x0000000712b00000, 0x0000000712b00000|100%| E|CS|TAMS 0x0000000712a00000, 0x0000000712a00000| Complete 
| 237|0x0000000712b00000, 0x0000000712c00000, 0x0000000712c00000|100%| E|CS|TAMS 0x0000000712b00000, 0x0000000712b00000| Complete 
| 238|0x0000000712c00000, 0x0000000712d00000, 0x0000000712d00000|100%| E|CS|TAMS 0x0000000712c00000, 0x0000000712c00000| Complete 
| 239|0x0000000712d00000, 0x0000000712e00000, 0x0000000712e00000|100%| E|CS|TAMS 0x0000000712d00000, 0x0000000712d00000| Complete 
| 240|0x0000000712e00000, 0x0000000712f00000, 0x0000000712f00000|100%| E|CS|TAMS 0x0000000712e00000, 0x0000000712e00000| Complete 
| 241|0x0000000712f00000, 0x0000000713000000, 0x0000000713000000|100%| E|CS|TAMS 0x0000000712f00000, 0x0000000712f00000| Complete 
| 242|0x0000000713000000, 0x0000000713100000, 0x0000000713100000|100%| E|CS|TAMS 0x0000000713000000, 0x0000000713000000| Complete 
| 243|0x0000000713100000, 0x0000000713200000, 0x0000000713200000|100%| E|CS|TAMS 0x0000000713100000, 0x0000000713100000| Complete 
| 244|0x0000000713200000, 0x0000000713300000, 0x0000000713300000|100%| E|CS|TAMS 0x0000000713200000, 0x0000000713200000| Complete 
| 245|0x0000000713300000, 0x0000000713400000, 0x0000000713400000|100%| E|CS|TAMS 0x0000000713300000, 0x0000000713300000| Complete 
| 246|0x0000000713400000, 0x0000000713500000, 0x0000000713500000|100%| E|CS|TAMS 0x0000000713400000, 0x0000000713400000| Complete 
| 247|0x0000000713500000, 0x0000000713600000, 0x0000000713600000|100%| E|CS|TAMS 0x0000000713500000, 0x0000000713500000| Complete 
| 248|0x0000000713600000, 0x0000000713700000, 0x0000000713700000|100%| E|CS|TAMS 0x0000000713600000, 0x0000000713600000| Complete 
| 249|0x0000000713700000, 0x0000000713800000, 0x0000000713800000|100%| E|CS|TAMS 0x0000000713700000, 0x0000000713700000| Complete 
| 250|0x0000000713800000, 0x0000000713900000, 0x0000000713900000|100%| E|CS|TAMS 0x0000000713800000, 0x0000000713800000| Complete 
| 251|0x0000000713900000, 0x0000000713a00000, 0x0000000713a00000|100%| E|CS|TAMS 0x0000000713900000, 0x0000000713900000| Complete 
| 252|0x0000000713a00000, 0x0000000713b00000, 0x0000000713b00000|100%| E|CS|TAMS 0x0000000713a00000, 0x0000000713a00000| Complete 
| 253|0x0000000713b00000, 0x0000000713c00000, 0x0000000713c00000|100%| E|CS|TAMS 0x0000000713b00000, 0x0000000713b00000| Complete 

Card table byte_map: [0x000001b2c4f40000,0x000001b2c5730000] _byte_map_base: 0x000001b2c1721000

Marking Bits (Prev, Next): (CMBitMap*) 0x000001b2aac39de0, (CMBitMap*) 0x000001b2aac39da8
 Prev Bits: [0x000001b2c9e30000, 0x000001b2cdd38000)
 Next Bits: [0x000001b2c5f20000, 0x000001b2c9e28000)

Polling page: 0x000001b2aacc0000

Metaspace:

Usage:
  Non-class:     28.76 MB capacity,    28.08 MB ( 98%) used,   569.80 KB (  2%) free+waste,   129.88 KB ( <1%) overhead. 
      Class:      4.37 MB capacity,     3.87 MB ( 89%) used,   441.70 KB ( 10%) free+waste,    65.06 KB (  1%) overhead. 
       Both:     33.13 MB capacity,    31.95 MB ( 96%) used,  1011.51 KB (  3%) free+waste,   194.94 KB ( <1%) overhead. 

Virtual space:
  Non-class space:       30.00 MB reserved,      29.00 MB ( 97%) committed 
      Class space:        1.00 GB reserved,       4.38 MB ( <1%) committed 
             Both:        1.03 GB reserved,      33.38 MB (  3%) committed 

Chunk freelists:
   Non-Class:  51.00 KB
       Class:  6.00 KB
        Both:  57.00 KB

MaxMetaspaceSize: 17179869184.00 GB
CompressedClassSpaceSize: 1.00 GB

CodeHeap 'non-profiled nmethods': size=120000Kb used=2091Kb max_used=2091Kb free=117908Kb
 bounds [0x000001b2bc5a0000, 0x000001b2bc810000, 0x000001b2c3ad0000]
CodeHeap 'profiled nmethods': size=120000Kb used=7055Kb max_used=7055Kb free=112944Kb
 bounds [0x000001b2b5070000, 0x000001b2b5760000, 0x000001b2bc5a0000]
CodeHeap 'non-nmethods': size=5760Kb used=1417Kb max_used=1469Kb free=4342Kb
 bounds [0x000001b2b4ad0000, 0x000001b2b4d40000, 0x000001b2b5070000]
 total_blobs=4435 nmethods=3564 adapters=782
 compilation: enabled
              stopped_count=0, restarted_count=0
 full_count=0

Compilation events (20 events):
Event: 19.474 Thread 0x000001b2d1390000 nmethod 3552 0x000001b2bc7a9410 code [0x000001b2bc7a95c0, 0x000001b2bc7a9678]
Event: 19.475 Thread 0x000001b2d138d000 3553       4       java.util.Arrays$ArrayItr::hasNext (18 bytes)
Event: 19.475 Thread 0x000001b2d1390000 3554       1       org.apache.http.auth.AuthState::getState (5 bytes)
Event: 19.475 Thread 0x000001b2d1390000 nmethod 3554 0x000001b2bc7a9710 code [0x000001b2bc7a98c0, 0x000001b2bc7a9978]
Event: 19.475 Thread 0x000001b2d1390000 3555       3       org.apache.http.message.BasicHeader::<init> (23 bytes)
Event: 19.475 Thread 0x000001b2d138d000 nmethod 3553 0x000001b2bc7a9a10 code [0x000001b2bc7a9ba0, 0x000001b2bc7a9c38]
Event: 19.475 Thread 0x000001b2d1390000 nmethod 3555 0x000001b2b5750210 code [0x000001b2b5750440, 0x000001b2b5750a68]
Event: 19.475 Thread 0x000001b2d1390000 3556       1       com.sun.prism.sw.SWTexture::getResourceFactory (5 bytes)
Event: 19.476 Thread 0x000001b2d1390000 nmethod 3556 0x000001b2bc7a9d10 code [0x000001b2bc7a9ec0, 0x000001b2bc7a9f78]
Event: 19.476 Thread 0x000001b2d1390000 3557       3       com.sun.javafx.geom.transform.Affine3D::updateState (96 bytes)
Event: 19.476 Thread 0x000001b2d138d000 3559       4       java.util.regex.Pattern::split (290 bytes)
Event: 19.476 Thread 0x000001b2d1390000 nmethod 3557 0x000001b2b5750d10 code [0x000001b2b5750fe0, 0x000001b2b5751b68]
Event: 19.476 Thread 0x000001b2d1390000 3558       3       com.sun.javafx.geom.transform.AffineBase::updateState (5 bytes)
Event: 19.476 Thread 0x000001b2d1390000 nmethod 3558 0x000001b2b5751d10 code [0x000001b2b5751ec0, 0x000001b2b5752088]
Event: 19.476 Thread 0x000001b2d1390000 3560       1       com.sun.javafx.webkit.prism.WCGraphicsPrismContext::access$2100 (5 bytes)
Event: 19.476 Thread 0x000001b2d1390000 nmethod 3560 0x000001b2bc7aa010 code [0x000001b2bc7aa1c0, 0x000001b2bc7aa258]
Event: 19.477 Thread 0x000001b2d1390000 3562       3       sun.security.ssl.NamedGroup::isAvailable (44 bytes)
Event: 19.477 Thread 0x000001b2d1390000 nmethod 3562 0x000001b2b5752110 code [0x000001b2b57522e0, 0x000001b2b57525e8]
Event: 19.479 Thread 0x000001b2d1390000 3564       3       java.util.concurrent.ConcurrentHashMap$ValueIterator::<init> (12 bytes)
Event: 19.480 Thread 0x000001b2d1390000 nmethod 3564 0x000001b2b5752710 code [0x000001b2b57528e0, 0x000001b2b5752b18]

GC Heap History (8 events):
Event: 0.810 GC heap before
{Heap before GC invocations=0 (full 0):
 garbage-first heap   total 260096K, used 23552K [0x0000000703e00000, 0x0000000800000000)
  region size 1024K, 24 young (24576K), 0 survivors (0K)
 Metaspace       used 11926K, capacity 12341K, committed 12416K, reserved 1060864K
  class space    used 1194K, capacity 1339K, committed 1408K, reserved 1048576K
}
Event: 0.813 GC heap after
{Heap after GC invocations=1 (full 0):
 garbage-first heap   total 260096K, used 8210K [0x0000000703e00000, 0x0000000800000000)
  region size 1024K, 3 young (3072K), 3 survivors (3072K)
 Metaspace       used 11926K, capacity 12341K, committed 12416K, reserved 1060864K
  class space    used 1194K, capacity 1339K, committed 1408K, reserved 1048576K
}
Event: 0.999 GC heap before
{Heap before GC invocations=1 (full 0):
 garbage-first heap   total 260096K, used 26642K [0x0000000703e00000, 0x0000000800000000)
  region size 1024K, 21 young (21504K), 3 survivors (3072K)
 Metaspace       used 16018K, capacity 16519K, committed 16768K, reserved 1064960K
  class space    used 1657K, capacity 1827K, committed 1920K, reserved 1048576K
}
Event: 1.001 GC heap after
{Heap after GC invocations=2 (full 0):
 garbage-first heap   total 260096K, used 10454K [0x0000000703e00000, 0x0000000800000000)
  region size 1024K, 3 young (3072K), 3 survivors (3072K)
 Metaspace       used 16018K, capacity 16519K, committed 16768K, reserved 1064960K
  class space    used 1657K, capacity 1827K, committed 1920K, reserved 1048576K
}
Event: 1.412 GC heap before
{Heap before GC invocations=2 (full 0):
 garbage-first heap   total 260096K, used 47318K [0x0000000703e00000, 0x0000000800000000)
  region size 1024K, 34 young (34816K), 3 survivors (3072K)
 Metaspace       used 20581K, capacity 21232K, committed 21248K, reserved 1069056K
  class space    used 2293K, capacity 2554K, committed 2560K, reserved 1048576K
}
Event: 1.415 GC heap after
{Heap after GC invocations=3 (full 0):
 garbage-first heap   total 260096K, used 14357K [0x0000000703e00000, 0x0000000800000000)
  region size 1024K, 3 young (3072K), 3 survivors (3072K)
 Metaspace       used 20581K, capacity 21232K, committed 21248K, reserved 1069056K
  class space    used 2293K, capacity 2554K, committed 2560K, reserved 1048576K
}
Event: 18.774 GC heap before
{Heap before GC invocations=4 (full 0):
 garbage-first heap   total 260096K, used 181269K [0x0000000703e00000, 0x0000000800000000)
  region size 1024K, 152 young (155648K), 3 survivors (3072K)
 Metaspace       used 32323K, capacity 33500K, committed 33664K, reserved 1079296K
  class space    used 3933K, capacity 4439K, committed 4480K, reserved 1048576K
}
Event: 18.779 GC heap after
{Heap after GC invocations=5 (full 0):
 garbage-first heap   total 260096K, used 26150K [0x0000000703e00000, 0x0000000800000000)
  region size 1024K, 9 young (9216K), 9 survivors (9216K)
 Metaspace       used 32323K, capacity 33500K, committed 33664K, reserved 1079296K
  class space    used 3933K, capacity 4439K, committed 4480K, reserved 1048576K
}

Deoptimization events (20 events):
Event: 17.722 Thread 0x000001b2d2a42000 DEOPT PACKING pc=0x000001b2bc62b600 sp=0x0000002118afefe0
Event: 17.722 Thread 0x000001b2d2a42000 DEOPT UNPACKING pc=0x000001b2b4af68af sp=0x0000002118afefa8 mode 2
Event: 18.397 Thread 0x000001b2d2a47000 DEOPT PACKING pc=0x000001b2b54ca852 sp=0x00000021184fec30
Event: 18.397 Thread 0x000001b2d2a47000 DEOPT UNPACKING pc=0x000001b2b4af705e sp=0x00000021184fe108 mode 0
Event: 18.771 Thread 0x000001b31b489800 DEOPT PACKING pc=0x000001b2b56b52bc sp=0x0000002119bfc150
Event: 18.771 Thread 0x000001b31b489800 DEOPT UNPACKING pc=0x000001b2b4af705e sp=0x0000002119bfb620 mode 0
Event: 18.837 Thread 0x000001b31c625800 Uncommon trap: trap_request=0xffffff4d fr.pc=0x000001b2bc740548 relative=0x0000000000000468
Event: 18.837 Thread 0x000001b31c625800 Uncommon trap: reason=unstable_if action=reinterpret pc=0x000001b2bc740548 method=sun.security.provider.DigestBase.engineUpdate([BII)V @ 1 c2
Event: 18.837 Thread 0x000001b31c625800 DEOPT PACKING pc=0x000001b2bc740548 sp=0x0000002119ffbf80
Event: 18.837 Thread 0x000001b31c625800 DEOPT UNPACKING pc=0x000001b2b4af68af sp=0x0000002119ffbf58 mode 2
Event: 18.840 Thread 0x000001b31c625800 Uncommon trap: trap_request=0xffffff4d fr.pc=0x000001b2bc633ae8 relative=0x00000000000001c8
Event: 18.840 Thread 0x000001b31c625800 Uncommon trap: reason=unstable_if action=reinterpret pc=0x000001b2bc633ae8 method=java.util.Arrays.hashCode([B)I @ 1 c2
Event: 18.840 Thread 0x000001b31c625800 DEOPT PACKING pc=0x000001b2bc633ae8 sp=0x0000002119ffbfd0
Event: 18.840 Thread 0x000001b31c625800 DEOPT UNPACKING pc=0x000001b2b4af68af sp=0x0000002119ffbf48 mode 2
Event: 18.841 Thread 0x000001b31c625800 DEOPT PACKING pc=0x000001b2b5701bb8 sp=0x0000002119ffbfe0
Event: 18.841 Thread 0x000001b31c625800 DEOPT UNPACKING pc=0x000001b2b4af705e sp=0x0000002119ffb458 mode 0
Event: 18.862 Thread 0x000001b31c627800 DEOPT PACKING pc=0x000001b2b565359d sp=0x0000002119efc110
Event: 18.862 Thread 0x000001b31c627800 DEOPT UNPACKING pc=0x000001b2b4af705e sp=0x0000002119efb5f8 mode 0
Event: 18.974 Thread 0x000001b31b488800 DEOPT PACKING pc=0x000001b2b568ce12 sp=0x0000002119afbd20
Event: 18.974 Thread 0x000001b31b488800 DEOPT UNPACKING pc=0x000001b2b4af705e sp=0x0000002119afb1b8 mode 0

Classes redefined (0 events):
No events

Internal exceptions (20 events):
Event: 2.312 Thread 0x000001b2d2a47000 Exception <a 'java/lang/NoSuchMethodError'{0x000000071128b6b0}: 'java.lang.Object java.lang.invoke.Invokers$Holder.linkToTargetMethod(java.lang.Object, long, java.lang.Object)'> (0x000000071128b6b0) thrown at [./src/hotspot/share/interpreter/linkResolver.cpp, line 773]
Event: 2.322 Thread 0x000001b2d2a47000 Exception <a 'java/lang/NoSuchMethodError'{0x00000007111673c0}: 'java.lang.Object java.lang.invoke.DirectMethodHandle$Holder.invokeSpecial(java.lang.Object, java.lang.Object, int, int, int, int, int, int, int)'> (0x00000007111673c0) thrown at [./src/hotspot/share/interpreter/linkResolver.cpp, line 773]
Event: 2.322 Thread 0x000001b2d2a47000 Exception <a 'java/lang/NoSuchMethodError'{0x000000071116a778}: 'java.lang.Object java.lang.invoke.DelegatingMethodHandle$Holder.reinvoke_L(java.lang.Object, int, int, int, int, int, int, int)'> (0x000000071116a778) thrown at [./src/hotspot/share/interpreter/linkResolver.cpp, line 773]
Event: 2.323 Thread 0x000001b2d2a47000 Exception <a 'java/lang/NoSuchMethodError'{0x000000071118f730}: 'java.lang.Object java.lang.invoke.DirectMethodHandle$Holder.invokeSpecial(java.lang.Object, java.lang.Object, int, int, int, int)'> (0x000000071118f730) thrown at [./src/hotspot/share/interpreter/linkResolver.cpp, line 773]
Event: 15.042 Thread 0x000001b2d2a47000 Exception <a 'java/lang/NoSuchMethodError'{0x0000000710b8c9c8}: 'org.slf4j.impl.StaticMDCBinder org.slf4j.impl.StaticMDCBinder.getSingleton()'> (0x0000000710b8c9c8) thrown at [./src/hotspot/share/interpreter/linkResolver.cpp, line 773]
Event: 15.054 Thread 0x000001b2d2a47000 Exception <a 'sun/nio/fs/WindowsException'{0x0000000710bbed38}> (0x0000000710bbed38) thrown at [./src/hotspot/share/prims/jni.cpp, line 615]
Event: 15.069 Thread 0x000001b2d2a47000 Exception <a 'java/lang/NoSuchMethodError'{0x0000000710a4dbe0}: 'java.lang.Object java.lang.invoke.DelegatingMethodHandle$Holder.reinvoke_L(java.lang.Object, long, java.lang.Object)'> (0x0000000710a4dbe0) thrown at [./src/hotspot/share/interpreter/linkResolver.cpp, line 773]
Event: 15.074 Thread 0x000001b2d2a47000 Exception <a 'java/lang/NoSuchMethodError'{0x0000000710acdf40}: 'java.lang.Object java.lang.invoke.DelegatingMethodHandle$Holder.reinvoke_L(java.lang.Object, java.lang.Object, int, int, long, int, java.lang.Object, java.lang.Object, java.lang.Object, int)'> (0x0000000710acdf40) thrown at [./src/hotspot/share/interpreter/linkResolver.cpp, line 773]
Event: 15.076 Thread 0x000001b2d2a47000 Exception <a 'java/lang/NoSuchMethodError'{0x000000071092d0b8}: 'java.lang.Object java.lang.invoke.DirectMethodHandle$Holder.invokeSpecial(java.lang.Object, java.lang.Object, int, int, int, long, int, java.lang.Object, java.lang.Object, java.lang.Object, int)'> (0x000000071092d0b8) thrown at [./src/hotspot/share/interpreter/linkResolver.cpp, line 773]
Event: 15.076 Thread 0x000001b2d2a47000 Exception <a 'java/lang/NoSuchMethodError'{0x0000000710930960}: 'java.lang.Object java.lang.invoke.DelegatingMethodHandle$Holder.reinvoke_L(java.lang.Object, int, int, int, long, int, java.lang.Object, java.lang.Object, java.lang.Object, int)'> (0x0000000710930960) thrown at [./src/hotspot/share/interpreter/linkResolver.cpp, line 773]
Event: 15.083 Thread 0x000001b2d2a47000 Implicit null exception at 0x000001b2bc5e08f7 to 0x000001b2bc5e0e04
Event: 15.086 Thread 0x000001b2d2a47000 Exception <a 'java/lang/NoSuchMethodError'{0x0000000710838c68}: 'java.lang.Object java.lang.invoke.DirectMethodHandle$Holder.invokeSpecial(java.lang.Object, java.lang.Object, int, int, int, java.lang.Object, java.lang.Object, java.lang.Object)'> (0x0000000710838c68) thrown at [./src/hotspot/share/interpreter/linkResolver.cpp, line 773]
Event: 15.086 Thread 0x000001b2d2a47000 Exception <a 'java/lang/NoSuchMethodError'{0x000000071083c2a8}: 'java.lang.Object java.lang.invoke.DelegatingMethodHandle$Holder.reinvoke_L(java.lang.Object, int, int, int, java.lang.Object, java.lang.Object, java.lang.Object)'> (0x000000071083c2a8) thrown at [./src/hotspot/share/interpreter/linkResolver.cpp, line 773]
Event: 15.645 Thread 0x000001b2d2a47000 Exception <a 'java/lang/NoSuchMethodError'{0x000000070f7bb418}: 'java.lang.Object java.lang.invoke.DelegatingMethodHandle$Holder.reinvoke_L(java.lang.Object, java.lang.Object, int, int, long, int, int, java.lang.Object, java.lang.Object, int)'> (0x000000070f7bb418) thrown at [./src/hotspot/share/interpreter/linkResolver.cpp, line 773]
Event: 15.647 Thread 0x000001b2d2a47000 Exception <a 'java/lang/NoSuchMethodError'{0x000000070f619218}: 'java.lang.Object java.lang.invoke.DirectMethodHandle$Holder.invokeSpecial(java.lang.Object, java.lang.Object, int, int, int, long, int, int, java.lang.Object, java.lang.Object, int)'> (0x000000070f619218) thrown at [./src/hotspot/share/interpreter/linkResolver.cpp, line 773]
Event: 15.647 Thread 0x000001b2d2a47000 Exception <a 'java/lang/NoSuchMethodError'{0x000000070f61c9b8}: 'java.lang.Object java.lang.invoke.DelegatingMethodHandle$Holder.reinvoke_L(java.lang.Object, int, int, int, long, int, int, java.lang.Object, java.lang.Object, int)'> (0x000000070f61c9b8) thrown at [./src/hotspot/share/interpreter/linkResolver.cpp, line 773]
Event: 18.519 Thread 0x000001b3182dd800 Exception <a 'sun/nio/fs/WindowsException'{0x000000070af89b20}> (0x000000070af89b20) thrown at [./src/hotspot/share/prims/jni.cpp, line 615]
Event: 18.667 Thread 0x000001b31c623800 Exception <a 'java/net/SocketTimeoutException'{0x000000070ad06708}: Read timed out> (0x000000070ad06708) thrown at [./src/hotspot/share/prims/jni.cpp, line 636]
Event: 18.667 Thread 0x000001b31b489800 Exception <a 'java/net/SocketTimeoutException'{0x000000070ae86ac8}: Read timed out> (0x000000070ae86ac8) thrown at [./src/hotspot/share/prims/jni.cpp, line 636]
Event: 18.840 Thread 0x000001b31c625800 Implicit null exception at 0x000001b2bc63392c to 0x000001b2bc633ada

Events (20 events):
Event: 19.457 Executing VM operation: RevokeBias
Event: 19.457 Executing VM operation: RevokeBias done
Event: 19.474 loading class com/sun/javafx/webkit/prism/WCGraphicsPrismContext$9
Event: 19.474 loading class com/sun/javafx/webkit/prism/WCGraphicsPrismContext$9 done
Event: 19.475 loading class com/sun/javafx/webkit/prism/WCGraphicsPrismContext$TransparencyLayer$1
Event: 19.475 loading class com/sun/javafx/webkit/prism/WCGraphicsPrismContext$TransparencyLayer$1 done
Event: 19.476 loading class com/sun/javafx/webkit/prism/TextUtilities
Event: 19.476 loading class com/sun/javafx/webkit/prism/TextUtilities done
Event: 19.477 loading class com/sun/javafx/text/TextRun
Event: 19.477 loading class com/sun/javafx/text/TextRun done
Event: 19.477 loading class com/sun/javafx/webkit/prism/TextUtilities$1
Event: 19.477 loading class com/sun/javafx/webkit/prism/TextUtilities$1 done
Event: 19.478 loading class com/sun/javafx/webkit/prism/WCGraphicsPrismContext$10
Event: 19.478 loading class com/sun/javafx/webkit/prism/WCGraphicsPrismContext$10 done
Event: 19.479 Executing VM operation: RevokeBias
Event: 19.479 Executing VM operation: RevokeBias done
Event: 19.479 loading class com/sun/javafx/font/directwrite/IDWriteGlyphRunAnalysis
Event: 19.479 loading class com/sun/javafx/font/directwrite/IDWriteGlyphRunAnalysis done
Event: 19.483 loading class com/sun/javafx/font/directwrite/IWICImagingFactory
Event: 19.483 loading class com/sun/javafx/font/directwrite/IWICImagingFactory done


Dynamic libraries:
0x00007ff7f1ab0000 - 0x00007ff7f1abd000 	C:\Program Files\AdoptOpenJDK\jdk-11.0.11.9-hotspot\bin\java.exe
0x00007ffe13050000 - 0x00007ffe13245000 	C:\Windows\SYSTEM32\ntdll.dll
0x00007ffe111d0000 - 0x00007ffe1128d000 	C:\Windows\System32\KERNEL32.DLL
0x00007ffe10b60000 - 0x00007ffe10e28000 	C:\Windows\System32\KERNELBASE.dll
0x00007ffe10f00000 - 0x00007ffe11000000 	C:\Windows\System32\ucrtbase.dll
0x00007ffdfa0c0000 - 0x00007ffdfa0d7000 	C:\Program Files\AdoptOpenJDK\jdk-11.0.11.9-hotspot\bin\jli.dll
0x00007ffdfa0e0000 - 0x00007ffdfa0f5000 	C:\Program Files\AdoptOpenJDK\jdk-11.0.11.9-hotspot\bin\VCRUNTIME140.dll
0x00007ffe11e20000 - 0x00007ffe11fc0000 	C:\Windows\System32\USER32.dll
0x00007ffe108a0000 - 0x00007ffe108c2000 	C:\Windows\System32\win32u.dll
0x00007ffe124f0000 - 0x00007ffe1251a000 	C:\Windows\System32\GDI32.dll
0x00007ffe10790000 - 0x00007ffe1089b000 	C:\Windows\System32\gdi32full.dll
0x00007ffe0fbb0000 - 0x00007ffe0fe4a000 	C:\Windows\WinSxS\amd64_microsoft.windows.common-controls_6595b64144ccf1df_6.0.19041.844_none_ca00b6081b84eb1d\COMCTL32.dll
0x00007ffe10ac0000 - 0x00007ffe10b5d000 	C:\Windows\System32\msvcp_win.dll
0x00007ffe12650000 - 0x00007ffe126ee000 	C:\Windows\System32\msvcrt.dll
0x00007ffe118a0000 - 0x00007ffe118d0000 	C:\Windows\System32\IMM32.DLL
0x00007ffdb15b0000 - 0x00007ffdb164b000 	C:\Program Files\AdoptOpenJDK\jdk-11.0.11.9-hotspot\bin\msvcp140.dll
0x00007ffd62710000 - 0x00007ffd6325b000 	C:\Program Files\AdoptOpenJDK\jdk-11.0.11.9-hotspot\bin\server\jvm.dll
0x00007ffe112a0000 - 0x00007ffe1134c000 	C:\Windows\System32\ADVAPI32.dll
0x00007ffe11940000 - 0x00007ffe119db000 	C:\Windows\System32\sechost.dll
0x00007ffe123c0000 - 0x00007ffe124eb000 	C:\Windows\System32\RPCRT4.dll
0x00007ffe11930000 - 0x00007ffe11938000 	C:\Windows\System32\PSAPI.DLL
0x00007ffe0a090000 - 0x00007ffe0a0b7000 	C:\Windows\SYSTEM32\WINMM.dll
0x00007ffdfe6f0000 - 0x00007ffdfe6f9000 	C:\Windows\SYSTEM32\WSOCK32.dll
0x00007ffe0e270000 - 0x00007ffe0e27a000 	C:\Windows\SYSTEM32\VERSION.dll
0x00007ffe11fc0000 - 0x00007ffe1202b000 	C:\Windows\System32\WS2_32.dll
0x00007ffe0e290000 - 0x00007ffe0e2a2000 	C:\Windows\SYSTEM32\kernel.appcore.dll
0x00007ffe000a0000 - 0x00007ffe000b0000 	C:\Program Files\AdoptOpenJDK\jdk-11.0.11.9-hotspot\bin\verify.dll
0x00007ffe101c0000 - 0x00007ffe103a4000 	C:\Windows\SYSTEM32\DBGHELP.DLL
0x00007ffe10110000 - 0x00007ffe1013c000 	C:\Windows\SYSTEM32\dbgcore.DLL
0x00007ffe10e30000 - 0x00007ffe10eb0000 	C:\Windows\System32\bcryptPrimitives.dll
0x00007ffdc3160000 - 0x00007ffdc3188000 	C:\Program Files\AdoptOpenJDK\jdk-11.0.11.9-hotspot\bin\java.dll
0x00007ffdfff80000 - 0x00007ffdfff8a000 	C:\Program Files\AdoptOpenJDK\jdk-11.0.11.9-hotspot\bin\jimage.dll
0x00007ffdf49c0000 - 0x00007ffdf49d7000 	C:\Program Files\AdoptOpenJDK\jdk-11.0.11.9-hotspot\bin\zip.dll
0x00007ffe12830000 - 0x00007ffe12f72000 	C:\Windows\System32\SHELL32.dll
0x00007ffe0dad0000 - 0x00007ffe0e260000 	C:\Windows\SYSTEM32\windows.storage.dll
0x00007ffe11ac0000 - 0x00007ffe11e15000 	C:\Windows\System32\combase.dll
0x00007ffe0fb10000 - 0x00007ffe0fb3c000 	C:\Windows\SYSTEM32\Wldp.dll
0x00007ffe12050000 - 0x00007ffe120fe000 	C:\Windows\System32\SHCORE.dll
0x00007ffe118d0000 - 0x00007ffe11925000 	C:\Windows\System32\shlwapi.dll
0x00007ffe106d0000 - 0x00007ffe106ef000 	C:\Windows\SYSTEM32\profapi.dll
0x00007ffdf3880000 - 0x00007ffdf3899000 	C:\Program Files\AdoptOpenJDK\jdk-11.0.11.9-hotspot\bin\net.dll
0x00007ffe0a920000 - 0x00007ffe0aa2b000 	C:\Windows\SYSTEM32\WINHTTP.dll
0x00007ffe0f8e0000 - 0x00007ffe0f94a000 	C:\Windows\system32\mswsock.dll
0x00007ffde3080000 - 0x00007ffde3092000 	C:\Program Files\AdoptOpenJDK\jdk-11.0.11.9-hotspot\bin\nio.dll
0x00007ffe10520000 - 0x00007ffe10538000 	C:\Windows\SYSTEM32\CRYPTSP.dll
0x00007ffe0f240000 - 0x00007ffe0f274000 	C:\Windows\system32\rsaenh.dll
0x00007ffe108d0000 - 0x00007ffe108f7000 	C:\Windows\System32\bcrypt.dll
0x00007ffe10650000 - 0x00007ffe1067e000 	C:\Windows\SYSTEM32\USERENV.dll
0x00007ffe0fb00000 - 0x00007ffe0fb0c000 	C:\Windows\SYSTEM32\CRYPTBASE.dll
0x00007ffe0f570000 - 0x00007ffe0f5ab000 	C:\Windows\SYSTEM32\IPHLPAPI.DLL
0x00007ffe12820000 - 0x00007ffe12828000 	C:\Windows\System32\NSI.dll
0x00007ffe09490000 - 0x00007ffe094a7000 	C:\Windows\SYSTEM32\dhcpcsvc6.DLL
0x00007ffe09400000 - 0x00007ffe0941d000 	C:\Windows\SYSTEM32\dhcpcsvc.DLL
0x00007ffe0f5b0000 - 0x00007ffe0f67c000 	C:\Windows\SYSTEM32\DNSAPI.dll
0x00007ffdf45e0000 - 0x00007ffdf45e7000 	C:\Program Files\AdoptOpenJDK\jdk-11.0.11.9-hotspot\bin\rmi.dll
0x00007ffdf4970000 - 0x00007ffdf497e000 	C:\Program Files\AdoptOpenJDK\jdk-11.0.11.9-hotspot\bin\sunmscapi.dll
0x00007ffe10960000 - 0x00007ffe10abf000 	C:\Windows\System32\CRYPT32.dll
0x00007ffe0fb80000 - 0x00007ffe0fba7000 	C:\Windows\SYSTEM32\ncrypt.dll
0x00007ffe0fb40000 - 0x00007ffe0fb7b000 	C:\Windows\SYSTEM32\NTASN1.dll
0x00007ffdb8c00000 - 0x00007ffdb8c25000 	C:\Program Files\AdoptOpenJDK\jdk-11.0.11.9-hotspot\bin\sunec.dll
0x000001b2d3c60000 - 0x000001b2d3c63000 	C:\Program Files\AdoptOpenJDK\jdk-11.0.11.9-hotspot\bin\api-ms-win-core-console-l1-1-0.dll
0x000001b2d3c70000 - 0x000001b2d3c73000 	C:\Program Files\AdoptOpenJDK\jdk-11.0.11.9-hotspot\bin\api-ms-win-core-datetime-l1-1-0.dll
0x000001b2d3c80000 - 0x000001b2d3c83000 	C:\Program Files\AdoptOpenJDK\jdk-11.0.11.9-hotspot\bin\api-ms-win-core-debug-l1-1-0.dll
0x000001b2d3c90000 - 0x000001b2d3c93000 	C:\Program Files\AdoptOpenJDK\jdk-11.0.11.9-hotspot\bin\api-ms-win-core-errorhandling-l1-1-0.dll
0x000001b2d3ca0000 - 0x000001b2d3ca4000 	C:\Program Files\AdoptOpenJDK\jdk-11.0.11.9-hotspot\bin\api-ms-win-core-file-l1-1-0.dll
0x000001b2d3cb0000 - 0x000001b2d3cb3000 	C:\Program Files\AdoptOpenJDK\jdk-11.0.11.9-hotspot\bin\api-ms-win-core-file-l1-2-0.dll
0x000001b2d3cc0000 - 0x000001b2d3cc3000 	C:\Program Files\AdoptOpenJDK\jdk-11.0.11.9-hotspot\bin\api-ms-win-core-file-l2-1-0.dll
0x000001b2d3cd0000 - 0x000001b2d3cd3000 	C:\Program Files\AdoptOpenJDK\jdk-11.0.11.9-hotspot\bin\api-ms-win-core-handle-l1-1-0.dll
0x000001b2d3ce0000 - 0x000001b2d3ce3000 	C:\Program Files\AdoptOpenJDK\jdk-11.0.11.9-hotspot\bin\api-ms-win-core-heap-l1-1-0.dll
0x000001b2d3cf0000 - 0x000001b2d3cf3000 	C:\Program Files\AdoptOpenJDK\jdk-11.0.11.9-hotspot\bin\api-ms-win-core-interlocked-l1-1-0.dll
0x000001b2d3d00000 - 0x000001b2d3d03000 	C:\Program Files\AdoptOpenJDK\jdk-11.0.11.9-hotspot\bin\api-ms-win-core-libraryloader-l1-1-0.dll
0x000001b2d3d10000 - 0x000001b2d3d13000 	C:\Program Files\AdoptOpenJDK\jdk-11.0.11.9-hotspot\bin\api-ms-win-core-localization-l1-2-0.dll
0x000001b2d3d20000 - 0x000001b2d3d23000 	C:\Program Files\AdoptOpenJDK\jdk-11.0.11.9-hotspot\bin\api-ms-win-core-memory-l1-1-0.dll
0x000001b2d3d30000 - 0x000001b2d3d33000 	C:\Program Files\AdoptOpenJDK\jdk-11.0.11.9-hotspot\bin\api-ms-win-core-namedpipe-l1-1-0.dll
0x000001b2d3d40000 - 0x000001b2d3d43000 	C:\Program Files\AdoptOpenJDK\jdk-11.0.11.9-hotspot\bin\api-ms-win-core-processenvironment-l1-1-0.dll
0x000001b2d3d50000 - 0x000001b2d3d53000 	C:\Program Files\AdoptOpenJDK\jdk-11.0.11.9-hotspot\bin\api-ms-win-core-processthreads-l1-1-0.dll
0x000001b2d3d60000 - 0x000001b2d3d63000 	C:\Program Files\AdoptOpenJDK\jdk-11.0.11.9-hotspot\bin\api-ms-win-core-processthreads-l1-1-1.dll
0x000001b2d3d70000 - 0x000001b2d3d73000 	C:\Program Files\AdoptOpenJDK\jdk-11.0.11.9-hotspot\bin\api-ms-win-core-profile-l1-1-0.dll
0x000001b2d3d80000 - 0x000001b2d3d83000 	C:\Program Files\AdoptOpenJDK\jdk-11.0.11.9-hotspot\bin\api-ms-win-core-rtlsupport-l1-1-0.dll
0x000001b2d3d90000 - 0x000001b2d3d93000 	C:\Program Files\AdoptOpenJDK\jdk-11.0.11.9-hotspot\bin\api-ms-win-core-string-l1-1-0.dll
0x000001b2d3da0000 - 0x000001b2d3da3000 	C:\Program Files\AdoptOpenJDK\jdk-11.0.11.9-hotspot\bin\api-ms-win-core-synch-l1-1-0.dll
0x000001b2d3db0000 - 0x000001b2d3db3000 	C:\Program Files\AdoptOpenJDK\jdk-11.0.11.9-hotspot\bin\api-ms-win-core-synch-l1-2-0.dll
0x000001b2d3dc0000 - 0x000001b2d3dc3000 	C:\Program Files\AdoptOpenJDK\jdk-11.0.11.9-hotspot\bin\api-ms-win-core-sysinfo-l1-1-0.dll
0x000001b2d3dd0000 - 0x000001b2d3dd3000 	C:\Program Files\AdoptOpenJDK\jdk-11.0.11.9-hotspot\bin\api-ms-win-core-timezone-l1-1-0.dll
0x000001b2d3de0000 - 0x000001b2d3de3000 	C:\Program Files\AdoptOpenJDK\jdk-11.0.11.9-hotspot\bin\api-ms-win-core-util-l1-1-0.dll
0x000001b2d3df0000 - 0x000001b2d3df3000 	C:\Program Files\AdoptOpenJDK\jdk-11.0.11.9-hotspot\bin\api-ms-win-crt-conio-l1-1-0.dll
0x000001b2d3e00000 - 0x000001b2d3e04000 	C:\Program Files\AdoptOpenJDK\jdk-11.0.11.9-hotspot\bin\api-ms-win-crt-convert-l1-1-0.dll
0x000001b2d3e10000 - 0x000001b2d3e13000 	C:\Program Files\AdoptOpenJDK\jdk-11.0.11.9-hotspot\bin\api-ms-win-crt-environment-l1-1-0.dll
0x000001b2d3e20000 - 0x000001b2d3e23000 	C:\Program Files\AdoptOpenJDK\jdk-11.0.11.9-hotspot\bin\api-ms-win-crt-filesystem-l1-1-0.dll
0x000001b2d3e30000 - 0x000001b2d3e33000 	C:\Program Files\AdoptOpenJDK\jdk-11.0.11.9-hotspot\bin\api-ms-win-crt-heap-l1-1-0.dll
0x000001b2d3e40000 - 0x000001b2d3e43000 	C:\Program Files\AdoptOpenJDK\jdk-11.0.11.9-hotspot\bin\api-ms-win-crt-locale-l1-1-0.dll
0x000001b2d3e50000 - 0x000001b2d3e55000 	C:\Program Files\AdoptOpenJDK\jdk-11.0.11.9-hotspot\bin\api-ms-win-crt-math-l1-1-0.dll
0x000001b2d3e60000 - 0x000001b2d3e65000 	C:\Program Files\AdoptOpenJDK\jdk-11.0.11.9-hotspot\bin\api-ms-win-crt-multibyte-l1-1-0.dll
0x000001b2d3e70000 - 0x000001b2d3e80000 	C:\Program Files\AdoptOpenJDK\jdk-11.0.11.9-hotspot\bin\api-ms-win-crt-private-l1-1-0.dll
0x000001b2d3e80000 - 0x000001b2d3e83000 	C:\Program Files\AdoptOpenJDK\jdk-11.0.11.9-hotspot\bin\api-ms-win-crt-process-l1-1-0.dll
0x000001b2d3e90000 - 0x000001b2d3e94000 	C:\Program Files\AdoptOpenJDK\jdk-11.0.11.9-hotspot\bin\api-ms-win-crt-runtime-l1-1-0.dll
0x000001b2d3ea0000 - 0x000001b2d3ea4000 	C:\Program Files\AdoptOpenJDK\jdk-11.0.11.9-hotspot\bin\api-ms-win-crt-stdio-l1-1-0.dll
0x000001b2d3eb0000 - 0x000001b2d3eb4000 	C:\Program Files\AdoptOpenJDK\jdk-11.0.11.9-hotspot\bin\api-ms-win-crt-string-l1-1-0.dll
0x000001b2d3ec0000 - 0x000001b2d3ec3000 	C:\Program Files\AdoptOpenJDK\jdk-11.0.11.9-hotspot\bin\api-ms-win-crt-time-l1-1-0.dll
0x000001b2d3ed0000 - 0x000001b2d3ed3000 	C:\Program Files\AdoptOpenJDK\jdk-11.0.11.9-hotspot\bin\api-ms-win-crt-utility-l1-1-0.dll
0x00007ffda1950000 - 0x00007ffda1a4a000 	C:\Program Files\AdoptOpenJDK\jdk-11.0.11.9-hotspot\bin\ucrtbase.dll
0x00007ffdcc970000 - 0x00007ffdcc9bd000 	C:\Windows\System32\concrt140.dll
0x00007ffdfe6e0000 - 0x00007ffdfe6ec000 	C:\Windows\SYSTEM32\VCRUNTIME140_1.dll
0x00007ffde2850000 - 0x00007ffde286c000 	C:\Users\pece\.openjfx\cache\11.0.2\prism_sw.dll
0x00007ffd58a60000 - 0x00007ffd5c810000 	C:\Users\pece\.openjfx\cache\11.0.2\jfxwebkit.dll
0x00007ffe0d240000 - 0x00007ffe0d2de000 	C:\Windows\system32\uxtheme.dll
0x00007ffde2600000 - 0x00007ffde2614000 	C:\Users\pece\.openjfx\cache\11.0.2\javafx_font.dll
0x00007ffe12520000 - 0x00007ffe1264a000 	C:\Windows\System32\ole32.dll
0x00007ffdfa780000 - 0x00007ffdfa9ff000 	C:\Windows\SYSTEM32\dwrite.dll
0x00007ffe09110000 - 0x00007ffe0911a000 	C:\Windows\System32\rasadhlp.dll
0x00007ffe09b10000 - 0x00007ffe09b8f000 	C:\Windows\System32\fwpuclnt.dll
0x00007ffdd2b80000 - 0x00007ffdd2b98000 	C:\Users\pece\.openjfx\cache\11.0.2\decora_sse.dll
0x00007ffe12100000 - 0x00007ffe121a9000 	C:\Windows\System32\clbcatq.dll

dbghelp: loaded successfully - version: 4.0.5 - missing functions: none
symbol engine: initialized successfully - sym options: 0x614 - pdb path: .;C:\Program Files\AdoptOpenJDK\jdk-11.0.11.9-hotspot\bin;C:\Windows\SYSTEM32;C:\Windows\WinSxS\amd64_microsoft.windows.common-controls_6595b64144ccf1df_6.0.19041.844_none_ca00b6081b84eb1d;C:\Program Files\AdoptOpenJDK\jdk-11.0.11.9-hotspot\bin\server;C:\Users\pece\.openjfx\cache\11.0.2

VM Arguments:
jvm_args: -Djava.io.tmpdir=C:\Users\pece\AppData\Local\Temp\jbd_tmp_16313764760200445538 -Djava.rmi.server.hostname=127.0.0.1 
java_command: com.machinepublishers.jbrowserdriver.JBrowserDriverServer -1 -2 -3
java_class_path (initial): C:\Users\pece\AppData\Local\Temp\jbd_classpath_10689542402809286611\classpath-unpacked.jar
Launcher Type: SUN_STANDARD

[Global flags]
     intx CICompilerCount                          = 4                                         {product} {ergonomic}
     uint ConcGCThreads                            = 3                                         {product} {ergonomic}
     uint G1ConcRefinementThreads                  = 10                                        {product} {ergonomic}
   size_t G1HeapRegionSize                         = 1048576                                   {product} {ergonomic}
    uintx GCDrainStackTargetSize                   = 64                                        {product} {ergonomic}
   size_t InitialHeapSize                          = 266338304                                 {product} {ergonomic}
   size_t MarkStackSize                            = 4194304                                   {product} {ergonomic}
   size_t MaxHeapSize                              = 4229955584                                {product} {ergonomic}
   size_t MaxNewSize                               = 2537553920                                {product} {ergonomic}
   size_t MinHeapDeltaBytes                        = 1048576                                   {product} {ergonomic}
    uintx NonNMethodCodeHeapSize                   = 5836300                                {pd product} {ergonomic}
    uintx NonProfiledCodeHeapSize                  = 122910970                              {pd product} {ergonomic}
    uintx ProfiledCodeHeapSize                     = 122910970                              {pd product} {ergonomic}
    uintx ReservedCodeCacheSize                    = 251658240                              {pd product} {ergonomic}
     bool SegmentedCodeCache                       = true                                      {product} {ergonomic}
     bool UseCompressedClassPointers               = true                                 {lp64_product} {ergonomic}
     bool UseCompressedOops                        = true                                 {lp64_product} {ergonomic}
     bool UseG1GC                                  = true                                      {product} {ergonomic}
     bool UseLargePagesIndividualAllocation        = false                                  {pd product} {ergonomic}

Logging:
Log output configuration:
 #0: stdout all=warning uptime,level,tags
 #1: stderr all=off uptime,level,tags

Environment Variables:
PATH=C:\Program Files\AdoptOpenJDK\jdk-11.0.11.9-hotspot\bin;C:\Windows\system32;C:\Windows;C:\Windows\System32\Wbem;C:\Windows\System32\WindowsPowerShell\v1.0\;C:\Windows\System32\OpenSSH\;C:\Program Files (x86)\NVIDIA Corporation\PhysX\Common;C:\Program Files\NVIDIA Corporation\NVIDIA NvDLISR;C:\Program Files\dotnet\;C:\Program Files\PuTTY\;C:\Users\pece\AppData\Local\Microsoft\WindowsApps;C:\Users\pece\AppData\Local\Programs\Git\cmd
USERNAME=pece
OS=Windows_NT
PROCESSOR_IDENTIFIER=Intel64 Family 6 Model 165 Stepping 2, GenuineIntel



---------------  S Y S T E M  ---------------

OS: Windows 10 , 64 bit Build 19041 (10.0.19041.928)
OS uptime: 3 days 0:00 hours

CPU:total 12 (initial active 12) (6 cores per cpu, 2 threads per core) family 6 model 165 stepping 2 microcode 0xe2, cmov, cx8, fxsr, mmx, sse, sse2, sse3, ssse3, sse4.1, sse4.2, popcnt, avx, avx2, aes, clmul, erms, 3dnowpref, lzcnt, ht, tsc, tscinvbit, bmi1, bmi2, adx, fma

Memory: 4k page, system-wide physical 16129M (2036M free)
TotalPageFile size 28220M (AvailPageFile size 2971M)
current process WorkingSet (physical memory assigned to process): 501M, peak: 501M
current process commit charge ("private bytes"): 621M, peak: 621M

vm_info: OpenJDK 64-Bit Server VM (11.0.11+9) for windows-amd64 JRE (11.0.11+9), built on Apr 20 2021 21:22:09 by "" with MS VC++ 15.9 (VS2017)

END.
